{"$message_type":"diagnostic","message":"unresolved imports `genome::Chromosome`, `genome::Gene`","code":{"code":"E0432","explanation":"An import was unresolved.\n\nErroneous code example:\n\n```compile_fail,E0432\nuse something::Foo; // error: unresolved import `something::Foo`.\n```\n\nIn Rust 2015, paths in `use` statements are relative to the crate root. To\nimport items relative to the current and parent modules, use the `self::` and\n`super::` prefixes, respectively.\n\nIn Rust 2018 or later, paths in `use` statements are relative to the current\nmodule unless they begin with the name of a crate or a literal `crate::`, in\nwhich case they start from the crate root. As in Rust 2015 code, the `self::`\nand `super::` prefixes refer to the current and parent modules respectively.\n\nAlso verify that you didn't misspell the import name and that the import exists\nin the module from where you tried to import it. Example:\n\n```\nuse self::something::Foo; // Ok.\n\nmod something {\n    pub struct Foo;\n}\n# fn main() {}\n```\n\nIf you tried to use a module from an external crate and are using Rust 2015,\nyou may have missed the `extern crate` declaration (which is usually placed in\nthe crate root):\n\n```edition2015\nextern crate core; // Required to use the `core` crate in Rust 2015.\n\nuse core::any;\n# fn main() {}\n```\n\nSince Rust 2018 the `extern crate` declaration is not required and\nyou can instead just `use` it:\n\n```edition2018\nuse core::any; // No extern crate required in Rust 2018.\n# fn main() {}\n```\n"},"level":"error","spans":[{"file_name":"crates/genetics/src/lib.rs","byte_start":1313,"byte_end":1323,"line_start":43,"line_end":43,"column_start":26,"column_end":36,"is_primary":true,"text":[{"text":"pub use genome::{Genome, Chromosome, Gene, Locus, Allele};","highlight_start":26,"highlight_end":36}],"label":"no `Chromosome` in `genome`","suggested_replacement":null,"suggestion_applicability":null,"expansion":null},{"file_name":"crates/genetics/src/lib.rs","byte_start":1325,"byte_end":1329,"line_start":43,"line_end":43,"column_start":38,"column_end":42,"is_primary":true,"text":[{"text":"pub use genome::{Genome, Chromosome, Gene, Locus, Allele};","highlight_start":38,"highlight_end":42}],"label":"no `Gene` in `genome`","suggested_replacement":null,"suggestion_applicability":null,"expansion":null}],"children":[],"rendered":"\u001b[1m\u001b[91merror[E0432]\u001b[0m\u001b[1m: unresolved imports `genome::Chromosome`, `genome::Gene`\u001b[0m\n  \u001b[1m\u001b[94m--> \u001b[0mcrates/genetics/src/lib.rs:43:26\n   \u001b[1m\u001b[94m|\u001b[0m\n\u001b[1m\u001b[94m43\u001b[0m \u001b[1m\u001b[94m|\u001b[0m pub use genome::{Genome, Chromosome, Gene, Locus, Allele};\n   \u001b[1m\u001b[94m|\u001b[0m                          \u001b[1m\u001b[91m^^^^^^^^^^\u001b[0m  \u001b[1m\u001b[91m^^^^\u001b[0m \u001b[1m\u001b[91mno `Gene` in `genome`\u001b[0m\n   \u001b[1m\u001b[94m|\u001b[0m                          \u001b[1m\u001b[91m|\u001b[0m\n   \u001b[1m\u001b[94m|\u001b[0m                          \u001b[1m\u001b[91mno `Chromosome` in `genome`\u001b[0m\n\n"}
{"$message_type":"diagnostic","message":"unresolved import `lineage::GenerationIndex`","code":{"code":"E0432","explanation":"An import was unresolved.\n\nErroneous code example:\n\n```compile_fail,E0432\nuse something::Foo; // error: unresolved import `something::Foo`.\n```\n\nIn Rust 2015, paths in `use` statements are relative to the crate root. To\nimport items relative to the current and parent modules, use the `self::` and\n`super::` prefixes, respectively.\n\nIn Rust 2018 or later, paths in `use` statements are relative to the current\nmodule unless they begin with the name of a crate or a literal `crate::`, in\nwhich case they start from the crate root. As in Rust 2015 code, the `self::`\nand `super::` prefixes refer to the current and parent modules respectively.\n\nAlso verify that you didn't misspell the import name and that the import exists\nin the module from where you tried to import it. Example:\n\n```\nuse self::something::Foo; // Ok.\n\nmod something {\n    pub struct Foo;\n}\n# fn main() {}\n```\n\nIf you tried to use a module from an external crate and are using Rust 2015,\nyou may have missed the `extern crate` declaration (which is usually placed in\nthe crate root):\n\n```edition2015\nextern crate core; // Required to use the `core` crate in Rust 2015.\n\nuse core::any;\n# fn main() {}\n```\n\nSince Rust 2018 the `extern crate` declaration is not required and\nyou can instead just `use` it:\n\n```edition2018\nuse core::any; // No extern crate required in Rust 2018.\n# fn main() {}\n```\n"},"level":"error","spans":[{"file_name":"crates/genetics/src/lib.rs","byte_start":1540,"byte_end":1555,"line_start":46,"line_end":46,"column_start":35,"column_end":50,"is_primary":true,"text":[{"text":"pub use lineage::{LineageTracker, GenerationIndex, AgentLineage};","highlight_start":35,"highlight_end":50}],"label":"no `GenerationIndex` in `lineage`","suggested_replacement":null,"suggestion_applicability":null,"expansion":null}],"children":[],"rendered":"\u001b[1m\u001b[91merror[E0432]\u001b[0m\u001b[1m: unresolved import `lineage::GenerationIndex`\u001b[0m\n  \u001b[1m\u001b[94m--> \u001b[0mcrates/genetics/src/lib.rs:46:35\n   \u001b[1m\u001b[94m|\u001b[0m\n\u001b[1m\u001b[94m46\u001b[0m \u001b[1m\u001b[94m|\u001b[0m pub use lineage::{LineageTracker, GenerationIndex, AgentLineage};\n   \u001b[1m\u001b[94m|\u001b[0m                                   \u001b[1m\u001b[91m^^^^^^^^^^^^^^^\u001b[0m \u001b[1m\u001b[91mno `GenerationIndex` in `lineage`\u001b[0m\n\n"}
{"$message_type":"diagnostic","message":"cannot find value `all_locus` in this scope","code":{"code":"E0425","explanation":"An unresolved name was used.\n\nErroneous code examples:\n\n```compile_fail,E0425\nsomething_that_doesnt_exist::foo;\n// error: unresolved name `something_that_doesnt_exist::foo`\n\n// or:\n\ntrait Foo {\n    fn bar() {\n        Self; // error: unresolved name `Self`\n    }\n}\n\n// or:\n\nlet x = unknown_variable;  // error: unresolved name `unknown_variable`\n```\n\nPlease verify that the name wasn't misspelled and ensure that the\nidentifier being referred to is valid for the given situation. Example:\n\n```\nenum something_that_does_exist {\n    Foo,\n}\n```\n\nOr:\n\n```\nmod something_that_does_exist {\n    pub static foo : i32 = 0i32;\n}\n\nsomething_that_does_exist::foo; // ok!\n```\n\nOr:\n\n```\nlet unknown_variable = 12u32;\nlet x = unknown_variable; // ok!\n```\n\nIf the item is not defined in the current module, it must be imported using a\n`use` statement, like so:\n\n```\n# mod foo { pub fn bar() {} }\n# fn main() {\nuse foo::bar;\nbar();\n# }\n```\n\nIf the item you are importing is not defined in some super-module of the\ncurrent module, then it must also be declared as public (e.g., `pub fn`).\n"},"level":"error","spans":[{"file_name":"crates/genetics/src/mutation.rs","byte_start":10613,"byte_end":10622,"line_start":312,"line_end":312,"column_start":30,"column_end":39,"is_primary":true,"text":[{"text":"        let selected_locus = all_locus.get(locus_index);","highlight_start":30,"highlight_end":39}],"label":null,"suggested_replacement":null,"suggestion_applicability":null,"expansion":null}],"children":[{"message":"a local variable with a similar name exists","code":null,"level":"help","spans":[{"file_name":"crates/genetics/src/mutation.rs","byte_start":10613,"byte_end":10622,"line_start":312,"line_end":312,"column_start":30,"column_end":39,"is_primary":true,"text":[{"text":"        let selected_locus = all_locus.get(locus_index);","highlight_start":30,"highlight_end":39}],"label":null,"suggested_replacement":"all_loci","suggestion_applicability":"MaybeIncorrect","expansion":null}],"children":[],"rendered":null}],"rendered":"\u001b[1m\u001b[91merror[E0425]\u001b[0m\u001b[1m: cannot find value `all_locus` in this scope\u001b[0m\n   \u001b[1m\u001b[94m--> \u001b[0mcrates/genetics/src/mutation.rs:312:30\n    \u001b[1m\u001b[94m|\u001b[0m\n\u001b[1m\u001b[94m312\u001b[0m \u001b[1m\u001b[94m|\u001b[0m         let selected_locus = all_locus.get(locus_index);\n    \u001b[1m\u001b[94m|\u001b[0m                              \u001b[1m\u001b[91m^^^^^^^^^\u001b[0m \u001b[1m\u001b[91mhelp: a local variable with a similar name exists: `all_loci`\u001b[0m\n\n"}
{"$message_type":"diagnostic","message":"cannot find value `mutations_per_generation` in this scope","code":{"code":"E0425","explanation":"An unresolved name was used.\n\nErroneous code examples:\n\n```compile_fail,E0425\nsomething_that_doesnt_exist::foo;\n// error: unresolved name `something_that_doesnt_exist::foo`\n\n// or:\n\ntrait Foo {\n    fn bar() {\n        Self; // error: unresolved name `Self`\n    }\n}\n\n// or:\n\nlet x = unknown_variable;  // error: unresolved name `unknown_variable`\n```\n\nPlease verify that the name wasn't misspelled and ensure that the\nidentifier being referred to is valid for the given situation. Example:\n\n```\nenum something_that_does_exist {\n    Foo,\n}\n```\n\nOr:\n\n```\nmod something_that_does_exist {\n    pub static foo : i32 = 0i32;\n}\n\nsomething_that_does_exist::foo; // ok!\n```\n\nOr:\n\n```\nlet unknown_variable = 12u32;\nlet x = unknown_variable; // ok!\n```\n\nIf the item is not defined in the current module, it must be imported using a\n`use` statement, like so:\n\n```\n# mod foo { pub fn bar() {} }\n# fn main() {\nuse foo::bar;\nbar();\n# }\n```\n\nIf the item you are importing is not defined in some super-module of the\ncurrent module, then it must also be declared as public (e.g., `pub fn`).\n"},"level":"error","spans":[{"file_name":"crates/genetics/src/mutation.rs","byte_start":17727,"byte_end":17751,"line_start":506,"line_end":506,"column_start":13,"column_end":37,"is_primary":true,"text":[{"text":"            mutations_per_generation,","highlight_start":13,"highlight_end":37}],"label":"not found in this scope","suggested_replacement":null,"suggestion_applicability":null,"expansion":null}],"children":[],"rendered":"\u001b[1m\u001b[91merror[E0425]\u001b[0m\u001b[1m: cannot find value `mutations_per_generation` in this scope\u001b[0m\n   \u001b[1m\u001b[94m--> \u001b[0mcrates/genetics/src/mutation.rs:506:13\n    \u001b[1m\u001b[94m|\u001b[0m\n\u001b[1m\u001b[94m506\u001b[0m \u001b[1m\u001b[94m|\u001b[0m             mutations_per_generation,\n    \u001b[1m\u001b[94m|\u001b[0m             \u001b[1m\u001b[91m^^^^^^^^^^^^^^^^^^^^^^^^\u001b[0m \u001b[1m\u001b[91mnot found in this scope\u001b[0m\n\n"}
{"$message_type":"diagnostic","message":"enum import `Dominance` is private","code":{"code":"E0603","explanation":"A private item was used outside its scope.\n\nErroneous code example:\n\n```compile_fail,E0603\nmod foo {\n    const PRIVATE: u32 = 0x_a_bad_1dea_u32; // This const is private, so we\n                                            // can't use it outside of the\n                                            // `foo` module.\n}\n\nprintln!(\"const value: {}\", foo::PRIVATE); // error: constant `PRIVATE`\n                                                  //        is private\n```\n\nIn order to fix this error, you need to make the item public by using the `pub`\nkeyword. Example:\n\n```\nmod foo {\n    pub const PRIVATE: u32 = 0x_a_bad_1dea_u32; // We set it public by using the\n                                                // `pub` keyword.\n}\n\nprintln!(\"const value: {}\", foo::PRIVATE); // ok!\n```\n"},"level":"error","spans":[{"file_name":"crates/genetics/src/lib.rs","byte_start":1411,"byte_end":1420,"line_start":44,"line_end":44,"column_start":65,"column_end":74,"is_primary":true,"text":[{"text":"pub use inheritance::{MendelianInheritance, InheritancePattern, Dominance};","highlight_start":65,"highlight_end":74}],"label":"private enum import","suggested_replacement":null,"suggestion_applicability":null,"expansion":null}],"children":[{"message":"the enum import `Dominance` is defined here...","code":null,"level":"note","spans":[{"file_name":"crates/genetics/src/inheritance.rs","byte_start":832,"byte_end":841,"line_start":23,"line_end":23,"column_start":60,"column_end":69,"is_primary":true,"text":[{"text":"use super::genome::{Genome, ChromosomeType, Locus, Allele, Dominance};","highlight_start":60,"highlight_end":69}],"label":null,"suggested_replacement":null,"suggestion_applicability":null,"expansion":null}],"children":[],"rendered":null},{"message":"...and refers to the enum `Dominance` which is defined here","code":null,"level":"note","spans":[{"file_name":"crates/genetics/src/genome.rs","byte_start":9041,"byte_end":9059,"line_start":259,"line_end":259,"column_start":1,"column_end":19,"is_primary":true,"text":[{"text":"pub enum Dominance {","highlight_start":1,"highlight_end":19}],"label":"you could import this directly","suggested_replacement":null,"suggestion_applicability":null,"expansion":null}],"children":[],"rendered":null},{"message":"import `Dominance` directly","code":null,"level":"help","spans":[{"file_name":"crates/genetics/src/lib.rs","byte_start":1411,"byte_end":1420,"line_start":44,"line_end":44,"column_start":65,"column_end":74,"is_primary":true,"text":[{"text":"pub use inheritance::{MendelianInheritance, InheritancePattern, Dominance};","highlight_start":65,"highlight_end":74}],"label":null,"suggested_replacement":"genome::Dominance","suggestion_applicability":"MachineApplicable","expansion":null}],"children":[],"rendered":null}],"rendered":"\u001b[1m\u001b[91merror[E0603]\u001b[0m\u001b[1m: enum import `Dominance` is private\u001b[0m\n   \u001b[1m\u001b[94m--> \u001b[0mcrates/genetics/src/lib.rs:44:65\n    \u001b[1m\u001b[94m|\u001b[0m\n \u001b[1m\u001b[94m44\u001b[0m \u001b[1m\u001b[94m|\u001b[0m pub use inheritance::{MendelianInheritance, InheritancePattern, Dominance};\n    \u001b[1m\u001b[94m|\u001b[0m                                                                 \u001b[1m\u001b[91m^^^^^^^^^\u001b[0m \u001b[1m\u001b[91mprivate enum import\u001b[0m\n    \u001b[1m\u001b[94m|\u001b[0m\n\u001b[1m\u001b[92mnote\u001b[0m: the enum import `Dominance` is defined here...\n   \u001b[1m\u001b[94m--> \u001b[0mcrates/genetics/src/inheritance.rs:23:60\n    \u001b[1m\u001b[94m|\u001b[0m\n \u001b[1m\u001b[94m23\u001b[0m \u001b[1m\u001b[94m|\u001b[0m use super::genome::{Genome, ChromosomeType, Locus, Allele, Dominance};\n    \u001b[1m\u001b[94m|\u001b[0m                                                            \u001b[1m\u001b[92m^^^^^^^^^\u001b[0m\n\u001b[1m\u001b[92mnote\u001b[0m: ...and refers to the enum `Dominance` which is defined here\n   \u001b[1m\u001b[94m--> \u001b[0mcrates/genetics/src/genome.rs:259:1\n    \u001b[1m\u001b[94m|\u001b[0m\n\u001b[1m\u001b[94m259\u001b[0m \u001b[1m\u001b[94m|\u001b[0m pub enum Dominance {\n    \u001b[1m\u001b[94m|\u001b[0m \u001b[1m\u001b[92m^^^^^^^^^^^^^^^^^^\u001b[0m \u001b[1m\u001b[92myou could import this directly\u001b[0m\n\u001b[1m\u001b[96mhelp\u001b[0m: import `Dominance` directly\n    \u001b[1m\u001b[94m|\u001b[0m\n \u001b[1m\u001b[94m44\u001b[0m \u001b[1m\u001b[94m| \u001b[0mpub use inheritance::{MendelianInheritance, InheritancePattern, \u001b[92mgenome::\u001b[0mDominance};\n    \u001b[1m\u001b[94m|\u001b[0m                                                                 \u001b[92m++++++++\u001b[0m\n\n"}
{"$message_type":"diagnostic","message":"enum import `MutationType` is private","code":{"code":"E0603","explanation":"A private item was used outside its scope.\n\nErroneous code example:\n\n```compile_fail,E0603\nmod foo {\n    const PRIVATE: u32 = 0x_a_bad_1dea_u32; // This const is private, so we\n                                            // can't use it outside of the\n                                            // `foo` module.\n}\n\nprintln!(\"const value: {}\", foo::PRIVATE); // error: constant `PRIVATE`\n                                                  //        is private\n```\n\nIn order to fix this error, you need to make the item public by using the `pub`\nkeyword. Example:\n\n```\nmod foo {\n    pub const PRIVATE: u32 = 0x_a_bad_1dea_u32; // We set it public by using the\n                                                // `pub` keyword.\n}\n\nprintln!(\"const value: {}\", foo::PRIVATE); // ok!\n```\n"},"level":"error","spans":[{"file_name":"crates/genetics/src/lib.rs","byte_start":1622,"byte_end":1634,"line_start":47,"line_end":47,"column_start":51,"column_end":63,"is_primary":true,"text":[{"text":"pub use mutation::{MutationSystem, MutationEvent, MutationType};","highlight_start":51,"highlight_end":63}],"label":"private enum import","suggested_replacement":null,"suggestion_applicability":null,"expansion":null}],"children":[{"message":"the enum import `MutationType` is defined here...","code":null,"level":"note","spans":[{"file_name":"crates/genetics/src/mutation.rs","byte_start":737,"byte_end":749,"line_start":23,"line_end":23,"column_start":60,"column_end":72,"is_primary":true,"text":[{"text":"use super::genome::{Genome, ChromosomeType, Locus, Allele, MutationType, Dominance};","highlight_start":60,"highlight_end":72}],"label":null,"suggested_replacement":null,"suggestion_applicability":null,"expansion":null}],"children":[],"rendered":null},{"message":"...and refers to the enum `MutationType` which is defined here","code":null,"level":"note","spans":[{"file_name":"crates/genetics/src/genome.rs","byte_start":17410,"byte_end":17431,"line_start":496,"line_end":496,"column_start":1,"column_end":22,"is_primary":true,"text":[{"text":"pub enum MutationType {","highlight_start":1,"highlight_end":22}],"label":"you could import this directly","suggested_replacement":null,"suggestion_applicability":null,"expansion":null}],"children":[],"rendered":null},{"message":"import `MutationType` directly","code":null,"level":"help","spans":[{"file_name":"crates/genetics/src/lib.rs","byte_start":1622,"byte_end":1634,"line_start":47,"line_end":47,"column_start":51,"column_end":63,"is_primary":true,"text":[{"text":"pub use mutation::{MutationSystem, MutationEvent, MutationType};","highlight_start":51,"highlight_end":63}],"label":null,"suggested_replacement":"genome::MutationType","suggestion_applicability":"MachineApplicable","expansion":null}],"children":[],"rendered":null}],"rendered":"\u001b[1m\u001b[91merror[E0603]\u001b[0m\u001b[1m: enum import `MutationType` is private\u001b[0m\n   \u001b[1m\u001b[94m--> \u001b[0mcrates/genetics/src/lib.rs:47:51\n    \u001b[1m\u001b[94m|\u001b[0m\n \u001b[1m\u001b[94m47\u001b[0m \u001b[1m\u001b[94m|\u001b[0m pub use mutation::{MutationSystem, MutationEvent, MutationType};\n    \u001b[1m\u001b[94m|\u001b[0m                                                   \u001b[1m\u001b[91m^^^^^^^^^^^^\u001b[0m \u001b[1m\u001b[91mprivate enum import\u001b[0m\n    \u001b[1m\u001b[94m|\u001b[0m\n\u001b[1m\u001b[92mnote\u001b[0m: the enum import `MutationType` is defined here...\n   \u001b[1m\u001b[94m--> \u001b[0mcrates/genetics/src/mutation.rs:23:60\n    \u001b[1m\u001b[94m|\u001b[0m\n \u001b[1m\u001b[94m23\u001b[0m \u001b[1m\u001b[94m|\u001b[0m use super::genome::{Genome, ChromosomeType, Locus, Allele, MutationType, Dominance};\n    \u001b[1m\u001b[94m|\u001b[0m                                                            \u001b[1m\u001b[92m^^^^^^^^^^^^\u001b[0m\n\u001b[1m\u001b[92mnote\u001b[0m: ...and refers to the enum `MutationType` which is defined here\n   \u001b[1m\u001b[94m--> \u001b[0mcrates/genetics/src/genome.rs:496:1\n    \u001b[1m\u001b[94m|\u001b[0m\n\u001b[1m\u001b[94m496\u001b[0m \u001b[1m\u001b[94m|\u001b[0m pub enum MutationType {\n    \u001b[1m\u001b[94m|\u001b[0m \u001b[1m\u001b[92m^^^^^^^^^^^^^^^^^^^^^\u001b[0m \u001b[1m\u001b[92myou could import this directly\u001b[0m\n\u001b[1m\u001b[96mhelp\u001b[0m: import `MutationType` directly\n    \u001b[1m\u001b[94m|\u001b[0m\n \u001b[1m\u001b[94m47\u001b[0m \u001b[1m\u001b[94m| \u001b[0mpub use mutation::{MutationSystem, MutationEvent, \u001b[92mgenome::\u001b[0mMutationType};\n    \u001b[1m\u001b[94m|\u001b[0m                                                   \u001b[92m++++++++\u001b[0m\n\n"}
{"$message_type":"diagnostic","message":"unused imports: `debug` and `trace`","code":{"code":"unused_imports","explanation":null},"level":"warning","spans":[{"file_name":"crates/genetics/src/genome.rs","byte_start":739,"byte_end":744,"line_start":22,"line_end":22,"column_start":15,"column_end":20,"is_primary":true,"text":[{"text":"use tracing::{debug, trace};","highlight_start":15,"highlight_end":20}],"label":null,"suggested_replacement":null,"suggestion_applicability":null,"expansion":null},{"file_name":"crates/genetics/src/genome.rs","byte_start":746,"byte_end":751,"line_start":22,"line_end":22,"column_start":22,"column_end":27,"is_primary":true,"text":[{"text":"use tracing::{debug, trace};","highlight_start":22,"highlight_end":27}],"label":null,"suggested_replacement":null,"suggestion_applicability":null,"expansion":null}],"children":[{"message":"`#[warn(unused_imports)]` (part of `#[warn(unused)]`) on by default","code":null,"level":"note","spans":[],"children":[],"rendered":null},{"message":"remove the whole `use` item","code":null,"level":"help","spans":[{"file_name":"crates/genetics/src/genome.rs","byte_start":725,"byte_end":754,"line_start":22,"line_end":23,"column_start":1,"column_end":1,"is_primary":true,"text":[{"text":"use tracing::{debug, trace};","highlight_start":1,"highlight_end":29},{"text":"","highlight_start":1,"highlight_end":1}],"label":null,"suggested_replacement":"","suggestion_applicability":"MachineApplicable","expansion":null}],"children":[],"rendered":null}],"rendered":"\u001b[1m\u001b[33mwarning\u001b[0m\u001b[1m: unused imports: `debug` and `trace`\u001b[0m\n  \u001b[1m\u001b[94m--> \u001b[0mcrates/genetics/src/genome.rs:22:15\n   \u001b[1m\u001b[94m|\u001b[0m\n\u001b[1m\u001b[94m22\u001b[0m \u001b[1m\u001b[94m|\u001b[0m use tracing::{debug, trace};\n   \u001b[1m\u001b[94m|\u001b[0m               \u001b[1m\u001b[33m^^^^^\u001b[0m  \u001b[1m\u001b[33m^^^^^\u001b[0m\n   \u001b[1m\u001b[94m|\u001b[0m\n   \u001b[1m\u001b[94m= \u001b[0m\u001b[1mnote\u001b[0m: `#[warn(unused_imports)]` (part of `#[warn(unused)]`) on by default\n\n"}
{"$message_type":"diagnostic","message":"unused imports: `debug` and `trace`","code":{"code":"unused_imports","explanation":null},"level":"warning","spans":[{"file_name":"crates/genetics/src/inheritance.rs","byte_start":758,"byte_end":763,"line_start":22,"line_end":22,"column_start":15,"column_end":20,"is_primary":true,"text":[{"text":"use tracing::{debug, trace};","highlight_start":15,"highlight_end":20}],"label":null,"suggested_replacement":null,"suggestion_applicability":null,"expansion":null},{"file_name":"crates/genetics/src/inheritance.rs","byte_start":765,"byte_end":770,"line_start":22,"line_end":22,"column_start":22,"column_end":27,"is_primary":true,"text":[{"text":"use tracing::{debug, trace};","highlight_start":22,"highlight_end":27}],"label":null,"suggested_replacement":null,"suggestion_applicability":null,"expansion":null}],"children":[{"message":"remove the whole `use` item","code":null,"level":"help","spans":[{"file_name":"crates/genetics/src/inheritance.rs","byte_start":744,"byte_end":773,"line_start":22,"line_end":23,"column_start":1,"column_end":1,"is_primary":true,"text":[{"text":"use tracing::{debug, trace};","highlight_start":1,"highlight_end":29},{"text":"use super::genome::{Genome, ChromosomeType, Locus, Allele, Dominance};","highlight_start":1,"highlight_end":1}],"label":null,"suggested_replacement":"","suggestion_applicability":"MachineApplicable","expansion":null}],"children":[],"rendered":null}],"rendered":"\u001b[1m\u001b[33mwarning\u001b[0m\u001b[1m: unused imports: `debug` and `trace`\u001b[0m\n  \u001b[1m\u001b[94m--> \u001b[0mcrates/genetics/src/inheritance.rs:22:15\n   \u001b[1m\u001b[94m|\u001b[0m\n\u001b[1m\u001b[94m22\u001b[0m \u001b[1m\u001b[94m|\u001b[0m use tracing::{debug, trace};\n   \u001b[1m\u001b[94m|\u001b[0m               \u001b[1m\u001b[33m^^^^^\u001b[0m  \u001b[1m\u001b[33m^^^^^\u001b[0m\n\n"}
{"$message_type":"diagnostic","message":"unused import: `trace`","code":{"code":"unused_imports","explanation":null},"level":"warning","spans":[{"file_name":"crates/genetics/src/reproduction.rs","byte_start":784,"byte_end":789,"line_start":22,"line_end":22,"column_start":22,"column_end":27,"is_primary":true,"text":[{"text":"use tracing::{debug, trace};","highlight_start":22,"highlight_end":27}],"label":null,"suggested_replacement":null,"suggestion_applicability":null,"expansion":null}],"children":[{"message":"remove the unused import","code":null,"level":"help","spans":[{"file_name":"crates/genetics/src/reproduction.rs","byte_start":782,"byte_end":789,"line_start":22,"line_end":22,"column_start":20,"column_end":27,"is_primary":true,"text":[{"text":"use tracing::{debug, trace};","highlight_start":20,"highlight_end":27}],"label":null,"suggested_replacement":"","suggestion_applicability":"MachineApplicable","expansion":null},{"file_name":"crates/genetics/src/reproduction.rs","byte_start":776,"byte_end":777,"line_start":22,"line_end":22,"column_start":14,"column_end":15,"is_primary":true,"text":[{"text":"use tracing::{debug, trace};","highlight_start":14,"highlight_end":15}],"label":null,"suggested_replacement":"","suggestion_applicability":"MachineApplicable","expansion":null},{"file_name":"crates/genetics/src/reproduction.rs","byte_start":789,"byte_end":790,"line_start":22,"line_end":22,"column_start":27,"column_end":28,"is_primary":true,"text":[{"text":"use tracing::{debug, trace};","highlight_start":27,"highlight_end":28}],"label":null,"suggested_replacement":"","suggestion_applicability":"MachineApplicable","expansion":null}],"children":[],"rendered":null}],"rendered":"\u001b[1m\u001b[33mwarning\u001b[0m\u001b[1m: unused import: `trace`\u001b[0m\n  \u001b[1m\u001b[94m--> \u001b[0mcrates/genetics/src/reproduction.rs:22:22\n   \u001b[1m\u001b[94m|\u001b[0m\n\u001b[1m\u001b[94m22\u001b[0m \u001b[1m\u001b[94m|\u001b[0m use tracing::{debug, trace};\n   \u001b[1m\u001b[94m|\u001b[0m                      \u001b[1m\u001b[33m^^^^^\u001b[0m\n\n"}
{"$message_type":"diagnostic","message":"unused imports: `Allele` and `Locus`","code":{"code":"unused_imports","explanation":null},"level":"warning","spans":[{"file_name":"crates/genetics/src/reproduction.rs","byte_start":836,"byte_end":841,"line_start":23,"line_end":23,"column_start":45,"column_end":50,"is_primary":true,"text":[{"text":"use super::genome::{Genome, ChromosomeType, Locus, Allele};","highlight_start":45,"highlight_end":50}],"label":null,"suggested_replacement":null,"suggestion_applicability":null,"expansion":null},{"file_name":"crates/genetics/src/reproduction.rs","byte_start":843,"byte_end":849,"line_start":23,"line_end":23,"column_start":52,"column_end":58,"is_primary":true,"text":[{"text":"use super::genome::{Genome, ChromosomeType, Locus, Allele};","highlight_start":52,"highlight_end":58}],"label":null,"suggested_replacement":null,"suggestion_applicability":null,"expansion":null}],"children":[{"message":"remove the unused imports","code":null,"level":"help","spans":[{"file_name":"crates/genetics/src/reproduction.rs","byte_start":834,"byte_end":849,"line_start":23,"line_end":23,"column_start":43,"column_end":58,"is_primary":true,"text":[{"text":"use super::genome::{Genome, ChromosomeType, Locus, Allele};","highlight_start":43,"highlight_end":58}],"label":null,"suggested_replacement":"","suggestion_applicability":"MachineApplicable","expansion":null}],"children":[],"rendered":null}],"rendered":"\u001b[1m\u001b[33mwarning\u001b[0m\u001b[1m: unused imports: `Allele` and `Locus`\u001b[0m\n  \u001b[1m\u001b[94m--> \u001b[0mcrates/genetics/src/reproduction.rs:23:45\n   \u001b[1m\u001b[94m|\u001b[0m\n\u001b[1m\u001b[94m23\u001b[0m \u001b[1m\u001b[94m|\u001b[0m use super::genome::{Genome, ChromosomeType, Locus, Allele};\n   \u001b[1m\u001b[94m|\u001b[0m                                             \u001b[1m\u001b[33m^^^^^\u001b[0m  \u001b[1m\u001b[33m^^^^^^\u001b[0m\n\n"}
{"$message_type":"diagnostic","message":"unused import: `AgentLineage`","code":{"code":"unused_imports","explanation":null},"level":"warning","spans":[{"file_name":"crates/genetics/src/reproduction.rs","byte_start":955,"byte_end":967,"line_start":25,"line_end":25,"column_start":38,"column_end":50,"is_primary":true,"text":[{"text":"use super::lineage::{LineageTracker, AgentLineage};","highlight_start":38,"highlight_end":50}],"label":null,"suggested_replacement":null,"suggestion_applicability":null,"expansion":null}],"children":[{"message":"remove the unused import","code":null,"level":"help","spans":[{"file_name":"crates/genetics/src/reproduction.rs","byte_start":953,"byte_end":967,"line_start":25,"line_end":25,"column_start":36,"column_end":50,"is_primary":true,"text":[{"text":"use super::lineage::{LineageTracker, AgentLineage};","highlight_start":36,"highlight_end":50}],"label":null,"suggested_replacement":"","suggestion_applicability":"MachineApplicable","expansion":null},{"file_name":"crates/genetics/src/reproduction.rs","byte_start":938,"byte_end":939,"line_start":25,"line_end":25,"column_start":21,"column_end":22,"is_primary":true,"text":[{"text":"use super::lineage::{LineageTracker, AgentLineage};","highlight_start":21,"highlight_end":22}],"label":null,"suggested_replacement":"","suggestion_applicability":"MachineApplicable","expansion":null},{"file_name":"crates/genetics/src/reproduction.rs","byte_start":967,"byte_end":968,"line_start":25,"line_end":25,"column_start":50,"column_end":51,"is_primary":true,"text":[{"text":"use super::lineage::{LineageTracker, AgentLineage};","highlight_start":50,"highlight_end":51}],"label":null,"suggested_replacement":"","suggestion_applicability":"MachineApplicable","expansion":null}],"children":[],"rendered":null}],"rendered":"\u001b[1m\u001b[33mwarning\u001b[0m\u001b[1m: unused import: `AgentLineage`\u001b[0m\n  \u001b[1m\u001b[94m--> \u001b[0mcrates/genetics/src/reproduction.rs:25:38\n   \u001b[1m\u001b[94m|\u001b[0m\n\u001b[1m\u001b[94m25\u001b[0m \u001b[1m\u001b[94m|\u001b[0m use super::lineage::{LineageTracker, AgentLineage};\n   \u001b[1m\u001b[94m|\u001b[0m                                      \u001b[1m\u001b[33m^^^^^^^^^^^^\u001b[0m\n\n"}
{"$message_type":"diagnostic","message":"unused import: `trace`","code":{"code":"unused_imports","explanation":null},"level":"warning","spans":[{"file_name":"crates/genetics/src/lineage.rs","byte_start":732,"byte_end":737,"line_start":22,"line_end":22,"column_start":22,"column_end":27,"is_primary":true,"text":[{"text":"use tracing::{debug, trace};","highlight_start":22,"highlight_end":27}],"label":null,"suggested_replacement":null,"suggestion_applicability":null,"expansion":null}],"children":[{"message":"remove the unused import","code":null,"level":"help","spans":[{"file_name":"crates/genetics/src/lineage.rs","byte_start":730,"byte_end":737,"line_start":22,"line_end":22,"column_start":20,"column_end":27,"is_primary":true,"text":[{"text":"use tracing::{debug, trace};","highlight_start":20,"highlight_end":27}],"label":null,"suggested_replacement":"","suggestion_applicability":"MachineApplicable","expansion":null},{"file_name":"crates/genetics/src/lineage.rs","byte_start":724,"byte_end":725,"line_start":22,"line_end":22,"column_start":14,"column_end":15,"is_primary":true,"text":[{"text":"use tracing::{debug, trace};","highlight_start":14,"highlight_end":15}],"label":null,"suggested_replacement":"","suggestion_applicability":"MachineApplicable","expansion":null},{"file_name":"crates/genetics/src/lineage.rs","byte_start":737,"byte_end":738,"line_start":22,"line_end":22,"column_start":27,"column_end":28,"is_primary":true,"text":[{"text":"use tracing::{debug, trace};","highlight_start":27,"highlight_end":28}],"label":null,"suggested_replacement":"","suggestion_applicability":"MachineApplicable","expansion":null}],"children":[],"rendered":null}],"rendered":"\u001b[1m\u001b[33mwarning\u001b[0m\u001b[1m: unused import: `trace`\u001b[0m\n  \u001b[1m\u001b[94m--> \u001b[0mcrates/genetics/src/lineage.rs:22:22\n   \u001b[1m\u001b[94m|\u001b[0m\n\u001b[1m\u001b[94m22\u001b[0m \u001b[1m\u001b[94m|\u001b[0m use tracing::{debug, trace};\n   \u001b[1m\u001b[94m|\u001b[0m                      \u001b[1m\u001b[33m^^^^^\u001b[0m\n\n"}
{"$message_type":"diagnostic","message":"unused import: `super::genome::Genome`","code":{"code":"unused_imports","explanation":null},"level":"warning","spans":[{"file_name":"crates/genetics/src/lineage.rs","byte_start":744,"byte_end":765,"line_start":23,"line_end":23,"column_start":5,"column_end":26,"is_primary":true,"text":[{"text":"use super::genome::Genome;","highlight_start":5,"highlight_end":26}],"label":null,"suggested_replacement":null,"suggestion_applicability":null,"expansion":null}],"children":[{"message":"remove the whole `use` item","code":null,"level":"help","spans":[{"file_name":"crates/genetics/src/lineage.rs","byte_start":740,"byte_end":767,"line_start":23,"line_end":24,"column_start":1,"column_end":1,"is_primary":true,"text":[{"text":"use super::genome::Genome;","highlight_start":1,"highlight_end":27},{"text":"","highlight_start":1,"highlight_end":1}],"label":null,"suggested_replacement":"","suggestion_applicability":"MachineApplicable","expansion":null}],"children":[],"rendered":null}],"rendered":"\u001b[1m\u001b[33mwarning\u001b[0m\u001b[1m: unused import: `super::genome::Genome`\u001b[0m\n  \u001b[1m\u001b[94m--> \u001b[0mcrates/genetics/src/lineage.rs:23:5\n   \u001b[1m\u001b[94m|\u001b[0m\n\u001b[1m\u001b[94m23\u001b[0m \u001b[1m\u001b[94m|\u001b[0m use super::genome::Genome;\n   \u001b[1m\u001b[94m|\u001b[0m     \u001b[1m\u001b[33m^^^^^^^^^^^^^^^^^^^^^\u001b[0m\n\n"}
{"$message_type":"diagnostic","message":"unused import: `trace`","code":{"code":"unused_imports","explanation":null},"level":"warning","spans":[{"file_name":"crates/genetics/src/mutation.rs","byte_start":670,"byte_end":675,"line_start":22,"line_end":22,"column_start":22,"column_end":27,"is_primary":true,"text":[{"text":"use tracing::{debug, trace};","highlight_start":22,"highlight_end":27}],"label":null,"suggested_replacement":null,"suggestion_applicability":null,"expansion":null}],"children":[{"message":"remove the unused import","code":null,"level":"help","spans":[{"file_name":"crates/genetics/src/mutation.rs","byte_start":668,"byte_end":675,"line_start":22,"line_end":22,"column_start":20,"column_end":27,"is_primary":true,"text":[{"text":"use tracing::{debug, trace};","highlight_start":20,"highlight_end":27}],"label":null,"suggested_replacement":"","suggestion_applicability":"MachineApplicable","expansion":null},{"file_name":"crates/genetics/src/mutation.rs","byte_start":662,"byte_end":663,"line_start":22,"line_end":22,"column_start":14,"column_end":15,"is_primary":true,"text":[{"text":"use tracing::{debug, trace};","highlight_start":14,"highlight_end":15}],"label":null,"suggested_replacement":"","suggestion_applicability":"MachineApplicable","expansion":null},{"file_name":"crates/genetics/src/mutation.rs","byte_start":675,"byte_end":676,"line_start":22,"line_end":22,"column_start":27,"column_end":28,"is_primary":true,"text":[{"text":"use tracing::{debug, trace};","highlight_start":27,"highlight_end":28}],"label":null,"suggested_replacement":"","suggestion_applicability":"MachineApplicable","expansion":null}],"children":[],"rendered":null}],"rendered":"\u001b[1m\u001b[33mwarning\u001b[0m\u001b[1m: unused import: `trace`\u001b[0m\n  \u001b[1m\u001b[94m--> \u001b[0mcrates/genetics/src/mutation.rs:22:22\n   \u001b[1m\u001b[94m|\u001b[0m\n\u001b[1m\u001b[94m22\u001b[0m \u001b[1m\u001b[94m|\u001b[0m use tracing::{debug, trace};\n   \u001b[1m\u001b[94m|\u001b[0m                      \u001b[1m\u001b[33m^^^^^\u001b[0m\n\n"}
{"$message_type":"diagnostic","message":"the trait bound `f64: Eq` is not satisfied","code":{"code":"E0277","explanation":"You tried to use a type which doesn't implement some trait in a place which\nexpected that trait.\n\nErroneous code example:\n\n```compile_fail,E0277\n// here we declare the Foo trait with a bar method\ntrait Foo {\n    fn bar(&self);\n}\n\n// we now declare a function which takes an object implementing the Foo trait\nfn some_func<T: Foo>(foo: T) {\n    foo.bar();\n}\n\nfn main() {\n    // we now call the method with the i32 type, which doesn't implement\n    // the Foo trait\n    some_func(5i32); // error: the trait bound `i32 : Foo` is not satisfied\n}\n```\n\nIn order to fix this error, verify that the type you're using does implement\nthe trait. Example:\n\n```\ntrait Foo {\n    fn bar(&self);\n}\n\n// we implement the trait on the i32 type\nimpl Foo for i32 {\n    fn bar(&self) {}\n}\n\nfn some_func<T: Foo>(foo: T) {\n    foo.bar(); // we can now use this method since i32 implements the\n               // Foo trait\n}\n\nfn main() {\n    some_func(5i32); // ok!\n}\n```\n\nOr in a generic context, an erroneous code example would look like:\n\n```compile_fail,E0277\nfn some_func<T>(foo: T) {\n    println!(\"{:?}\", foo); // error: the trait `core::fmt::Debug` is not\n                           //        implemented for the type `T`\n}\n\nfn main() {\n    // We now call the method with the i32 type,\n    // which *does* implement the Debug trait.\n    some_func(5i32);\n}\n```\n\nNote that the error here is in the definition of the generic function. Although\nwe only call it with a parameter that does implement `Debug`, the compiler\nstill rejects the function. It must work with all possible input types. In\norder to make this example compile, we need to restrict the generic type we're\naccepting:\n\n```\nuse std::fmt;\n\n// Restrict the input type to types that implement Debug.\nfn some_func<T: fmt::Debug>(foo: T) {\n    println!(\"{:?}\", foo);\n}\n\nfn main() {\n    // Calling the method is still fine, as i32 implements Debug.\n    some_func(5i32);\n\n    // This would fail to compile now:\n    // struct WithoutDebug;\n    // some_func(WithoutDebug);\n}\n```\n\nRust only looks at the signature of the called function, as such it must\nalready specify all requirements that will be used for every type parameter.\n"},"level":"error","spans":[{"file_name":"crates/genetics/src/genome.rs","byte_start":6291,"byte_end":6311,"line_start":191,"line_end":191,"column_start":5,"column_end":25,"is_primary":true,"text":[{"text":"    pub effect_size: f64,","highlight_start":5,"highlight_end":25}],"label":"the trait `Eq` is not implemented for `f64`","suggested_replacement":null,"suggestion_applicability":null,"expansion":{"span":{"file_name":"crates/genetics/src/genome.rs","byte_start":5947,"byte_end":5949,"line_start":182,"line_end":182,"column_start":35,"column_end":37,"is_primary":false,"text":[{"text":"#[derive(Debug, Clone, PartialEq, Eq, PartialOrd, Ord, Hash, Serialize, Deserialize)]","highlight_start":35,"highlight_end":37}],"label":null,"suggested_replacement":null,"suggestion_applicability":null,"expansion":null},"macro_decl_name":"#[derive(Eq)]","def_site_span":{"file_name":"/rustc/ded5c06cf21d2b93bffd5d884aa6e96934ee4234/library/core/src/cmp.rs","byte_start":13141,"byte_end":13153,"line_start":356,"line_end":356,"column_start":1,"column_end":13,"is_primary":false,"text":[],"label":null,"suggested_replacement":null,"suggestion_applicability":null,"expansion":null}}}],"children":[{"message":"the following other types implement trait `Eq`:\n  i128\n  i16\n  i32\n  i64\n  i8\n  isize\n  u128\n  u16\nand 4 others","code":null,"level":"help","spans":[],"children":[],"rendered":null},{"message":"required by a bound in `AssertParamIsEq`","code":null,"level":"note","spans":[{"file_name":"/rustc/ded5c06cf21d2b93bffd5d884aa6e96934ee4234/library/core/src/cmp.rs","byte_start":13514,"byte_end":13562,"line_start":367,"line_end":367,"column_start":1,"column_end":49,"is_primary":true,"text":[],"label":null,"suggested_replacement":null,"suggestion_applicability":null,"expansion":null}],"children":[],"rendered":null}],"rendered":"\u001b[1m\u001b[91merror[E0277]\u001b[0m\u001b[1m: the trait bound `f64: Eq` is not satisfied\u001b[0m\n   \u001b[1m\u001b[94m--> \u001b[0mcrates/genetics/src/genome.rs:191:5\n    \u001b[1m\u001b[94m|\u001b[0m\n\u001b[1m\u001b[94m182\u001b[0m \u001b[1m\u001b[94m|\u001b[0m #[derive(Debug, Clone, PartialEq, Eq, PartialOrd, Ord, Hash, Serialize, Deserialize)]\n    \u001b[1m\u001b[94m|\u001b[0m                                   \u001b[1m\u001b[94m--\u001b[0m \u001b[1m\u001b[94min this derive macro expansion\u001b[0m\n\u001b[1m\u001b[94m...\u001b[0m\n\u001b[1m\u001b[94m191\u001b[0m \u001b[1m\u001b[94m|\u001b[0m     pub effect_size: f64,\n    \u001b[1m\u001b[94m|\u001b[0m     \u001b[1m\u001b[91m^^^^^^^^^^^^^^^^^^^^\u001b[0m \u001b[1m\u001b[91mthe trait `Eq` is not implemented for `f64`\u001b[0m\n    \u001b[1m\u001b[94m|\u001b[0m\n    \u001b[1m\u001b[94m= \u001b[0m\u001b[1mhelp\u001b[0m: the following other types implement trait `Eq`:\n              i128\n              i16\n              i32\n              i64\n              i8\n              isize\n              u128\n              u16\n            and 4 others\n\u001b[1m\u001b[92mnote\u001b[0m: required by a bound in `AssertParamIsEq`\n   \u001b[1m\u001b[94m--> \u001b[0m/rustc/ded5c06cf21d2b93bffd5d884aa6e96934ee4234/library/core/src/cmp.rs:367:1\n\n"}
{"$message_type":"diagnostic","message":"the trait bound `f64: Ord` is not satisfied","code":{"code":"E0277","explanation":"You tried to use a type which doesn't implement some trait in a place which\nexpected that trait.\n\nErroneous code example:\n\n```compile_fail,E0277\n// here we declare the Foo trait with a bar method\ntrait Foo {\n    fn bar(&self);\n}\n\n// we now declare a function which takes an object implementing the Foo trait\nfn some_func<T: Foo>(foo: T) {\n    foo.bar();\n}\n\nfn main() {\n    // we now call the method with the i32 type, which doesn't implement\n    // the Foo trait\n    some_func(5i32); // error: the trait bound `i32 : Foo` is not satisfied\n}\n```\n\nIn order to fix this error, verify that the type you're using does implement\nthe trait. Example:\n\n```\ntrait Foo {\n    fn bar(&self);\n}\n\n// we implement the trait on the i32 type\nimpl Foo for i32 {\n    fn bar(&self) {}\n}\n\nfn some_func<T: Foo>(foo: T) {\n    foo.bar(); // we can now use this method since i32 implements the\n               // Foo trait\n}\n\nfn main() {\n    some_func(5i32); // ok!\n}\n```\n\nOr in a generic context, an erroneous code example would look like:\n\n```compile_fail,E0277\nfn some_func<T>(foo: T) {\n    println!(\"{:?}\", foo); // error: the trait `core::fmt::Debug` is not\n                           //        implemented for the type `T`\n}\n\nfn main() {\n    // We now call the method with the i32 type,\n    // which *does* implement the Debug trait.\n    some_func(5i32);\n}\n```\n\nNote that the error here is in the definition of the generic function. Although\nwe only call it with a parameter that does implement `Debug`, the compiler\nstill rejects the function. It must work with all possible input types. In\norder to make this example compile, we need to restrict the generic type we're\naccepting:\n\n```\nuse std::fmt;\n\n// Restrict the input type to types that implement Debug.\nfn some_func<T: fmt::Debug>(foo: T) {\n    println!(\"{:?}\", foo);\n}\n\nfn main() {\n    // Calling the method is still fine, as i32 implements Debug.\n    some_func(5i32);\n\n    // This would fail to compile now:\n    // struct WithoutDebug;\n    // some_func(WithoutDebug);\n}\n```\n\nRust only looks at the signature of the called function, as such it must\nalready specify all requirements that will be used for every type parameter.\n"},"level":"error","spans":[{"file_name":"crates/genetics/src/genome.rs","byte_start":6291,"byte_end":6311,"line_start":191,"line_end":191,"column_start":5,"column_end":25,"is_primary":true,"text":[{"text":"    pub effect_size: f64,","highlight_start":5,"highlight_end":25}],"label":"the trait `Ord` is not implemented for `f64`","suggested_replacement":null,"suggestion_applicability":null,"expansion":{"span":{"file_name":"crates/genetics/src/genome.rs","byte_start":5963,"byte_end":5966,"line_start":182,"line_end":182,"column_start":51,"column_end":54,"is_primary":false,"text":[{"text":"#[derive(Debug, Clone, PartialEq, Eq, PartialOrd, Ord, Hash, Serialize, Deserialize)]","highlight_start":51,"highlight_end":54}],"label":null,"suggested_replacement":null,"suggestion_applicability":null,"expansion":null},"macro_decl_name":"#[derive(Ord)]","def_site_span":{"file_name":"/rustc/ded5c06cf21d2b93bffd5d884aa6e96934ee4234/library/core/src/cmp.rs","byte_start":36388,"byte_end":36401,"line_start":1106,"line_end":1106,"column_start":1,"column_end":14,"is_primary":false,"text":[],"label":null,"suggested_replacement":null,"suggestion_applicability":null,"expansion":null}}}],"children":[{"message":"the following other types implement trait `Ord`:\n  i128\n  i16\n  i32\n  i64\n  i8\n  isize\n  u128\n  u16\nand 4 others","code":null,"level":"help","spans":[],"children":[],"rendered":null}],"rendered":"\u001b[1m\u001b[91merror[E0277]\u001b[0m\u001b[1m: the trait bound `f64: Ord` is not satisfied\u001b[0m\n   \u001b[1m\u001b[94m--> \u001b[0mcrates/genetics/src/genome.rs:191:5\n    \u001b[1m\u001b[94m|\u001b[0m\n\u001b[1m\u001b[94m182\u001b[0m \u001b[1m\u001b[94m|\u001b[0m #[derive(Debug, Clone, PartialEq, Eq, PartialOrd, Ord, Hash, Serialize, Deserialize)]\n    \u001b[1m\u001b[94m|\u001b[0m                                                   \u001b[1m\u001b[94m---\u001b[0m \u001b[1m\u001b[94min this derive macro expansion\u001b[0m\n\u001b[1m\u001b[94m...\u001b[0m\n\u001b[1m\u001b[94m191\u001b[0m \u001b[1m\u001b[94m|\u001b[0m     pub effect_size: f64,\n    \u001b[1m\u001b[94m|\u001b[0m     \u001b[1m\u001b[91m^^^^^^^^^^^^^^^^^^^^\u001b[0m \u001b[1m\u001b[91mthe trait `Ord` is not implemented for `f64`\u001b[0m\n    \u001b[1m\u001b[94m|\u001b[0m\n    \u001b[1m\u001b[94m= \u001b[0m\u001b[1mhelp\u001b[0m: the following other types implement trait `Ord`:\n              i128\n              i16\n              i32\n              i64\n              i8\n              isize\n              u128\n              u16\n            and 4 others\n\n"}
{"$message_type":"diagnostic","message":"the trait bound `f64: Ord` is not satisfied","code":{"code":"E0277","explanation":"You tried to use a type which doesn't implement some trait in a place which\nexpected that trait.\n\nErroneous code example:\n\n```compile_fail,E0277\n// here we declare the Foo trait with a bar method\ntrait Foo {\n    fn bar(&self);\n}\n\n// we now declare a function which takes an object implementing the Foo trait\nfn some_func<T: Foo>(foo: T) {\n    foo.bar();\n}\n\nfn main() {\n    // we now call the method with the i32 type, which doesn't implement\n    // the Foo trait\n    some_func(5i32); // error: the trait bound `i32 : Foo` is not satisfied\n}\n```\n\nIn order to fix this error, verify that the type you're using does implement\nthe trait. Example:\n\n```\ntrait Foo {\n    fn bar(&self);\n}\n\n// we implement the trait on the i32 type\nimpl Foo for i32 {\n    fn bar(&self) {}\n}\n\nfn some_func<T: Foo>(foo: T) {\n    foo.bar(); // we can now use this method since i32 implements the\n               // Foo trait\n}\n\nfn main() {\n    some_func(5i32); // ok!\n}\n```\n\nOr in a generic context, an erroneous code example would look like:\n\n```compile_fail,E0277\nfn some_func<T>(foo: T) {\n    println!(\"{:?}\", foo); // error: the trait `core::fmt::Debug` is not\n                           //        implemented for the type `T`\n}\n\nfn main() {\n    // We now call the method with the i32 type,\n    // which *does* implement the Debug trait.\n    some_func(5i32);\n}\n```\n\nNote that the error here is in the definition of the generic function. Although\nwe only call it with a parameter that does implement `Debug`, the compiler\nstill rejects the function. It must work with all possible input types. In\norder to make this example compile, we need to restrict the generic type we're\naccepting:\n\n```\nuse std::fmt;\n\n// Restrict the input type to types that implement Debug.\nfn some_func<T: fmt::Debug>(foo: T) {\n    println!(\"{:?}\", foo);\n}\n\nfn main() {\n    // Calling the method is still fine, as i32 implements Debug.\n    some_func(5i32);\n\n    // This would fail to compile now:\n    // struct WithoutDebug;\n    // some_func(WithoutDebug);\n}\n```\n\nRust only looks at the signature of the called function, as such it must\nalready specify all requirements that will be used for every type parameter.\n"},"level":"error","spans":[{"file_name":"crates/genetics/src/genome.rs","byte_start":6366,"byte_end":6388,"line_start":193,"line_end":193,"column_start":5,"column_end":27,"is_primary":true,"text":[{"text":"    pub mutation_rate: f64,","highlight_start":5,"highlight_end":27}],"label":"the trait `Ord` is not implemented for `f64`","suggested_replacement":null,"suggestion_applicability":null,"expansion":{"span":{"file_name":"crates/genetics/src/genome.rs","byte_start":5963,"byte_end":5966,"line_start":182,"line_end":182,"column_start":51,"column_end":54,"is_primary":false,"text":[{"text":"#[derive(Debug, Clone, PartialEq, Eq, PartialOrd, Ord, Hash, Serialize, Deserialize)]","highlight_start":51,"highlight_end":54}],"label":null,"suggested_replacement":null,"suggestion_applicability":null,"expansion":null},"macro_decl_name":"#[derive(Ord)]","def_site_span":{"file_name":"/rustc/ded5c06cf21d2b93bffd5d884aa6e96934ee4234/library/core/src/cmp.rs","byte_start":36388,"byte_end":36401,"line_start":1106,"line_end":1106,"column_start":1,"column_end":14,"is_primary":false,"text":[],"label":null,"suggested_replacement":null,"suggestion_applicability":null,"expansion":null}}}],"children":[{"message":"the following other types implement trait `Ord`:\n  i128\n  i16\n  i32\n  i64\n  i8\n  isize\n  u128\n  u16\nand 4 others","code":null,"level":"help","spans":[],"children":[],"rendered":null}],"rendered":"\u001b[1m\u001b[91merror[E0277]\u001b[0m\u001b[1m: the trait bound `f64: Ord` is not satisfied\u001b[0m\n   \u001b[1m\u001b[94m--> \u001b[0mcrates/genetics/src/genome.rs:193:5\n    \u001b[1m\u001b[94m|\u001b[0m\n\u001b[1m\u001b[94m182\u001b[0m \u001b[1m\u001b[94m|\u001b[0m #[derive(Debug, Clone, PartialEq, Eq, PartialOrd, Ord, Hash, Serialize, Deserialize)]\n    \u001b[1m\u001b[94m|\u001b[0m                                                   \u001b[1m\u001b[94m---\u001b[0m \u001b[1m\u001b[94min this derive macro expansion\u001b[0m\n\u001b[1m\u001b[94m...\u001b[0m\n\u001b[1m\u001b[94m193\u001b[0m \u001b[1m\u001b[94m|\u001b[0m     pub mutation_rate: f64,\n    \u001b[1m\u001b[94m|\u001b[0m     \u001b[1m\u001b[91m^^^^^^^^^^^^^^^^^^^^^^\u001b[0m \u001b[1m\u001b[91mthe trait `Ord` is not implemented for `f64`\u001b[0m\n    \u001b[1m\u001b[94m|\u001b[0m\n    \u001b[1m\u001b[94m= \u001b[0m\u001b[1mhelp\u001b[0m: the following other types implement trait `Ord`:\n              i128\n              i16\n              i32\n              i64\n              i8\n              isize\n              u128\n              u16\n            and 4 others\n\n"}
{"$message_type":"diagnostic","message":"the trait bound `f64: std::hash::Hash` is not satisfied","code":{"code":"E0277","explanation":"You tried to use a type which doesn't implement some trait in a place which\nexpected that trait.\n\nErroneous code example:\n\n```compile_fail,E0277\n// here we declare the Foo trait with a bar method\ntrait Foo {\n    fn bar(&self);\n}\n\n// we now declare a function which takes an object implementing the Foo trait\nfn some_func<T: Foo>(foo: T) {\n    foo.bar();\n}\n\nfn main() {\n    // we now call the method with the i32 type, which doesn't implement\n    // the Foo trait\n    some_func(5i32); // error: the trait bound `i32 : Foo` is not satisfied\n}\n```\n\nIn order to fix this error, verify that the type you're using does implement\nthe trait. Example:\n\n```\ntrait Foo {\n    fn bar(&self);\n}\n\n// we implement the trait on the i32 type\nimpl Foo for i32 {\n    fn bar(&self) {}\n}\n\nfn some_func<T: Foo>(foo: T) {\n    foo.bar(); // we can now use this method since i32 implements the\n               // Foo trait\n}\n\nfn main() {\n    some_func(5i32); // ok!\n}\n```\n\nOr in a generic context, an erroneous code example would look like:\n\n```compile_fail,E0277\nfn some_func<T>(foo: T) {\n    println!(\"{:?}\", foo); // error: the trait `core::fmt::Debug` is not\n                           //        implemented for the type `T`\n}\n\nfn main() {\n    // We now call the method with the i32 type,\n    // which *does* implement the Debug trait.\n    some_func(5i32);\n}\n```\n\nNote that the error here is in the definition of the generic function. Although\nwe only call it with a parameter that does implement `Debug`, the compiler\nstill rejects the function. It must work with all possible input types. In\norder to make this example compile, we need to restrict the generic type we're\naccepting:\n\n```\nuse std::fmt;\n\n// Restrict the input type to types that implement Debug.\nfn some_func<T: fmt::Debug>(foo: T) {\n    println!(\"{:?}\", foo);\n}\n\nfn main() {\n    // Calling the method is still fine, as i32 implements Debug.\n    some_func(5i32);\n\n    // This would fail to compile now:\n    // struct WithoutDebug;\n    // some_func(WithoutDebug);\n}\n```\n\nRust only looks at the signature of the called function, as such it must\nalready specify all requirements that will be used for every type parameter.\n"},"level":"error","spans":[{"file_name":"crates/genetics/src/genome.rs","byte_start":6291,"byte_end":6311,"line_start":191,"line_end":191,"column_start":5,"column_end":25,"is_primary":true,"text":[{"text":"    pub effect_size: f64,","highlight_start":5,"highlight_end":25}],"label":"the trait `std::hash::Hash` is not implemented for `f64`","suggested_replacement":null,"suggestion_applicability":null,"expansion":{"span":{"file_name":"crates/genetics/src/genome.rs","byte_start":5968,"byte_end":5972,"line_start":182,"line_end":182,"column_start":56,"column_end":60,"is_primary":false,"text":[{"text":"#[derive(Debug, Clone, PartialEq, Eq, PartialOrd, Ord, Hash, Serialize, Deserialize)]","highlight_start":56,"highlight_end":60}],"label":null,"suggested_replacement":null,"suggestion_applicability":null,"expansion":null},"macro_decl_name":"#[derive(Hash)]","def_site_span":{"file_name":"/rustc/ded5c06cf21d2b93bffd5d884aa6e96934ee4234/library/core/src/hash/mod.rs","byte_start":7913,"byte_end":7927,"line_start":251,"line_end":251,"column_start":5,"column_end":19,"is_primary":false,"text":[],"label":null,"suggested_replacement":null,"suggestion_applicability":null,"expansion":null}}}],"children":[{"message":"the following other types implement trait `std::hash::Hash`:\n  i128\n  i16\n  i32\n  i64\n  i8\n  isize\n  u128\n  u16\nand 4 others","code":null,"level":"help","spans":[],"children":[],"rendered":null}],"rendered":"\u001b[1m\u001b[91merror[E0277]\u001b[0m\u001b[1m: the trait bound `f64: std::hash::Hash` is not satisfied\u001b[0m\n   \u001b[1m\u001b[94m--> \u001b[0mcrates/genetics/src/genome.rs:191:5\n    \u001b[1m\u001b[94m|\u001b[0m\n\u001b[1m\u001b[94m182\u001b[0m \u001b[1m\u001b[94m|\u001b[0m #[derive(Debug, Clone, PartialEq, Eq, PartialOrd, Ord, Hash, Serialize, Deserialize)]\n    \u001b[1m\u001b[94m|\u001b[0m                                                        \u001b[1m\u001b[94m----\u001b[0m \u001b[1m\u001b[94min this derive macro expansion\u001b[0m\n\u001b[1m\u001b[94m...\u001b[0m\n\u001b[1m\u001b[94m191\u001b[0m \u001b[1m\u001b[94m|\u001b[0m     pub effect_size: f64,\n    \u001b[1m\u001b[94m|\u001b[0m     \u001b[1m\u001b[91m^^^^^^^^^^^^^^^^^^^^\u001b[0m \u001b[1m\u001b[91mthe trait `std::hash::Hash` is not implemented for `f64`\u001b[0m\n    \u001b[1m\u001b[94m|\u001b[0m\n    \u001b[1m\u001b[94m= \u001b[0m\u001b[1mhelp\u001b[0m: the following other types implement trait `std::hash::Hash`:\n              i128\n              i16\n              i32\n              i64\n              i8\n              isize\n              u128\n              u16\n            and 4 others\n\n"}
{"$message_type":"diagnostic","message":"the trait bound `f64: std::hash::Hash` is not satisfied","code":{"code":"E0277","explanation":"You tried to use a type which doesn't implement some trait in a place which\nexpected that trait.\n\nErroneous code example:\n\n```compile_fail,E0277\n// here we declare the Foo trait with a bar method\ntrait Foo {\n    fn bar(&self);\n}\n\n// we now declare a function which takes an object implementing the Foo trait\nfn some_func<T: Foo>(foo: T) {\n    foo.bar();\n}\n\nfn main() {\n    // we now call the method with the i32 type, which doesn't implement\n    // the Foo trait\n    some_func(5i32); // error: the trait bound `i32 : Foo` is not satisfied\n}\n```\n\nIn order to fix this error, verify that the type you're using does implement\nthe trait. Example:\n\n```\ntrait Foo {\n    fn bar(&self);\n}\n\n// we implement the trait on the i32 type\nimpl Foo for i32 {\n    fn bar(&self) {}\n}\n\nfn some_func<T: Foo>(foo: T) {\n    foo.bar(); // we can now use this method since i32 implements the\n               // Foo trait\n}\n\nfn main() {\n    some_func(5i32); // ok!\n}\n```\n\nOr in a generic context, an erroneous code example would look like:\n\n```compile_fail,E0277\nfn some_func<T>(foo: T) {\n    println!(\"{:?}\", foo); // error: the trait `core::fmt::Debug` is not\n                           //        implemented for the type `T`\n}\n\nfn main() {\n    // We now call the method with the i32 type,\n    // which *does* implement the Debug trait.\n    some_func(5i32);\n}\n```\n\nNote that the error here is in the definition of the generic function. Although\nwe only call it with a parameter that does implement `Debug`, the compiler\nstill rejects the function. It must work with all possible input types. In\norder to make this example compile, we need to restrict the generic type we're\naccepting:\n\n```\nuse std::fmt;\n\n// Restrict the input type to types that implement Debug.\nfn some_func<T: fmt::Debug>(foo: T) {\n    println!(\"{:?}\", foo);\n}\n\nfn main() {\n    // Calling the method is still fine, as i32 implements Debug.\n    some_func(5i32);\n\n    // This would fail to compile now:\n    // struct WithoutDebug;\n    // some_func(WithoutDebug);\n}\n```\n\nRust only looks at the signature of the called function, as such it must\nalready specify all requirements that will be used for every type parameter.\n"},"level":"error","spans":[{"file_name":"crates/genetics/src/genome.rs","byte_start":6366,"byte_end":6388,"line_start":193,"line_end":193,"column_start":5,"column_end":27,"is_primary":true,"text":[{"text":"    pub mutation_rate: f64,","highlight_start":5,"highlight_end":27}],"label":"the trait `std::hash::Hash` is not implemented for `f64`","suggested_replacement":null,"suggestion_applicability":null,"expansion":{"span":{"file_name":"crates/genetics/src/genome.rs","byte_start":5968,"byte_end":5972,"line_start":182,"line_end":182,"column_start":56,"column_end":60,"is_primary":false,"text":[{"text":"#[derive(Debug, Clone, PartialEq, Eq, PartialOrd, Ord, Hash, Serialize, Deserialize)]","highlight_start":56,"highlight_end":60}],"label":null,"suggested_replacement":null,"suggestion_applicability":null,"expansion":null},"macro_decl_name":"#[derive(Hash)]","def_site_span":{"file_name":"/rustc/ded5c06cf21d2b93bffd5d884aa6e96934ee4234/library/core/src/hash/mod.rs","byte_start":7913,"byte_end":7927,"line_start":251,"line_end":251,"column_start":5,"column_end":19,"is_primary":false,"text":[],"label":null,"suggested_replacement":null,"suggestion_applicability":null,"expansion":null}}}],"children":[{"message":"the following other types implement trait `std::hash::Hash`:\n  i128\n  i16\n  i32\n  i64\n  i8\n  isize\n  u128\n  u16\nand 4 others","code":null,"level":"help","spans":[],"children":[],"rendered":null}],"rendered":"\u001b[1m\u001b[91merror[E0277]\u001b[0m\u001b[1m: the trait bound `f64: std::hash::Hash` is not satisfied\u001b[0m\n   \u001b[1m\u001b[94m--> \u001b[0mcrates/genetics/src/genome.rs:193:5\n    \u001b[1m\u001b[94m|\u001b[0m\n\u001b[1m\u001b[94m182\u001b[0m \u001b[1m\u001b[94m|\u001b[0m #[derive(Debug, Clone, PartialEq, Eq, PartialOrd, Ord, Hash, Serialize, Deserialize)]\n    \u001b[1m\u001b[94m|\u001b[0m                                                        \u001b[1m\u001b[94m----\u001b[0m \u001b[1m\u001b[94min this derive macro expansion\u001b[0m\n\u001b[1m\u001b[94m...\u001b[0m\n\u001b[1m\u001b[94m193\u001b[0m \u001b[1m\u001b[94m|\u001b[0m     pub mutation_rate: f64,\n    \u001b[1m\u001b[94m|\u001b[0m     \u001b[1m\u001b[91m^^^^^^^^^^^^^^^^^^^^^^\u001b[0m \u001b[1m\u001b[91mthe trait `std::hash::Hash` is not implemented for `f64`\u001b[0m\n    \u001b[1m\u001b[94m|\u001b[0m\n    \u001b[1m\u001b[94m= \u001b[0m\u001b[1mhelp\u001b[0m: the following other types implement trait `std::hash::Hash`:\n              i128\n              i16\n              i32\n              i64\n              i8\n              isize\n              u128\n              u16\n            and 4 others\n\n"}
{"$message_type":"diagnostic","message":"failed to resolve: use of undeclared type `Dominant`","code":{"code":"E0433","explanation":"An undeclared crate, module, or type was used.\n\nErroneous code example:\n\n```compile_fail,E0433\nlet map = HashMap::new();\n// error: failed to resolve: use of undeclared type `HashMap`\n```\n\nPlease verify you didn't misspell the type/module's name or that you didn't\nforget to import it:\n\n```\nuse std::collections::HashMap; // HashMap has been imported.\nlet map: HashMap<u32, u32> = HashMap::new(); // So it can be used!\n```\n\nIf you've expected to use a crate name:\n\n```compile_fail\nuse ferris_wheel::BigO;\n// error: failed to resolve: use of undeclared module or unlinked crate\n```\n\nMake sure the crate has been added as a dependency in `Cargo.toml`.\n\nTo use a module from your current crate, add the `crate::` prefix to the path.\n"},"level":"error","spans":[{"file_name":"crates/genetics/src/genome.rs","byte_start":7843,"byte_end":7851,"line_start":234,"line_end":234,"column_start":67,"column_end":75,"is_primary":true,"text":[{"text":"            Allele::new(\"black\".to_string(), \"Black\".to_string(), Dominant::Dominant, 0.9, 0.0001),","highlight_start":67,"highlight_end":75}],"label":"use of undeclared type `Dominant`","suggested_replacement":null,"suggestion_applicability":null,"expansion":null}],"children":[{"message":"there is an enum variant `crate::genome::Dominance::Dominant` and 1 other; try using the variant's enum","code":null,"level":"help","spans":[{"file_name":"crates/genetics/src/genome.rs","byte_start":7843,"byte_end":7851,"line_start":234,"line_end":234,"column_start":67,"column_end":75,"is_primary":true,"text":[{"text":"            Allele::new(\"black\".to_string(), \"Black\".to_string(), Dominant::Dominant, 0.9, 0.0001),","highlight_start":67,"highlight_end":75}],"label":null,"suggested_replacement":"crate::genome::Dominance","suggestion_applicability":"MachineApplicable","expansion":null},{"file_name":"crates/genetics/src/genome.rs","byte_start":7843,"byte_end":7851,"line_start":234,"line_end":234,"column_start":67,"column_end":75,"is_primary":true,"text":[{"text":"            Allele::new(\"black\".to_string(), \"Black\".to_string(), Dominant::Dominant, 0.9, 0.0001),","highlight_start":67,"highlight_end":75}],"label":null,"suggested_replacement":"crate::inheritance::PhenotypeExpression","suggestion_applicability":"MachineApplicable","expansion":null}],"children":[],"rendered":null},{"message":"an enum with a similar name exists","code":null,"level":"help","spans":[{"file_name":"crates/genetics/src/genome.rs","byte_start":7843,"byte_end":7851,"line_start":234,"line_end":234,"column_start":67,"column_end":75,"is_primary":true,"text":[{"text":"            Allele::new(\"black\".to_string(), \"Black\".to_string(), Dominant::Dominant, 0.9, 0.0001),","highlight_start":67,"highlight_end":75}],"label":null,"suggested_replacement":"Dominance","suggestion_applicability":"MaybeIncorrect","expansion":null}],"children":[],"rendered":null}],"rendered":"\u001b[1m\u001b[91merror[E0433]\u001b[0m\u001b[1m: failed to resolve: use of undeclared type `Dominant`\u001b[0m\n   \u001b[1m\u001b[94m--> \u001b[0mcrates/genetics/src/genome.rs:234:67\n    \u001b[1m\u001b[94m|\u001b[0m\n\u001b[1m\u001b[94m234\u001b[0m \u001b[1m\u001b[94m|\u001b[0m             Allele::new(\"black\".to_string(), \"Black\".to_string(), Dominant::Dominant, 0.9, 0.0001),\n    \u001b[1m\u001b[94m|\u001b[0m                                                                   \u001b[1m\u001b[91m^^^^^^^^\u001b[0m \u001b[1m\u001b[91muse of undeclared type `Dominant`\u001b[0m\n    \u001b[1m\u001b[94m|\u001b[0m\n\u001b[1m\u001b[96mhelp\u001b[0m: there is an enum variant `crate::genome::Dominance::Dominant` and 1 other; try using the variant's enum\n    \u001b[1m\u001b[94m|\u001b[0m\n\u001b[1m\u001b[94m234\u001b[0m \u001b[91m- \u001b[0m            Allele::new(\"black\".to_string(), \"Black\".to_string(), \u001b[91mDominant\u001b[0m::Dominant, 0.9, 0.0001),\n\u001b[1m\u001b[94m234\u001b[0m \u001b[92m+ \u001b[0m            Allele::new(\"black\".to_string(), \"Black\".to_string(), \u001b[92mcrate::genome::Dominance\u001b[0m::Dominant, 0.9, 0.0001),\n    \u001b[1m\u001b[94m|\u001b[0m\n\u001b[1m\u001b[94m234\u001b[0m \u001b[91m- \u001b[0m            Allele::new(\"black\".to_string(), \"Black\".to_string(), \u001b[91mDominant\u001b[0m::Dominant, 0.9, 0.0001),\n\u001b[1m\u001b[94m234\u001b[0m \u001b[92m+ \u001b[0m            Allele::new(\"black\".to_string(), \"Black\".to_string(), \u001b[92mcrate::inheritance::PhenotypeExpression\u001b[0m::Dominant, 0.9, 0.0001),\n    \u001b[1m\u001b[94m|\u001b[0m\n\u001b[1m\u001b[96mhelp\u001b[0m: an enum with a similar name exists\n    \u001b[1m\u001b[94m|\u001b[0m\n\u001b[1m\u001b[94m234\u001b[0m \u001b[91m- \u001b[0m            Allele::new(\"black\".to_string(), \"Black\".to_string(), \u001b[91mDominant\u001b[0m::Dominant, 0.9, 0.0001),\n\u001b[1m\u001b[94m234\u001b[0m \u001b[92m+ \u001b[0m            Allele::new(\"black\".to_string(), \"Black\".to_string(), \u001b[92mDominance\u001b[0m::Dominant, 0.9, 0.0001),\n    \u001b[1m\u001b[94m|\u001b[0m\n\n"}
{"$message_type":"diagnostic","message":"this function takes 7 arguments but 6 arguments were supplied","code":{"code":"E0061","explanation":"An invalid number of arguments was passed when calling a function.\n\nErroneous code example:\n\n```compile_fail,E0061\nfn f(u: i32) {}\n\nf(); // error!\n```\n\nThe number of arguments passed to a function must match the number of arguments\nspecified in the function signature.\n\nFor example, a function like:\n\n```\nfn f(a: u16, b: &str) {}\n```\n\nMust always be called with exactly two arguments, e.g., `f(2, \"test\")`.\n\nNote that Rust does not have a notion of optional function arguments or\nvariadic functions (except for its C-FFI).\n"},"level":"error","spans":[{"file_name":"crates/genetics/src/genome.rs","byte_start":13325,"byte_end":13794,"line_start":371,"line_end":378,"column_start":41,"column_end":22,"is_primary":false,"text":[{"text":"                    loci.push(Locus::new(","highlight_start":41,"highlight_end":42},{"text":"                        format!(\"placeholder_{}\", i),","highlight_start":1,"highlight_end":54},{"text":"                        chromosome,","highlight_start":1,"highlight_end":36},{"text":"                        (i as u64) * 10_000_000,","highlight_start":1,"highlight_end":49},{"text":"                        format!(\"Placeholder Gene {}\", i),","highlight_start":1,"highlight_end":59},{"text":"                        vec![Allele::new(\"placeholder\".to_string(), \"Placeholder\".to_string(), Dominance::Partial, 0.0, 0.0)],","highlight_start":1,"highlight_end":127},{"text":"                        Allele::new(\"placeholder\".to_string(), \"Placeholder\".to_string(), Dominance::Partial, 0.0, 0.0),","highlight_start":1,"highlight_end":121},{"text":"                    ));","highlight_start":1,"highlight_end":22}],"label":"argument #7 of type `Allele` is missing","suggested_replacement":null,"suggestion_applicability":null,"expansion":null},{"file_name":"crates/genetics/src/genome.rs","byte_start":13315,"byte_end":13325,"line_start":371,"line_end":371,"column_start":31,"column_end":41,"is_primary":true,"text":[{"text":"                    loci.push(Locus::new(","highlight_start":31,"highlight_end":41}],"label":null,"suggested_replacement":null,"suggestion_applicability":null,"expansion":null}],"children":[{"message":"associated function defined here","code":null,"level":"note","spans":[{"file_name":"crates/genetics/src/genome.rs","byte_start":4215,"byte_end":4230,"line_start":130,"line_end":130,"column_start":9,"column_end":24,"is_primary":false,"text":[{"text":"        allele2: Allele,","highlight_start":9,"highlight_end":24}],"label":"","suggested_replacement":null,"suggestion_applicability":null,"expansion":null},{"file_name":"crates/genetics/src/genome.rs","byte_start":4031,"byte_end":4034,"line_start":123,"line_end":123,"column_start":12,"column_end":15,"is_primary":true,"text":[{"text":"    pub fn new(","highlight_start":12,"highlight_end":15}],"label":null,"suggested_replacement":null,"suggestion_applicability":null,"expansion":null}],"children":[],"rendered":null},{"message":"provide the argument","code":null,"level":"help","spans":[{"file_name":"crates/genetics/src/genome.rs","byte_start":13325,"byte_end":13794,"line_start":371,"line_end":378,"column_start":41,"column_end":22,"is_primary":true,"text":[{"text":"                    loci.push(Locus::new(","highlight_start":41,"highlight_end":42},{"text":"                        format!(\"placeholder_{}\", i),","highlight_start":1,"highlight_end":54},{"text":"                        chromosome,","highlight_start":1,"highlight_end":36},{"text":"                        (i as u64) * 10_000_000,","highlight_start":1,"highlight_end":49},{"text":"                        format!(\"Placeholder Gene {}\", i),","highlight_start":1,"highlight_end":59},{"text":"                        vec![Allele::new(\"placeholder\".to_string(), \"Placeholder\".to_string(), Dominance::Partial, 0.0, 0.0)],","highlight_start":1,"highlight_end":127},{"text":"                        Allele::new(\"placeholder\".to_string(), \"Placeholder\".to_string(), Dominance::Partial, 0.0, 0.0),","highlight_start":1,"highlight_end":121},{"text":"                    ));","highlight_start":1,"highlight_end":22}],"label":null,"suggested_replacement":"(\n                        format!(\"placeholder_{}\", i),\n                        chromosome,\n                        (i as u64) * 10_000_000,\n                        format!(\"Placeholder Gene {}\", i),\n                        vec![Allele::new(\"placeholder\".to_string(), \"Placeholder\".to_string(), Dominance::Partial, 0.0, 0.0)],\n                        Allele::new(\"placeholder\".to_string(), \"Placeholder\".to_string(), Dominance::Partial, 0.0, 0.0),\n                        /* Allele */,\n                    )","suggestion_applicability":"HasPlaceholders","expansion":null}],"children":[],"rendered":null}],"rendered":"\u001b[1m\u001b[91merror[E0061]\u001b[0m\u001b[1m: this function takes 7 arguments but 6 arguments were supplied\u001b[0m\n   \u001b[1m\u001b[94m--> \u001b[0mcrates/genetics/src/genome.rs:371:31\n    \u001b[1m\u001b[94m|\u001b[0m\n\u001b[1m\u001b[94m371\u001b[0m \u001b[1m\u001b[94m|\u001b[0m                       loci.push(Locus::new(\n    \u001b[1m\u001b[94m|\u001b[0m \u001b[1m\u001b[94m _______________________________\u001b[0m\u001b[1m\u001b[91m^^^^^^^^^^\u001b[0m\u001b[1m\u001b[94m-\u001b[0m\n\u001b[1m\u001b[94m372\u001b[0m \u001b[1m\u001b[94m|\u001b[0m \u001b[1m\u001b[94m|\u001b[0m                         format!(\"placeholder_{}\", i),\n\u001b[1m\u001b[94m373\u001b[0m \u001b[1m\u001b[94m|\u001b[0m \u001b[1m\u001b[94m|\u001b[0m                         chromosome,\n\u001b[1m\u001b[94m374\u001b[0m \u001b[1m\u001b[94m|\u001b[0m \u001b[1m\u001b[94m|\u001b[0m                         (i as u64) * 10_000_000,\n\u001b[1m\u001b[94m...\u001b[0m   \u001b[1m\u001b[94m|\u001b[0m\n\u001b[1m\u001b[94m377\u001b[0m \u001b[1m\u001b[94m|\u001b[0m \u001b[1m\u001b[94m|\u001b[0m                         Allele::new(\"placeholder\".to_string(), \"Placeholder\".to_string(), Dominance::Partial, 0.0, 0.0),\n\u001b[1m\u001b[94m378\u001b[0m \u001b[1m\u001b[94m|\u001b[0m \u001b[1m\u001b[94m|\u001b[0m                     ));\n    \u001b[1m\u001b[94m|\u001b[0m \u001b[1m\u001b[94m|_____________________-\u001b[0m \u001b[1m\u001b[94margument #7 of type `Allele` is missing\u001b[0m\n    \u001b[1m\u001b[94m|\u001b[0m\n\u001b[1m\u001b[92mnote\u001b[0m: associated function defined here\n   \u001b[1m\u001b[94m--> \u001b[0mcrates/genetics/src/genome.rs:123:12\n    \u001b[1m\u001b[94m|\u001b[0m\n\u001b[1m\u001b[94m123\u001b[0m \u001b[1m\u001b[94m|\u001b[0m     pub fn new(\n    \u001b[1m\u001b[94m|\u001b[0m            \u001b[1m\u001b[92m^^^\u001b[0m\n\u001b[1m\u001b[94m...\u001b[0m\n\u001b[1m\u001b[94m130\u001b[0m \u001b[1m\u001b[94m|\u001b[0m         allele2: Allele,\n    \u001b[1m\u001b[94m|\u001b[0m         \u001b[1m\u001b[94m---------------\u001b[0m\n\u001b[1m\u001b[96mhelp\u001b[0m: provide the argument\n    \u001b[1m\u001b[94m|\u001b[0m\n\u001b[1m\u001b[94m371\u001b[0m \u001b[1m\u001b[94m|\u001b[0m                     loci.push(Locus::new(\n\u001b[1m\u001b[94m...\u001b[0m\n\u001b[1m\u001b[94m377\u001b[0m \u001b[1m\u001b[94m|\u001b[0m                         Allele::new(\"placeholder\".to_string(), \"Placeholder\".to_string(), Dominance::Partial, 0.0, 0.0),\n\u001b[1m\u001b[94m378\u001b[0m \u001b[92m~ \u001b[0m                    \u001b[92m    /* Allele */,\u001b[0m\n\u001b[1m\u001b[94m379\u001b[0m \u001b[92m~                     \u001b[0m));\n    \u001b[1m\u001b[94m|\u001b[0m\n\n"}
{"$message_type":"diagnostic","message":"no method named `hash` found for reference `&ChromosomeType` in the current scope","code":{"code":"E0599","explanation":"This error occurs when a method is used on a type which doesn't implement it:\n\nErroneous code example:\n\n```compile_fail,E0599\nstruct Mouth;\n\nlet x = Mouth;\nx.chocolate(); // error: no method named `chocolate` found for type `Mouth`\n               //        in the current scope\n```\n\nIn this case, you need to implement the `chocolate` method to fix the error:\n\n```\nstruct Mouth;\n\nimpl Mouth {\n    fn chocolate(&self) { // We implement the `chocolate` method here.\n        println!(\"Hmmm! I love chocolate!\");\n    }\n}\n\nlet x = Mouth;\nx.chocolate(); // ok!\n```\n"},"level":"error","spans":[{"file_name":"crates/genetics/src/genome.rs","byte_start":14817,"byte_end":14821,"line_start":411,"line_end":411,"column_start":29,"column_end":33,"is_primary":true,"text":[{"text":"            chromosome_type.hash(&mut hasher);","highlight_start":29,"highlight_end":33}],"label":"method not found in `&ChromosomeType`","suggested_replacement":null,"suggestion_applicability":null,"expansion":null}],"children":[{"message":"items from traits can only be used if the trait is in scope","code":null,"level":"help","spans":[],"children":[],"rendered":null},{"message":"trait `Hash` which provides `hash` is implemented but not in scope; perhaps you want to import it","code":null,"level":"help","spans":[{"file_name":"crates/genetics/src/genome.rs","byte_start":656,"byte_end":656,"line_start":20,"line_end":20,"column_start":1,"column_end":1,"is_primary":true,"text":[{"text":"use serde::{Deserialize, Serialize};","highlight_start":1,"highlight_end":1}],"label":null,"suggested_replacement":"use std::hash::Hash;\n","suggestion_applicability":"MaybeIncorrect","expansion":null}],"children":[],"rendered":null}],"rendered":"\u001b[1m\u001b[91merror[E0599]\u001b[0m\u001b[1m: no method named `hash` found for reference `&ChromosomeType` in the current scope\u001b[0m\n   \u001b[1m\u001b[94m--> \u001b[0mcrates/genetics/src/genome.rs:411:29\n    \u001b[1m\u001b[94m|\u001b[0m\n\u001b[1m\u001b[94m411\u001b[0m \u001b[1m\u001b[94m|\u001b[0m             chromosome_type.hash(&mut hasher);\n    \u001b[1m\u001b[94m|\u001b[0m                             \u001b[1m\u001b[91m^^^^\u001b[0m \u001b[1m\u001b[91mmethod not found in `&ChromosomeType`\u001b[0m\n    \u001b[1m\u001b[94m|\u001b[0m\n    \u001b[1m\u001b[94m= \u001b[0m\u001b[1mhelp\u001b[0m: items from traits can only be used if the trait is in scope\n\u001b[1m\u001b[96mhelp\u001b[0m: trait `Hash` which provides `hash` is implemented but not in scope; perhaps you want to import it\n    \u001b[1m\u001b[94m|\u001b[0m\n \u001b[1m\u001b[94m20\u001b[0m \u001b[92m+ use std::hash::Hash;\u001b[0m\n    \u001b[1m\u001b[94m|\u001b[0m\n\n"}
{"$message_type":"diagnostic","message":"no method named `hash` found for struct `std::string::String` in the current scope","code":{"code":"E0599","explanation":"This error occurs when a method is used on a type which doesn't implement it:\n\nErroneous code example:\n\n```compile_fail,E0599\nstruct Mouth;\n\nlet x = Mouth;\nx.chocolate(); // error: no method named `chocolate` found for type `Mouth`\n               //        in the current scope\n```\n\nIn this case, you need to implement the `chocolate` method to fix the error:\n\n```\nstruct Mouth;\n\nimpl Mouth {\n    fn chocolate(&self) { // We implement the `chocolate` method here.\n        println!(\"Hmmm! I love chocolate!\");\n    }\n}\n\nlet x = Mouth;\nx.chocolate(); // ok!\n```\n"},"level":"error","spans":[{"file_name":"crates/genetics/src/genome.rs","byte_start":14899,"byte_end":14903,"line_start":413,"line_end":413,"column_start":32,"column_end":36,"is_primary":true,"text":[{"text":"                locus.locus_id.hash(&mut hasher);","highlight_start":32,"highlight_end":36}],"label":"method not found in `std::string::String`","suggested_replacement":null,"suggestion_applicability":null,"expansion":null},{"file_name":"/rustc/ded5c06cf21d2b93bffd5d884aa6e96934ee4234/library/core/src/hash/mod.rs","byte_start":5819,"byte_end":5823,"line_start":199,"line_end":199,"column_start":8,"column_end":12,"is_primary":false,"text":[],"label":"the method is available for `std::string::String` here","suggested_replacement":null,"suggestion_applicability":null,"expansion":null}],"children":[{"message":"items from traits can only be used if the trait is in scope","code":null,"level":"help","spans":[],"children":[],"rendered":null},{"message":"trait `Hash` which provides `hash` is implemented but not in scope; perhaps you want to import it","code":null,"level":"help","spans":[{"file_name":"crates/genetics/src/genome.rs","byte_start":656,"byte_end":656,"line_start":20,"line_end":20,"column_start":1,"column_end":1,"is_primary":true,"text":[{"text":"use serde::{Deserialize, Serialize};","highlight_start":1,"highlight_end":1}],"label":null,"suggested_replacement":"use std::hash::Hash;\n","suggestion_applicability":"MaybeIncorrect","expansion":null}],"children":[],"rendered":null}],"rendered":"\u001b[1m\u001b[91merror[E0599]\u001b[0m\u001b[1m: no method named `hash` found for struct `std::string::String` in the current scope\u001b[0m\n   \u001b[1m\u001b[94m--> \u001b[0mcrates/genetics/src/genome.rs:413:32\n    \u001b[1m\u001b[94m|\u001b[0m\n\u001b[1m\u001b[94m413\u001b[0m \u001b[1m\u001b[94m|\u001b[0m                 locus.locus_id.hash(&mut hasher);\n    \u001b[1m\u001b[94m|\u001b[0m                                \u001b[1m\u001b[91m^^^^\u001b[0m \u001b[1m\u001b[91mmethod not found in `std::string::String`\u001b[0m\n    \u001b[1m\u001b[94m|\u001b[0m\n   \u001b[1m\u001b[94m--> \u001b[0m/rustc/ded5c06cf21d2b93bffd5d884aa6e96934ee4234/library/core/src/hash/mod.rs:199:8\n    \u001b[1m\u001b[94m|\u001b[0m\n    \u001b[1m\u001b[94m= \u001b[0m\u001b[1mnote\u001b[0m: \u001b[1m\u001b[94mthe method is available for `std::string::String` here\u001b[0m\n    \u001b[1m\u001b[94m|\u001b[0m\n    \u001b[1m\u001b[94m= \u001b[0m\u001b[1mhelp\u001b[0m: items from traits can only be used if the trait is in scope\n\u001b[1m\u001b[96mhelp\u001b[0m: trait `Hash` which provides `hash` is implemented but not in scope; perhaps you want to import it\n    \u001b[1m\u001b[94m|\u001b[0m\n \u001b[1m\u001b[94m20\u001b[0m \u001b[92m+ use std::hash::Hash;\u001b[0m\n    \u001b[1m\u001b[94m|\u001b[0m\n\n"}
{"$message_type":"diagnostic","message":"no method named `hash` found for struct `std::string::String` in the current scope","code":{"code":"E0599","explanation":"This error occurs when a method is used on a type which doesn't implement it:\n\nErroneous code example:\n\n```compile_fail,E0599\nstruct Mouth;\n\nlet x = Mouth;\nx.chocolate(); // error: no method named `chocolate` found for type `Mouth`\n               //        in the current scope\n```\n\nIn this case, you need to implement the `chocolate` method to fix the error:\n\n```\nstruct Mouth;\n\nimpl Mouth {\n    fn chocolate(&self) { // We implement the `chocolate` method here.\n        println!(\"Hmmm! I love chocolate!\");\n    }\n}\n\nlet x = Mouth;\nx.chocolate(); // ok!\n```\n"},"level":"error","spans":[{"file_name":"crates/genetics/src/genome.rs","byte_start":14970,"byte_end":14974,"line_start":414,"line_end":414,"column_start":53,"column_end":57,"is_primary":true,"text":[{"text":"                locus.current_alleles[0].identifier.hash(&mut hasher);","highlight_start":53,"highlight_end":57}],"label":"method not found in `std::string::String`","suggested_replacement":null,"suggestion_applicability":null,"expansion":null},{"file_name":"/rustc/ded5c06cf21d2b93bffd5d884aa6e96934ee4234/library/core/src/hash/mod.rs","byte_start":5819,"byte_end":5823,"line_start":199,"line_end":199,"column_start":8,"column_end":12,"is_primary":false,"text":[],"label":"the method is available for `std::string::String` here","suggested_replacement":null,"suggestion_applicability":null,"expansion":null}],"children":[{"message":"items from traits can only be used if the trait is in scope","code":null,"level":"help","spans":[],"children":[],"rendered":null},{"message":"trait `Hash` which provides `hash` is implemented but not in scope; perhaps you want to import it","code":null,"level":"help","spans":[{"file_name":"crates/genetics/src/genome.rs","byte_start":656,"byte_end":656,"line_start":20,"line_end":20,"column_start":1,"column_end":1,"is_primary":true,"text":[{"text":"use serde::{Deserialize, Serialize};","highlight_start":1,"highlight_end":1}],"label":null,"suggested_replacement":"use std::hash::Hash;\n","suggestion_applicability":"MaybeIncorrect","expansion":null}],"children":[],"rendered":null}],"rendered":"\u001b[1m\u001b[91merror[E0599]\u001b[0m\u001b[1m: no method named `hash` found for struct `std::string::String` in the current scope\u001b[0m\n   \u001b[1m\u001b[94m--> \u001b[0mcrates/genetics/src/genome.rs:414:53\n    \u001b[1m\u001b[94m|\u001b[0m\n\u001b[1m\u001b[94m414\u001b[0m \u001b[1m\u001b[94m|\u001b[0m                 locus.current_alleles[0].identifier.hash(&mut hasher);\n    \u001b[1m\u001b[94m|\u001b[0m                                                     \u001b[1m\u001b[91m^^^^\u001b[0m \u001b[1m\u001b[91mmethod not found in `std::string::String`\u001b[0m\n    \u001b[1m\u001b[94m|\u001b[0m\n   \u001b[1m\u001b[94m--> \u001b[0m/rustc/ded5c06cf21d2b93bffd5d884aa6e96934ee4234/library/core/src/hash/mod.rs:199:8\n    \u001b[1m\u001b[94m|\u001b[0m\n    \u001b[1m\u001b[94m= \u001b[0m\u001b[1mnote\u001b[0m: \u001b[1m\u001b[94mthe method is available for `std::string::String` here\u001b[0m\n    \u001b[1m\u001b[94m|\u001b[0m\n    \u001b[1m\u001b[94m= \u001b[0m\u001b[1mhelp\u001b[0m: items from traits can only be used if the trait is in scope\n\u001b[1m\u001b[96mhelp\u001b[0m: trait `Hash` which provides `hash` is implemented but not in scope; perhaps you want to import it\n    \u001b[1m\u001b[94m|\u001b[0m\n \u001b[1m\u001b[94m20\u001b[0m \u001b[92m+ use std::hash::Hash;\u001b[0m\n    \u001b[1m\u001b[94m|\u001b[0m\n\n"}
{"$message_type":"diagnostic","message":"no method named `hash` found for struct `std::string::String` in the current scope","code":{"code":"E0599","explanation":"This error occurs when a method is used on a type which doesn't implement it:\n\nErroneous code example:\n\n```compile_fail,E0599\nstruct Mouth;\n\nlet x = Mouth;\nx.chocolate(); // error: no method named `chocolate` found for type `Mouth`\n               //        in the current scope\n```\n\nIn this case, you need to implement the `chocolate` method to fix the error:\n\n```\nstruct Mouth;\n\nimpl Mouth {\n    fn chocolate(&self) { // We implement the `chocolate` method here.\n        println!(\"Hmmm! I love chocolate!\");\n    }\n}\n\nlet x = Mouth;\nx.chocolate(); // ok!\n```\n"},"level":"error","spans":[{"file_name":"crates/genetics/src/genome.rs","byte_start":15041,"byte_end":15045,"line_start":415,"line_end":415,"column_start":53,"column_end":57,"is_primary":true,"text":[{"text":"                locus.current_alleles[1].identifier.hash(&mut hasher);","highlight_start":53,"highlight_end":57}],"label":"method not found in `std::string::String`","suggested_replacement":null,"suggestion_applicability":null,"expansion":null},{"file_name":"/rustc/ded5c06cf21d2b93bffd5d884aa6e96934ee4234/library/core/src/hash/mod.rs","byte_start":5819,"byte_end":5823,"line_start":199,"line_end":199,"column_start":8,"column_end":12,"is_primary":false,"text":[],"label":"the method is available for `std::string::String` here","suggested_replacement":null,"suggestion_applicability":null,"expansion":null}],"children":[{"message":"items from traits can only be used if the trait is in scope","code":null,"level":"help","spans":[],"children":[],"rendered":null},{"message":"trait `Hash` which provides `hash` is implemented but not in scope; perhaps you want to import it","code":null,"level":"help","spans":[{"file_name":"crates/genetics/src/genome.rs","byte_start":656,"byte_end":656,"line_start":20,"line_end":20,"column_start":1,"column_end":1,"is_primary":true,"text":[{"text":"use serde::{Deserialize, Serialize};","highlight_start":1,"highlight_end":1}],"label":null,"suggested_replacement":"use std::hash::Hash;\n","suggestion_applicability":"MaybeIncorrect","expansion":null}],"children":[],"rendered":null}],"rendered":"\u001b[1m\u001b[91merror[E0599]\u001b[0m\u001b[1m: no method named `hash` found for struct `std::string::String` in the current scope\u001b[0m\n   \u001b[1m\u001b[94m--> \u001b[0mcrates/genetics/src/genome.rs:415:53\n    \u001b[1m\u001b[94m|\u001b[0m\n\u001b[1m\u001b[94m415\u001b[0m \u001b[1m\u001b[94m|\u001b[0m                 locus.current_alleles[1].identifier.hash(&mut hasher);\n    \u001b[1m\u001b[94m|\u001b[0m                                                     \u001b[1m\u001b[91m^^^^\u001b[0m \u001b[1m\u001b[91mmethod not found in `std::string::String`\u001b[0m\n    \u001b[1m\u001b[94m|\u001b[0m\n   \u001b[1m\u001b[94m--> \u001b[0m/rustc/ded5c06cf21d2b93bffd5d884aa6e96934ee4234/library/core/src/hash/mod.rs:199:8\n    \u001b[1m\u001b[94m|\u001b[0m\n    \u001b[1m\u001b[94m= \u001b[0m\u001b[1mnote\u001b[0m: \u001b[1m\u001b[94mthe method is available for `std::string::String` here\u001b[0m\n    \u001b[1m\u001b[94m|\u001b[0m\n    \u001b[1m\u001b[94m= \u001b[0m\u001b[1mhelp\u001b[0m: items from traits can only be used if the trait is in scope\n\u001b[1m\u001b[96mhelp\u001b[0m: trait `Hash` which provides `hash` is implemented but not in scope; perhaps you want to import it\n    \u001b[1m\u001b[94m|\u001b[0m\n \u001b[1m\u001b[94m20\u001b[0m \u001b[92m+ use std::hash::Hash;\u001b[0m\n    \u001b[1m\u001b[94m|\u001b[0m\n\n"}
{"$message_type":"diagnostic","message":"the trait bound `blake3::Hash: LowerHex` is not satisfied","code":{"code":"E0277","explanation":"You tried to use a type which doesn't implement some trait in a place which\nexpected that trait.\n\nErroneous code example:\n\n```compile_fail,E0277\n// here we declare the Foo trait with a bar method\ntrait Foo {\n    fn bar(&self);\n}\n\n// we now declare a function which takes an object implementing the Foo trait\nfn some_func<T: Foo>(foo: T) {\n    foo.bar();\n}\n\nfn main() {\n    // we now call the method with the i32 type, which doesn't implement\n    // the Foo trait\n    some_func(5i32); // error: the trait bound `i32 : Foo` is not satisfied\n}\n```\n\nIn order to fix this error, verify that the type you're using does implement\nthe trait. Example:\n\n```\ntrait Foo {\n    fn bar(&self);\n}\n\n// we implement the trait on the i32 type\nimpl Foo for i32 {\n    fn bar(&self) {}\n}\n\nfn some_func<T: Foo>(foo: T) {\n    foo.bar(); // we can now use this method since i32 implements the\n               // Foo trait\n}\n\nfn main() {\n    some_func(5i32); // ok!\n}\n```\n\nOr in a generic context, an erroneous code example would look like:\n\n```compile_fail,E0277\nfn some_func<T>(foo: T) {\n    println!(\"{:?}\", foo); // error: the trait `core::fmt::Debug` is not\n                           //        implemented for the type `T`\n}\n\nfn main() {\n    // We now call the method with the i32 type,\n    // which *does* implement the Debug trait.\n    some_func(5i32);\n}\n```\n\nNote that the error here is in the definition of the generic function. Although\nwe only call it with a parameter that does implement `Debug`, the compiler\nstill rejects the function. It must work with all possible input types. In\norder to make this example compile, we need to restrict the generic type we're\naccepting:\n\n```\nuse std::fmt;\n\n// Restrict the input type to types that implement Debug.\nfn some_func<T: fmt::Debug>(foo: T) {\n    println!(\"{:?}\", foo);\n}\n\nfn main() {\n    // Calling the method is still fine, as i32 implements Debug.\n    some_func(5i32);\n\n    // This would fail to compile now:\n    // struct WithoutDebug;\n    // some_func(WithoutDebug);\n}\n```\n\nRust only looks at the signature of the called function, as such it must\nalready specify all requirements that will be used for every type parameter.\n"},"level":"error","spans":[{"file_name":"crates/genetics/src/genome.rs","byte_start":15117,"byte_end":15134,"line_start":419,"line_end":419,"column_start":25,"column_end":42,"is_primary":true,"text":[{"text":"        format!(\"{:x}\", hasher.finalize())","highlight_start":25,"highlight_end":42}],"label":"the trait `LowerHex` is not implemented for `blake3::Hash`","suggested_replacement":null,"suggestion_applicability":null,"expansion":{"span":{"file_name":"/rustc/ded5c06cf21d2b93bffd5d884aa6e96934ee4234/library/alloc/src/macros.rs","byte_start":3921,"byte_end":3961,"line_start":108,"line_end":108,"column_start":33,"column_end":73,"is_primary":false,"text":[],"label":null,"suggested_replacement":null,"suggestion_applicability":null,"expansion":{"span":{"file_name":"/rustc/ded5c06cf21d2b93bffd5d884aa6e96934ee4234/library/alloc/src/macros.rs","byte_start":3921,"byte_end":3961,"line_start":108,"line_end":108,"column_start":33,"column_end":73,"is_primary":false,"text":[],"label":null,"suggested_replacement":null,"suggestion_applicability":null,"expansion":{"span":{"file_name":"crates/genetics/src/genome.rs","byte_start":15101,"byte_end":15135,"line_start":419,"line_end":419,"column_start":9,"column_end":43,"is_primary":false,"text":[{"text":"        format!(\"{:x}\", hasher.finalize())","highlight_start":9,"highlight_end":43}],"label":null,"suggested_replacement":null,"suggestion_applicability":null,"expansion":null},"macro_decl_name":"format!","def_site_span":{"file_name":"/rustc/ded5c06cf21d2b93bffd5d884aa6e96934ee4234/library/alloc/src/macros.rs","byte_start":3807,"byte_end":3826,"line_start":105,"line_end":105,"column_start":1,"column_end":20,"is_primary":false,"text":[],"label":null,"suggested_replacement":null,"suggestion_applicability":null,"expansion":null}}},"macro_decl_name":"$crate::__export::format_args!","def_site_span":{"file_name":"/rustc/ded5c06cf21d2b93bffd5d884aa6e96934ee4234/library/core/src/macros/mod.rs","byte_start":34927,"byte_end":34951,"line_start":997,"line_end":997,"column_start":5,"column_end":29,"is_primary":false,"text":[],"label":null,"suggested_replacement":null,"suggestion_applicability":null,"expansion":null}}},"macro_decl_name":"desugaring of format string literal","def_site_span":{"file_name":"crates/genetics/src/lib.rs","byte_start":0,"byte_end":0,"line_start":1,"line_end":1,"column_start":1,"column_end":1,"is_primary":false,"text":[],"label":null,"suggested_replacement":null,"suggestion_applicability":null,"expansion":null}}},{"file_name":"crates/genetics/src/genome.rs","byte_start":15110,"byte_end":15114,"line_start":419,"line_end":419,"column_start":18,"column_end":22,"is_primary":false,"text":[{"text":"        format!(\"{:x}\", hasher.finalize())","highlight_start":18,"highlight_end":22}],"label":"required by this formatting parameter","suggested_replacement":null,"suggestion_applicability":null,"expansion":{"span":{"file_name":"/rustc/ded5c06cf21d2b93bffd5d884aa6e96934ee4234/library/alloc/src/macros.rs","byte_start":3921,"byte_end":3961,"line_start":108,"line_end":108,"column_start":33,"column_end":73,"is_primary":false,"text":[],"label":null,"suggested_replacement":null,"suggestion_applicability":null,"expansion":{"span":{"file_name":"/rustc/ded5c06cf21d2b93bffd5d884aa6e96934ee4234/library/alloc/src/macros.rs","byte_start":3921,"byte_end":3961,"line_start":108,"line_end":108,"column_start":33,"column_end":73,"is_primary":false,"text":[],"label":null,"suggested_replacement":null,"suggestion_applicability":null,"expansion":{"span":{"file_name":"crates/genetics/src/genome.rs","byte_start":15101,"byte_end":15135,"line_start":419,"line_end":419,"column_start":9,"column_end":43,"is_primary":false,"text":[{"text":"        format!(\"{:x}\", hasher.finalize())","highlight_start":9,"highlight_end":43}],"label":null,"suggested_replacement":null,"suggestion_applicability":null,"expansion":null},"macro_decl_name":"format!","def_site_span":{"file_name":"/rustc/ded5c06cf21d2b93bffd5d884aa6e96934ee4234/library/alloc/src/macros.rs","byte_start":3807,"byte_end":3826,"line_start":105,"line_end":105,"column_start":1,"column_end":20,"is_primary":false,"text":[],"label":null,"suggested_replacement":null,"suggestion_applicability":null,"expansion":null}}},"macro_decl_name":"$crate::__export::format_args!","def_site_span":{"file_name":"/rustc/ded5c06cf21d2b93bffd5d884aa6e96934ee4234/library/core/src/macros/mod.rs","byte_start":34927,"byte_end":34951,"line_start":997,"line_end":997,"column_start":5,"column_end":29,"is_primary":false,"text":[],"label":null,"suggested_replacement":null,"suggestion_applicability":null,"expansion":null}}},"macro_decl_name":"desugaring of format string literal","def_site_span":{"file_name":"crates/genetics/src/lib.rs","byte_start":0,"byte_end":0,"line_start":1,"line_end":1,"column_start":1,"column_end":1,"is_primary":false,"text":[],"label":null,"suggested_replacement":null,"suggestion_applicability":null,"expansion":null}}}],"children":[{"message":"the following other types implement trait `LowerHex`:\n  &T\n  &mut T\n  NonZero<T>\n  Saturating<T>\n  Wrapping<T>\n  generic_array::GenericArray<u8, T>\n  i128\n  i16\nand 20 others","code":null,"level":"help","spans":[],"children":[],"rendered":null}],"rendered":"\u001b[1m\u001b[91merror[E0277]\u001b[0m\u001b[1m: the trait bound `blake3::Hash: LowerHex` is not satisfied\u001b[0m\n   \u001b[1m\u001b[94m--> \u001b[0mcrates/genetics/src/genome.rs:419:25\n    \u001b[1m\u001b[94m|\u001b[0m\n\u001b[1m\u001b[94m419\u001b[0m \u001b[1m\u001b[94m|\u001b[0m         format!(\"{:x}\", hasher.finalize())\n    \u001b[1m\u001b[94m|\u001b[0m                  \u001b[1m\u001b[94m----\u001b[0m   \u001b[1m\u001b[91m^^^^^^^^^^^^^^^^^\u001b[0m \u001b[1m\u001b[91mthe trait `LowerHex` is not implemented for `blake3::Hash`\u001b[0m\n    \u001b[1m\u001b[94m|\u001b[0m                  \u001b[1m\u001b[94m|\u001b[0m\n    \u001b[1m\u001b[94m|\u001b[0m                  \u001b[1m\u001b[94mrequired by this formatting parameter\u001b[0m\n    \u001b[1m\u001b[94m|\u001b[0m\n    \u001b[1m\u001b[94m= \u001b[0m\u001b[1mhelp\u001b[0m: the following other types implement trait `LowerHex`:\n              &T\n              &mut T\n              NonZero<T>\n              Saturating<T>\n              Wrapping<T>\n              generic_array::GenericArray<u8, T>\n              i128\n              i16\n            and 20 others\n    \u001b[1m\u001b[94m= \u001b[0m\u001b[1mnote\u001b[0m: this error originates in the macro `$crate::__export::format_args` which comes from the expansion of the macro `format` (in Nightly builds, run with -Z macro-backtrace for more info)\n\n"}
{"$message_type":"diagnostic","message":"associated function `calculate_checksum` is private","code":{"code":"E0624","explanation":"A private item was used outside of its scope.\n\nErroneous code example:\n\n```compile_fail,E0624\nmod inner {\n    pub struct Foo;\n\n    impl Foo {\n        fn method(&self) {}\n    }\n}\n\nlet foo = inner::Foo;\nfoo.method(); // error: method `method` is private\n```\n\nTwo possibilities are available to solve this issue:\n\n1. Only use the item in the scope it has been defined:\n\n```\nmod inner {\n    pub struct Foo;\n\n    impl Foo {\n        fn method(&self) {}\n    }\n\n    pub fn call_method(foo: &Foo) { // We create a public function.\n        foo.method(); // Which calls the item.\n    }\n}\n\nlet foo = inner::Foo;\ninner::call_method(&foo); // And since the function is public, we can call the\n                          // method through it.\n```\n\n2. Make the item public:\n\n```\nmod inner {\n    pub struct Foo;\n\n    impl Foo {\n        pub fn method(&self) {} // It's now public.\n    }\n}\n\nlet foo = inner::Foo;\nfoo.method(); // Ok!\n```\n"},"level":"error","spans":[{"file_name":"crates/genetics/src/inheritance.rs","byte_start":11879,"byte_end":11897,"line_start":313,"line_end":313,"column_start":32,"column_end":50,"is_primary":true,"text":[{"text":"        let checksum = Genome::calculate_checksum(&offspring_chromosomes);","highlight_start":32,"highlight_end":50}],"label":"private associated function","suggested_replacement":null,"suggestion_applicability":null,"expansion":null},{"file_name":"crates/genetics/src/genome.rs","byte_start":14573,"byte_end":14656,"line_start":406,"line_end":406,"column_start":5,"column_end":88,"is_primary":false,"text":[{"text":"    fn calculate_checksum(chromosomes: &BTreeMap<ChromosomeType, Vec<Locus>>) -> String {","highlight_start":5,"highlight_end":88}],"label":"private associated function defined here","suggested_replacement":null,"suggestion_applicability":null,"expansion":null}],"children":[],"rendered":"\u001b[1m\u001b[91merror[E0624]\u001b[0m\u001b[1m: associated function `calculate_checksum` is private\u001b[0m\n   \u001b[1m\u001b[94m--> \u001b[0mcrates/genetics/src/inheritance.rs:313:32\n    \u001b[1m\u001b[94m|\u001b[0m\n\u001b[1m\u001b[94m313\u001b[0m \u001b[1m\u001b[94m|\u001b[0m         let checksum = Genome::calculate_checksum(&offspring_chromosomes);\n    \u001b[1m\u001b[94m|\u001b[0m                                \u001b[1m\u001b[91m^^^^^^^^^^^^^^^^^^\u001b[0m \u001b[1m\u001b[91mprivate associated function\u001b[0m\n    \u001b[1m\u001b[94m|\u001b[0m\n   \u001b[1m\u001b[94m::: \u001b[0mcrates/genetics/src/genome.rs:406:5\n    \u001b[1m\u001b[94m|\u001b[0m\n\u001b[1m\u001b[94m406\u001b[0m \u001b[1m\u001b[94m|\u001b[0m     fn calculate_checksum(chromosomes: &BTreeMap<ChromosomeType, Vec<Locus>>) -> String {\n    \u001b[1m\u001b[94m|\u001b[0m     \u001b[1m\u001b[94m-----------------------------------------------------------------------------------\u001b[0m \u001b[1m\u001b[94mprivate associated function defined here\u001b[0m\n\n"}
{"$message_type":"diagnostic","message":"mismatched types","code":{"code":"E0308","explanation":"Expected type did not match the received type.\n\nErroneous code examples:\n\n```compile_fail,E0308\nfn plus_one(x: i32) -> i32 {\n    x + 1\n}\n\nplus_one(\"Not a number\");\n//       ^^^^^^^^^^^^^^ expected `i32`, found `&str`\n\nif \"Not a bool\" {\n// ^^^^^^^^^^^^ expected `bool`, found `&str`\n}\n\nlet x: f32 = \"Not a float\";\n//     ---   ^^^^^^^^^^^^^ expected `f32`, found `&str`\n//     |\n//     expected due to this\n```\n\nThis error occurs when an expression was used in a place where the compiler\nexpected an expression of a different type. It can occur in several cases, the\nmost common being when calling a function and passing an argument which has a\ndifferent type than the matching type in the function declaration.\n"},"level":"error","spans":[{"file_name":"crates/genetics/src/inheritance.rs","byte_start":15758,"byte_end":15765,"line_start":400,"line_end":400,"column_start":28,"column_end":35,"is_primary":true,"text":[{"text":"                .unwrap_or(&vec![]);","highlight_start":28,"highlight_end":35}],"label":"expected `&[Allele; 2]`, found `&Vec<_>`","suggested_replacement":null,"suggestion_applicability":null,"expansion":null},{"file_name":"crates/genetics/src/inheritance.rs","byte_start":15748,"byte_end":15757,"line_start":400,"line_end":400,"column_start":18,"column_end":27,"is_primary":false,"text":[{"text":"                .unwrap_or(&vec![]);","highlight_start":18,"highlight_end":27}],"label":"arguments to this method are incorrect","suggested_replacement":null,"suggestion_applicability":null,"expansion":null}],"children":[{"message":"expected reference `&[Allele; 2]`\n   found reference `&Vec<_>`","code":null,"level":"note","spans":[],"children":[],"rendered":null},{"message":"the return type of this call is `&Vec<_>` due to the type of the argument passed","code":null,"level":"help","spans":[{"file_name":"crates/genetics/src/inheritance.rs","byte_start":15758,"byte_end":15765,"line_start":400,"line_end":400,"column_start":28,"column_end":35,"is_primary":false,"text":[{"text":"                .unwrap_or(&vec![]);","highlight_start":28,"highlight_end":35}],"label":"this argument influences the return type of `unwrap_or`","suggested_replacement":null,"suggestion_applicability":null,"expansion":null},{"file_name":"crates/genetics/src/inheritance.rs","byte_start":15583,"byte_end":15766,"line_start":396,"line_end":400,"column_start":35,"column_end":36,"is_primary":true,"text":[{"text":"            let parent1_alleles = parent1.get_all_loci()","highlight_start":35,"highlight_end":57},{"text":"                .iter()","highlight_start":1,"highlight_end":24},{"text":"                .find(|l| l.locus_id == locus.locus_id)","highlight_start":1,"highlight_end":56},{"text":"                .map(|l| &l.current_alleles)","highlight_start":1,"highlight_end":45},{"text":"                .unwrap_or(&vec![]);","highlight_start":1,"highlight_end":36}],"label":null,"suggested_replacement":null,"suggestion_applicability":null,"expansion":null}],"children":[],"rendered":null},{"message":"method defined here","code":null,"level":"note","spans":[{"file_name":"/rustc/ded5c06cf21d2b93bffd5d884aa6e96934ee4234/library/core/src/option.rs","byte_start":40288,"byte_end":40297,"line_start":1037,"line_end":1037,"column_start":18,"column_end":27,"is_primary":true,"text":[],"label":null,"suggested_replacement":null,"suggestion_applicability":null,"expansion":null}],"children":[],"rendered":null}],"rendered":"\u001b[1m\u001b[91merror[E0308]\u001b[0m\u001b[1m: mismatched types\u001b[0m\n   \u001b[1m\u001b[94m--> \u001b[0mcrates/genetics/src/inheritance.rs:400:28\n    \u001b[1m\u001b[94m|\u001b[0m\n\u001b[1m\u001b[94m400\u001b[0m \u001b[1m\u001b[94m|\u001b[0m                 .unwrap_or(&vec![]);\n    \u001b[1m\u001b[94m|\u001b[0m                  \u001b[1m\u001b[94m---------\u001b[0m \u001b[1m\u001b[91m^^^^^^^\u001b[0m \u001b[1m\u001b[91mexpected `&[Allele; 2]`, found `&Vec<_>`\u001b[0m\n    \u001b[1m\u001b[94m|\u001b[0m                  \u001b[1m\u001b[94m|\u001b[0m\n    \u001b[1m\u001b[94m|\u001b[0m                  \u001b[1m\u001b[94marguments to this method are incorrect\u001b[0m\n    \u001b[1m\u001b[94m|\u001b[0m\n    \u001b[1m\u001b[94m= \u001b[0m\u001b[1mnote\u001b[0m: expected reference `&\u001b[1m\u001b[35m[Allele; 2]\u001b[0m`\n               found reference `&\u001b[1m\u001b[35mVec<_>\u001b[0m`\n\u001b[1m\u001b[96mhelp\u001b[0m: the return type of this call is `&Vec<_>` due to the type of the argument passed\n   \u001b[1m\u001b[94m--> \u001b[0mcrates/genetics/src/inheritance.rs:396:35\n    \u001b[1m\u001b[94m|\u001b[0m\n\u001b[1m\u001b[94m396\u001b[0m \u001b[1m\u001b[94m|\u001b[0m               let parent1_alleles = parent1.get_all_loci()\n    \u001b[1m\u001b[94m|\u001b[0m \u001b[1m\u001b[96m ___________________________________^\u001b[0m\n\u001b[1m\u001b[94m397\u001b[0m \u001b[1m\u001b[94m|\u001b[0m \u001b[1m\u001b[96m|\u001b[0m                 .iter()\n\u001b[1m\u001b[94m398\u001b[0m \u001b[1m\u001b[94m|\u001b[0m \u001b[1m\u001b[96m|\u001b[0m                 .find(|l| l.locus_id == locus.locus_id)\n\u001b[1m\u001b[94m399\u001b[0m \u001b[1m\u001b[94m|\u001b[0m \u001b[1m\u001b[96m|\u001b[0m                 .map(|l| &l.current_alleles)\n\u001b[1m\u001b[94m400\u001b[0m \u001b[1m\u001b[94m|\u001b[0m \u001b[1m\u001b[96m|\u001b[0m                 .unwrap_or(&vec![]);\n    \u001b[1m\u001b[94m|\u001b[0m \u001b[1m\u001b[96m|____________________________\u001b[0m\u001b[1m\u001b[94m-------\u001b[0m\u001b[1m\u001b[96m^\u001b[0m\n    \u001b[1m\u001b[94m|\u001b[0m                              \u001b[1m\u001b[94m|\u001b[0m\n    \u001b[1m\u001b[94m|\u001b[0m                              \u001b[1m\u001b[94mthis argument influences the return type of `unwrap_or`\u001b[0m\n\u001b[1m\u001b[92mnote\u001b[0m: method defined here\n   \u001b[1m\u001b[94m--> \u001b[0m/rustc/ded5c06cf21d2b93bffd5d884aa6e96934ee4234/library/core/src/option.rs:1037:18\n\n"}
{"$message_type":"diagnostic","message":"mismatched types","code":{"code":"E0308","explanation":"Expected type did not match the received type.\n\nErroneous code examples:\n\n```compile_fail,E0308\nfn plus_one(x: i32) -> i32 {\n    x + 1\n}\n\nplus_one(\"Not a number\");\n//       ^^^^^^^^^^^^^^ expected `i32`, found `&str`\n\nif \"Not a bool\" {\n// ^^^^^^^^^^^^ expected `bool`, found `&str`\n}\n\nlet x: f32 = \"Not a float\";\n//     ---   ^^^^^^^^^^^^^ expected `f32`, found `&str`\n//     |\n//     expected due to this\n```\n\nThis error occurs when an expression was used in a place where the compiler\nexpected an expression of a different type. It can occur in several cases, the\nmost common being when calling a function and passing an argument which has a\ndifferent type than the matching type in the function declaration.\n"},"level":"error","spans":[{"file_name":"crates/genetics/src/inheritance.rs","byte_start":15990,"byte_end":15997,"line_start":406,"line_end":406,"column_start":28,"column_end":35,"is_primary":true,"text":[{"text":"                .unwrap_or(&vec![]);","highlight_start":28,"highlight_end":35}],"label":"expected `&[Allele; 2]`, found `&Vec<_>`","suggested_replacement":null,"suggestion_applicability":null,"expansion":null},{"file_name":"crates/genetics/src/inheritance.rs","byte_start":15980,"byte_end":15989,"line_start":406,"line_end":406,"column_start":18,"column_end":27,"is_primary":false,"text":[{"text":"                .unwrap_or(&vec![]);","highlight_start":18,"highlight_end":27}],"label":"arguments to this method are incorrect","suggested_replacement":null,"suggestion_applicability":null,"expansion":null}],"children":[{"message":"expected reference `&[Allele; 2]`\n   found reference `&Vec<_>`","code":null,"level":"note","spans":[],"children":[],"rendered":null},{"message":"the return type of this call is `&Vec<_>` due to the type of the argument passed","code":null,"level":"help","spans":[{"file_name":"crates/genetics/src/inheritance.rs","byte_start":15990,"byte_end":15997,"line_start":406,"line_end":406,"column_start":28,"column_end":35,"is_primary":false,"text":[{"text":"                .unwrap_or(&vec![]);","highlight_start":28,"highlight_end":35}],"label":"this argument influences the return type of `unwrap_or`","suggested_replacement":null,"suggestion_applicability":null,"expansion":null},{"file_name":"crates/genetics/src/inheritance.rs","byte_start":15815,"byte_end":15998,"line_start":402,"line_end":406,"column_start":35,"column_end":36,"is_primary":true,"text":[{"text":"            let parent2_alleles = parent2.get_all_loci()","highlight_start":35,"highlight_end":57},{"text":"                .iter()","highlight_start":1,"highlight_end":24},{"text":"                .find(|l| l.locus_id == locus.locus_id)","highlight_start":1,"highlight_end":56},{"text":"                .map(|l| &l.current_alleles)","highlight_start":1,"highlight_end":45},{"text":"                .unwrap_or(&vec![]);","highlight_start":1,"highlight_end":36}],"label":null,"suggested_replacement":null,"suggestion_applicability":null,"expansion":null}],"children":[],"rendered":null},{"message":"method defined here","code":null,"level":"note","spans":[{"file_name":"/rustc/ded5c06cf21d2b93bffd5d884aa6e96934ee4234/library/core/src/option.rs","byte_start":40288,"byte_end":40297,"line_start":1037,"line_end":1037,"column_start":18,"column_end":27,"is_primary":true,"text":[],"label":null,"suggested_replacement":null,"suggestion_applicability":null,"expansion":null}],"children":[],"rendered":null}],"rendered":"\u001b[1m\u001b[91merror[E0308]\u001b[0m\u001b[1m: mismatched types\u001b[0m\n   \u001b[1m\u001b[94m--> \u001b[0mcrates/genetics/src/inheritance.rs:406:28\n    \u001b[1m\u001b[94m|\u001b[0m\n\u001b[1m\u001b[94m406\u001b[0m \u001b[1m\u001b[94m|\u001b[0m                 .unwrap_or(&vec![]);\n    \u001b[1m\u001b[94m|\u001b[0m                  \u001b[1m\u001b[94m---------\u001b[0m \u001b[1m\u001b[91m^^^^^^^\u001b[0m \u001b[1m\u001b[91mexpected `&[Allele; 2]`, found `&Vec<_>`\u001b[0m\n    \u001b[1m\u001b[94m|\u001b[0m                  \u001b[1m\u001b[94m|\u001b[0m\n    \u001b[1m\u001b[94m|\u001b[0m                  \u001b[1m\u001b[94marguments to this method are incorrect\u001b[0m\n    \u001b[1m\u001b[94m|\u001b[0m\n    \u001b[1m\u001b[94m= \u001b[0m\u001b[1mnote\u001b[0m: expected reference `&\u001b[1m\u001b[35m[Allele; 2]\u001b[0m`\n               found reference `&\u001b[1m\u001b[35mVec<_>\u001b[0m`\n\u001b[1m\u001b[96mhelp\u001b[0m: the return type of this call is `&Vec<_>` due to the type of the argument passed\n   \u001b[1m\u001b[94m--> \u001b[0mcrates/genetics/src/inheritance.rs:402:35\n    \u001b[1m\u001b[94m|\u001b[0m\n\u001b[1m\u001b[94m402\u001b[0m \u001b[1m\u001b[94m|\u001b[0m               let parent2_alleles = parent2.get_all_loci()\n    \u001b[1m\u001b[94m|\u001b[0m \u001b[1m\u001b[96m ___________________________________^\u001b[0m\n\u001b[1m\u001b[94m403\u001b[0m \u001b[1m\u001b[94m|\u001b[0m \u001b[1m\u001b[96m|\u001b[0m                 .iter()\n\u001b[1m\u001b[94m404\u001b[0m \u001b[1m\u001b[94m|\u001b[0m \u001b[1m\u001b[96m|\u001b[0m                 .find(|l| l.locus_id == locus.locus_id)\n\u001b[1m\u001b[94m405\u001b[0m \u001b[1m\u001b[94m|\u001b[0m \u001b[1m\u001b[96m|\u001b[0m                 .map(|l| &l.current_alleles)\n\u001b[1m\u001b[94m406\u001b[0m \u001b[1m\u001b[94m|\u001b[0m \u001b[1m\u001b[96m|\u001b[0m                 .unwrap_or(&vec![]);\n    \u001b[1m\u001b[94m|\u001b[0m \u001b[1m\u001b[96m|____________________________\u001b[0m\u001b[1m\u001b[94m-------\u001b[0m\u001b[1m\u001b[96m^\u001b[0m\n    \u001b[1m\u001b[94m|\u001b[0m                              \u001b[1m\u001b[94m|\u001b[0m\n    \u001b[1m\u001b[94m|\u001b[0m                              \u001b[1m\u001b[94mthis argument influences the return type of `unwrap_or`\u001b[0m\n\u001b[1m\u001b[92mnote\u001b[0m: method defined here\n   \u001b[1m\u001b[94m--> \u001b[0m/rustc/ded5c06cf21d2b93bffd5d884aa6e96934ee4234/library/core/src/option.rs:1037:18\n\n"}
{"$message_type":"diagnostic","message":"arguments to this method are incorrect","code":{"code":"E0308","explanation":"Expected type did not match the received type.\n\nErroneous code examples:\n\n```compile_fail,E0308\nfn plus_one(x: i32) -> i32 {\n    x + 1\n}\n\nplus_one(\"Not a number\");\n//       ^^^^^^^^^^^^^^ expected `i32`, found `&str`\n\nif \"Not a bool\" {\n// ^^^^^^^^^^^^ expected `bool`, found `&str`\n}\n\nlet x: f32 = \"Not a float\";\n//     ---   ^^^^^^^^^^^^^ expected `f32`, found `&str`\n//     |\n//     expected due to this\n```\n\nThis error occurs when an expression was used in a place where the compiler\nexpected an expression of a different type. It can occur in several cases, the\nmost common being when calling a function and passing an argument which has a\ndifferent type than the matching type in the function declaration.\n"},"level":"error","spans":[{"file_name":"crates/genetics/src/reproduction.rs","byte_start":15768,"byte_end":15781,"line_start":433,"line_end":433,"column_start":13,"column_end":26,"is_primary":false,"text":[{"text":"            mother_genome,","highlight_start":13,"highlight_end":26}],"label":"expected `String`, found `&Genome`","suggested_replacement":null,"suggestion_applicability":null,"expansion":null},{"file_name":"crates/genetics/src/reproduction.rs","byte_start":15795,"byte_end":15808,"line_start":434,"line_end":434,"column_start":13,"column_end":26,"is_primary":false,"text":[{"text":"            father_genome,","highlight_start":13,"highlight_end":26}],"label":"expected `String`, found `&Genome`","suggested_replacement":null,"suggestion_applicability":null,"expansion":null},{"file_name":"crates/genetics/src/reproduction.rs","byte_start":15822,"byte_end":15839,"line_start":435,"line_end":435,"column_start":13,"column_end":30,"is_primary":false,"text":[{"text":"            &offspring_genome,","highlight_start":13,"highlight_end":30}],"label":"expected `String`, found `&Genome`","suggested_replacement":null,"suggestion_applicability":null,"expansion":null},{"file_name":"crates/genetics/src/reproduction.rs","byte_start":15741,"byte_end":15754,"line_start":432,"line_end":432,"column_start":22,"column_end":35,"is_primary":true,"text":[{"text":"        self.lineage.add_offspring(","highlight_start":22,"highlight_end":35}],"label":null,"suggested_replacement":null,"suggestion_applicability":null,"expansion":null}],"children":[{"message":"method defined here","code":null,"level":"note","spans":[{"file_name":"crates/genetics/src/lineage.rs","byte_start":11978,"byte_end":11995,"line_start":369,"line_end":369,"column_start":9,"column_end":26,"is_primary":false,"text":[{"text":"        mother_id: String,","highlight_start":9,"highlight_end":26}],"label":"","suggested_replacement":null,"suggestion_applicability":null,"expansion":null},{"file_name":"crates/genetics/src/lineage.rs","byte_start":12005,"byte_end":12022,"line_start":370,"line_end":370,"column_start":9,"column_end":26,"is_primary":false,"text":[{"text":"        father_id: String,","highlight_start":9,"highlight_end":26}],"label":"","suggested_replacement":null,"suggestion_applicability":null,"expansion":null},{"file_name":"crates/genetics/src/lineage.rs","byte_start":12032,"byte_end":12052,"line_start":371,"line_end":371,"column_start":9,"column_end":29,"is_primary":false,"text":[{"text":"        offspring_id: String,","highlight_start":9,"highlight_end":29}],"label":"","suggested_replacement":null,"suggestion_applicability":null,"expansion":null},{"file_name":"crates/genetics/src/lineage.rs","byte_start":11936,"byte_end":11949,"line_start":367,"line_end":367,"column_start":12,"column_end":25,"is_primary":true,"text":[{"text":"    pub fn add_offspring(","highlight_start":12,"highlight_end":25}],"label":null,"suggested_replacement":null,"suggestion_applicability":null,"expansion":null}],"children":[],"rendered":null}],"rendered":"\u001b[1m\u001b[91merror[E0308]\u001b[0m\u001b[1m: arguments to this method are incorrect\u001b[0m\n   \u001b[1m\u001b[94m--> \u001b[0mcrates/genetics/src/reproduction.rs:432:22\n    \u001b[1m\u001b[94m|\u001b[0m\n\u001b[1m\u001b[94m432\u001b[0m \u001b[1m\u001b[94m|\u001b[0m         self.lineage.add_offspring(\n    \u001b[1m\u001b[94m|\u001b[0m                      \u001b[1m\u001b[91m^^^^^^^^^^^^^\u001b[0m\n\u001b[1m\u001b[94m433\u001b[0m \u001b[1m\u001b[94m|\u001b[0m             mother_genome,\n    \u001b[1m\u001b[94m|\u001b[0m             \u001b[1m\u001b[94m-------------\u001b[0m \u001b[1m\u001b[94mexpected `String`, found `&Genome`\u001b[0m\n\u001b[1m\u001b[94m434\u001b[0m \u001b[1m\u001b[94m|\u001b[0m             father_genome,\n    \u001b[1m\u001b[94m|\u001b[0m             \u001b[1m\u001b[94m-------------\u001b[0m \u001b[1m\u001b[94mexpected `String`, found `&Genome`\u001b[0m\n\u001b[1m\u001b[94m435\u001b[0m \u001b[1m\u001b[94m|\u001b[0m             &offspring_genome,\n    \u001b[1m\u001b[94m|\u001b[0m             \u001b[1m\u001b[94m-----------------\u001b[0m \u001b[1m\u001b[94mexpected `String`, found `&Genome`\u001b[0m\n    \u001b[1m\u001b[94m|\u001b[0m\n\u001b[1m\u001b[92mnote\u001b[0m: method defined here\n   \u001b[1m\u001b[94m--> \u001b[0mcrates/genetics/src/lineage.rs:367:12\n    \u001b[1m\u001b[94m|\u001b[0m\n\u001b[1m\u001b[94m367\u001b[0m \u001b[1m\u001b[94m|\u001b[0m     pub fn add_offspring(\n    \u001b[1m\u001b[94m|\u001b[0m            \u001b[1m\u001b[92m^^^^^^^^^^^^^\u001b[0m\n\u001b[1m\u001b[94m368\u001b[0m \u001b[1m\u001b[94m|\u001b[0m         &mut self,\n\u001b[1m\u001b[94m369\u001b[0m \u001b[1m\u001b[94m|\u001b[0m         mother_id: String,\n    \u001b[1m\u001b[94m|\u001b[0m         \u001b[1m\u001b[94m-----------------\u001b[0m\n\u001b[1m\u001b[94m370\u001b[0m \u001b[1m\u001b[94m|\u001b[0m         father_id: String,\n    \u001b[1m\u001b[94m|\u001b[0m         \u001b[1m\u001b[94m-----------------\u001b[0m\n\u001b[1m\u001b[94m371\u001b[0m \u001b[1m\u001b[94m|\u001b[0m         offspring_id: String,\n    \u001b[1m\u001b[94m|\u001b[0m         \u001b[1m\u001b[94m--------------------\u001b[0m\n\n"}
{"$message_type":"diagnostic","message":"no field `current_aleles` on type `&&Locus`","code":{"code":"E0609","explanation":"Attempted to access a nonexistent field in a struct.\n\nErroneous code example:\n\n```compile_fail,E0609\nstruct StructWithFields {\n    x: u32,\n}\n\nlet s = StructWithFields { x: 0 };\nprintln!(\"{}\", s.foo); // error: no field `foo` on type `StructWithFields`\n```\n\nTo fix this error, check that you didn't misspell the field's name or that the\nfield actually exists. Example:\n\n```\nstruct StructWithFields {\n    x: u32,\n}\n\nlet s = StructWithFields { x: 0 };\nprintln!(\"{}\", s.x); // ok!\n```\n"},"level":"error","spans":[{"file_name":"crates/genetics/src/reproduction.rs","byte_start":17356,"byte_end":17370,"line_start":472,"line_end":472,"column_start":89,"column_end":103,"is_primary":true,"text":[{"text":"                    let from_parent2 = offspring_locus.current_alleles.contains(&locus2.current_aleles[0]) ||","highlight_start":89,"highlight_end":103}],"label":"unknown field","suggested_replacement":null,"suggestion_applicability":null,"expansion":null}],"children":[{"message":"a field with a similar name exists","code":null,"level":"help","spans":[{"file_name":"crates/genetics/src/reproduction.rs","byte_start":17356,"byte_end":17370,"line_start":472,"line_end":472,"column_start":89,"column_end":103,"is_primary":true,"text":[{"text":"                    let from_parent2 = offspring_locus.current_alleles.contains(&locus2.current_aleles[0]) ||","highlight_start":89,"highlight_end":103}],"label":null,"suggested_replacement":"current_alleles","suggestion_applicability":"MaybeIncorrect","expansion":null}],"children":[],"rendered":null}],"rendered":"\u001b[1m\u001b[91merror[E0609]\u001b[0m\u001b[1m: no field `current_aleles` on type `&&Locus`\u001b[0m\n   \u001b[1m\u001b[94m--> \u001b[0mcrates/genetics/src/reproduction.rs:472:89\n    \u001b[1m\u001b[94m|\u001b[0m\n\u001b[1m\u001b[94m472\u001b[0m \u001b[1m\u001b[94m|\u001b[0m                     let from_parent2 = offspring_locus.current_alleles.contains(&locus2.current_aleles[0]) ||\n    \u001b[1m\u001b[94m|\u001b[0m                                                                                         \u001b[1m\u001b[91m^^^^^^^^^^^^^^\u001b[0m \u001b[1m\u001b[91munknown field\u001b[0m\n    \u001b[1m\u001b[94m|\u001b[0m\n\u001b[1m\u001b[96mhelp\u001b[0m: a field with a similar name exists\n    \u001b[1m\u001b[94m|\u001b[0m\n\u001b[1m\u001b[94m472\u001b[0m \u001b[1m\u001b[94m| \u001b[0m                    let from_parent2 = offspring_locus.current_alleles.contains(&locus2.current_al\u001b[92ml\u001b[0meles[0]) ||\n    \u001b[1m\u001b[94m|\u001b[0m                                                                                                   \u001b[92m+\u001b[0m\n\n"}
{"$message_type":"diagnostic","message":"no method named `get_family_id` found for reference `&AgentLineage` in the current scope","code":{"code":"E0599","explanation":"This error occurs when a method is used on a type which doesn't implement it:\n\nErroneous code example:\n\n```compile_fail,E0599\nstruct Mouth;\n\nlet x = Mouth;\nx.chocolate(); // error: no method named `chocolate` found for type `Mouth`\n               //        in the current scope\n```\n\nIn this case, you need to implement the `chocolate` method to fix the error:\n\n```\nstruct Mouth;\n\nimpl Mouth {\n    fn chocolate(&self) { // We implement the `chocolate` method here.\n        println!(\"Hmmm! I love chocolate!\");\n    }\n}\n\nlet x = Mouth;\nx.chocolate(); // ok!\n```\n"},"level":"error","spans":[{"file_name":"crates/genetics/src/lineage.rs","byte_start":10030,"byte_end":10043,"line_start":309,"line_end":309,"column_start":54,"column_end":67,"is_primary":true,"text":[{"text":"                family_lines.insert(ancestor_lineage.get_family_id());","highlight_start":54,"highlight_end":67}],"label":"method not found in `&AgentLineage`","suggested_replacement":null,"suggestion_applicability":null,"expansion":null}],"children":[],"rendered":"\u001b[1m\u001b[91merror[E0599]\u001b[0m\u001b[1m: no method named `get_family_id` found for reference `&AgentLineage` in the current scope\u001b[0m\n   \u001b[1m\u001b[94m--> \u001b[0mcrates/genetics/src/lineage.rs:309:54\n    \u001b[1m\u001b[94m|\u001b[0m\n\u001b[1m\u001b[94m309\u001b[0m \u001b[1m\u001b[94m|\u001b[0m                 family_lines.insert(ancestor_lineage.get_family_id());\n    \u001b[1m\u001b[94m|\u001b[0m                                                      \u001b[1m\u001b[91m^^^^^^^^^^^^^\u001b[0m \u001b[1m\u001b[91mmethod not found in `&AgentLineage`\u001b[0m\n\n"}
{"$message_type":"diagnostic","message":"`&std::iter::Chain<std::slice::Iter<'_, std::string::String>, std::slice::Iter<'_, std::string::String>>` is not an iterator","code":{"code":"E0277","explanation":"You tried to use a type which doesn't implement some trait in a place which\nexpected that trait.\n\nErroneous code example:\n\n```compile_fail,E0277\n// here we declare the Foo trait with a bar method\ntrait Foo {\n    fn bar(&self);\n}\n\n// we now declare a function which takes an object implementing the Foo trait\nfn some_func<T: Foo>(foo: T) {\n    foo.bar();\n}\n\nfn main() {\n    // we now call the method with the i32 type, which doesn't implement\n    // the Foo trait\n    some_func(5i32); // error: the trait bound `i32 : Foo` is not satisfied\n}\n```\n\nIn order to fix this error, verify that the type you're using does implement\nthe trait. Example:\n\n```\ntrait Foo {\n    fn bar(&self);\n}\n\n// we implement the trait on the i32 type\nimpl Foo for i32 {\n    fn bar(&self) {}\n}\n\nfn some_func<T: Foo>(foo: T) {\n    foo.bar(); // we can now use this method since i32 implements the\n               // Foo trait\n}\n\nfn main() {\n    some_func(5i32); // ok!\n}\n```\n\nOr in a generic context, an erroneous code example would look like:\n\n```compile_fail,E0277\nfn some_func<T>(foo: T) {\n    println!(\"{:?}\", foo); // error: the trait `core::fmt::Debug` is not\n                           //        implemented for the type `T`\n}\n\nfn main() {\n    // We now call the method with the i32 type,\n    // which *does* implement the Debug trait.\n    some_func(5i32);\n}\n```\n\nNote that the error here is in the definition of the generic function. Although\nwe only call it with a parameter that does implement `Debug`, the compiler\nstill rejects the function. It must work with all possible input types. In\norder to make this example compile, we need to restrict the generic type we're\naccepting:\n\n```\nuse std::fmt;\n\n// Restrict the input type to types that implement Debug.\nfn some_func<T: fmt::Debug>(foo: T) {\n    println!(\"{:?}\", foo);\n}\n\nfn main() {\n    // Calling the method is still fine, as i32 implements Debug.\n    some_func(5i32);\n\n    // This would fail to compile now:\n    // struct WithoutDebug;\n    // some_func(WithoutDebug);\n}\n```\n\nRust only looks at the signature of the called function, as such it must\nalready specify all requirements that will be used for every type parameter.\n"},"level":"error","spans":[{"file_name":"crates/genetics/src/lineage.rs","byte_start":13099,"byte_end":13273,"line_start":398,"line_end":399,"column_start":25,"column_end":97,"is_primary":true,"text":[{"text":"        for child_id in &self.lineages.get(&mother_id).map(|l| &l.children).unwrap_or(&vec![]).iter()","highlight_start":25,"highlight_end":102},{"text":"            .chain(self.lineages.get(&father_id).map(|l| &l.children).unwrap_or(&vec![]).iter()) {","highlight_start":1,"highlight_end":97}],"label":"`&std::iter::Chain<std::slice::Iter<'_, std::string::String>, std::slice::Iter<'_, std::string::String>>` is not an iterator","suggested_replacement":null,"suggestion_applicability":null,"expansion":{"span":{"file_name":"crates/genetics/src/lineage.rs","byte_start":13099,"byte_end":13273,"line_start":398,"line_end":399,"column_start":25,"column_end":97,"is_primary":false,"text":[{"text":"        for child_id in &self.lineages.get(&mother_id).map(|l| &l.children).unwrap_or(&vec![]).iter()","highlight_start":25,"highlight_end":102},{"text":"            .chain(self.lineages.get(&father_id).map(|l| &l.children).unwrap_or(&vec![]).iter()) {","highlight_start":1,"highlight_end":97}],"label":null,"suggested_replacement":null,"suggestion_applicability":null,"expansion":null},"macro_decl_name":"desugaring of `for` loop","def_site_span":{"file_name":"crates/genetics/src/lib.rs","byte_start":0,"byte_end":0,"line_start":1,"line_end":1,"column_start":1,"column_end":1,"is_primary":false,"text":[],"label":null,"suggested_replacement":null,"suggestion_applicability":null,"expansion":null}}}],"children":[{"message":"the trait `Iterator` is not implemented for `&std::iter::Chain<std::slice::Iter<'_, std::string::String>, std::slice::Iter<'_, std::string::String>>`","code":null,"level":"help","spans":[],"children":[],"rendered":null},{"message":"`Iterator` is implemented for `&mut std::iter::Chain<std::slice::Iter<'_, std::string::String>, std::slice::Iter<'_, std::string::String>>`, but not for `&std::iter::Chain<std::slice::Iter<'_, std::string::String>, std::slice::Iter<'_, std::string::String>>`","code":null,"level":"note","spans":[],"children":[],"rendered":null},{"message":"required for `&std::iter::Chain<std::slice::Iter<'_, std::string::String>, std::slice::Iter<'_, std::string::String>>` to implement `IntoIterator`","code":null,"level":"note","spans":[],"children":[],"rendered":null},{"message":"consider removing the leading `&`-reference","code":null,"level":"help","spans":[{"file_name":"crates/genetics/src/lineage.rs","byte_start":13099,"byte_end":13100,"line_start":398,"line_end":398,"column_start":25,"column_end":26,"is_primary":true,"text":[{"text":"        for child_id in &self.lineages.get(&mother_id).map(|l| &l.children).unwrap_or(&vec![]).iter()","highlight_start":25,"highlight_end":26}],"label":null,"suggested_replacement":"","suggestion_applicability":"MachineApplicable","expansion":null}],"children":[],"rendered":null}],"rendered":"\u001b[1m\u001b[91merror[E0277]\u001b[0m\u001b[1m: `&std::iter::Chain<std::slice::Iter<'_, std::string::String>, std::slice::Iter<'_, std::string::String>>` is not an iterator\u001b[0m\n   \u001b[1m\u001b[94m--> \u001b[0mcrates/genetics/src/lineage.rs:398:25\n    \u001b[1m\u001b[94m|\u001b[0m\n\u001b[1m\u001b[94m398\u001b[0m \u001b[1m\u001b[94m|\u001b[0m           for child_id in &self.lineages.get(&mother_id).map(|l| &l.children).unwrap_or(&vec![]).iter()\n    \u001b[1m\u001b[94m|\u001b[0m \u001b[1m\u001b[91m _________________________^\u001b[0m\n\u001b[1m\u001b[94m399\u001b[0m \u001b[1m\u001b[94m|\u001b[0m \u001b[1m\u001b[91m|\u001b[0m             .chain(self.lineages.get(&father_id).map(|l| &l.children).unwrap_or(&vec![]).iter()) {\n    \u001b[1m\u001b[94m|\u001b[0m \u001b[1m\u001b[91m|________________________________________________________________________________________________^\u001b[0m \u001b[1m\u001b[91m`&std::iter::Chain<std::slice::Iter<'_, std::string::String>, std::slice::Iter<'_, std::string::String>>` is not an iterator\u001b[0m\n    \u001b[1m\u001b[94m|\u001b[0m\n    \u001b[1m\u001b[94m= \u001b[0m\u001b[1mhelp\u001b[0m: the trait `Iterator` is not implemented for `&std::iter::Chain<std::slice::Iter<'_, std::string::String>, std::slice::Iter<'_, std::string::String>>`\n    \u001b[1m\u001b[94m= \u001b[0m\u001b[1mnote\u001b[0m: `Iterator` is implemented for `&mut std::iter::Chain<std::slice::Iter<'_, std::string::String>, std::slice::Iter<'_, std::string::String>>`, but not for `&std::iter::Chain<std::slice::Iter<'_, std::string::String>, std::slice::Iter<'_, std::string::String>>`\n    \u001b[1m\u001b[94m= \u001b[0m\u001b[1mnote\u001b[0m: required for `&std::iter::Chain<std::slice::Iter<'_, std::string::String>, std::slice::Iter<'_, std::string::String>>` to implement `IntoIterator`\n\u001b[1m\u001b[96mhelp\u001b[0m: consider removing the leading `&`-reference\n    \u001b[1m\u001b[94m|\u001b[0m\n\u001b[1m\u001b[94m398\u001b[0m \u001b[91m- \u001b[0m        for child_id in \u001b[91m&\u001b[0mself.lineages.get(&mother_id).map(|l| &l.children).unwrap_or(&vec![]).iter()\n\u001b[1m\u001b[94m398\u001b[0m \u001b[92m+ \u001b[0m        for child_id in self.lineages.get(&mother_id).map(|l| &l.children).unwrap_or(&vec![]).iter()\n    \u001b[1m\u001b[94m|\u001b[0m\n\n"}
{"$message_type":"diagnostic","message":"type annotations needed","code":{"code":"E0282","explanation":"The compiler could not infer a type and asked for a type annotation.\n\nErroneous code example:\n\n```compile_fail,E0282\nlet x = Vec::new();\n```\n\nThis error indicates that type inference did not result in one unique possible\ntype, and extra information is required. In most cases this can be provided\nby adding a type annotation. Sometimes you need to specify a generic type\nparameter manually.\n\nIn the example above, type `Vec` has a type parameter `T`. When calling\n`Vec::new`, barring any other later usage of the variable `x` that allows the\ncompiler to infer what type `T` is, the compiler needs to be told what it is.\n\nThe type can be specified on the variable:\n\n```\nlet x: Vec<i32> = Vec::new();\n```\n\nThe type can also be specified in the path of the expression:\n\n```\nlet x = Vec::<i32>::new();\n```\n\nIn cases with more complex types, it is not necessary to annotate the full\ntype. Once the ambiguity is resolved, the compiler can infer the rest:\n\n```\nlet x: Vec<_> = \"hello\".chars().rev().collect();\n```\n\nAnother way to provide the compiler with enough information, is to specify the\ngeneric type parameter:\n\n```\nlet x = \"hello\".chars().rev().collect::<Vec<char>>();\n```\n\nAgain, you need not specify the full type if the compiler can infer it:\n\n```\nlet x = \"hello\".chars().rev().collect::<Vec<_>>();\n```\n\nApart from a method or function with a generic type parameter, this error can\noccur when a type parameter of a struct or trait cannot be inferred. In that\ncase it is not always possible to use a type annotation, because all candidates\nhave the same return type. For instance:\n\n```compile_fail,E0282\nstruct Foo<T> {\n    num: T,\n}\n\nimpl<T> Foo<T> {\n    fn bar() -> i32 {\n        0\n    }\n\n    fn baz() {\n        let number = Foo::bar();\n    }\n}\n```\n\nThis will fail because the compiler does not know which instance of `Foo` to\ncall `bar` on. Change `Foo::bar()` to `Foo::<T>::bar()` to resolve the error.\n"},"level":"error","spans":[{"file_name":"crates/genetics/src/lineage.rs","byte_start":13494,"byte_end":13502,"line_start":402,"line_end":402,"column_start":47,"column_end":55,"is_primary":false,"text":[{"text":"                offspring_lineage.add_sibling(child_id.clone(), sibling_lineage.generation, tick);","highlight_start":47,"highlight_end":55}],"label":"type must be known at this point","suggested_replacement":null,"suggestion_applicability":null,"expansion":null},{"file_name":"crates/genetics/src/lineage.rs","byte_start":13333,"byte_end":13340,"line_start":400,"line_end":400,"column_start":58,"column_end":65,"is_primary":true,"text":[{"text":"            if let Some(sibling_lineage) = self.lineages.get_mut(child_id) {","highlight_start":58,"highlight_end":65}],"label":"cannot infer type of the type parameter `Q` declared on the method `get_mut`","suggested_replacement":null,"suggestion_applicability":null,"expansion":null}],"children":[{"message":"consider specifying the generic argument","code":null,"level":"help","spans":[{"file_name":"crates/genetics/src/lineage.rs","byte_start":13340,"byte_end":13340,"line_start":400,"line_end":400,"column_start":65,"column_end":65,"is_primary":true,"text":[{"text":"            if let Some(sibling_lineage) = self.lineages.get_mut(child_id) {","highlight_start":65,"highlight_end":65}],"label":null,"suggested_replacement":"::<Q>","suggestion_applicability":"HasPlaceholders","expansion":null}],"children":[],"rendered":null}],"rendered":"\u001b[1m\u001b[91merror[E0282]\u001b[0m\u001b[1m: type annotations needed\u001b[0m\n   \u001b[1m\u001b[94m--> \u001b[0mcrates/genetics/src/lineage.rs:400:58\n    \u001b[1m\u001b[94m|\u001b[0m\n\u001b[1m\u001b[94m400\u001b[0m \u001b[1m\u001b[94m|\u001b[0m             if let Some(sibling_lineage) = self.lineages.get_mut(child_id) {\n    \u001b[1m\u001b[94m|\u001b[0m                                                          \u001b[1m\u001b[91m^^^^^^^\u001b[0m \u001b[1m\u001b[91mcannot infer type of the type parameter `Q` declared on the method `get_mut`\u001b[0m\n\u001b[1m\u001b[94m401\u001b[0m \u001b[1m\u001b[94m|\u001b[0m                 sibling_lineage.add_sibling(offspring_id.clone(), offspring_generation, tick);\n\u001b[1m\u001b[94m402\u001b[0m \u001b[1m\u001b[94m|\u001b[0m                 offspring_lineage.add_sibling(child_id.clone(), sibling_lineage.generation, tick);\n    \u001b[1m\u001b[94m|\u001b[0m                                               \u001b[1m\u001b[94m--------\u001b[0m \u001b[1m\u001b[94mtype must be known at this point\u001b[0m\n    \u001b[1m\u001b[94m|\u001b[0m\n\u001b[1m\u001b[96mhelp\u001b[0m: consider specifying the generic argument\n    \u001b[1m\u001b[94m|\u001b[0m\n\u001b[1m\u001b[94m400\u001b[0m \u001b[1m\u001b[94m| \u001b[0m            if let Some(sibling_lineage) = self.lineages.get_mut\u001b[92m::<Q>\u001b[0m(child_id) {\n    \u001b[1m\u001b[94m|\u001b[0m                                                                 \u001b[92m+++++\u001b[0m\n\n"}
{"$message_type":"diagnostic","message":"mismatched types","code":{"code":"E0308","explanation":"Expected type did not match the received type.\n\nErroneous code examples:\n\n```compile_fail,E0308\nfn plus_one(x: i32) -> i32 {\n    x + 1\n}\n\nplus_one(\"Not a number\");\n//       ^^^^^^^^^^^^^^ expected `i32`, found `&str`\n\nif \"Not a bool\" {\n// ^^^^^^^^^^^^ expected `bool`, found `&str`\n}\n\nlet x: f32 = \"Not a float\";\n//     ---   ^^^^^^^^^^^^^ expected `f32`, found `&str`\n//     |\n//     expected due to this\n```\n\nThis error occurs when an expression was used in a place where the compiler\nexpected an expression of a different type. It can occur in several cases, the\nmost common being when calling a function and passing an argument which has a\ndifferent type than the matching type in the function declaration.\n"},"level":"error","spans":[{"file_name":"crates/genetics/src/mutation.rs","byte_start":6085,"byte_end":6095,"line_start":189,"line_end":189,"column_start":40,"column_end":50,"is_primary":true,"text":[{"text":"        self.banned_mutations.contains(&allele_id)","highlight_start":40,"highlight_end":50}],"label":"expected `&String`, found `&&str`","suggested_replacement":null,"suggestion_applicability":null,"expansion":null},{"file_name":"crates/genetics/src/mutation.rs","byte_start":6076,"byte_end":6084,"line_start":189,"line_end":189,"column_start":31,"column_end":39,"is_primary":false,"text":[{"text":"        self.banned_mutations.contains(&allele_id)","highlight_start":31,"highlight_end":39}],"label":"arguments to this method are incorrect","suggested_replacement":null,"suggestion_applicability":null,"expansion":null}],"children":[{"message":"expected reference `&std::string::String`\n   found reference `&&str`","code":null,"level":"note","spans":[],"children":[],"rendered":null},{"message":"method defined here","code":null,"level":"note","spans":[{"file_name":"/rustc/ded5c06cf21d2b93bffd5d884aa6e96934ee4234/library/core/src/slice/mod.rs","byte_start":93425,"byte_end":93433,"line_start":2583,"line_end":2583,"column_start":12,"column_end":20,"is_primary":true,"text":[],"label":null,"suggested_replacement":null,"suggestion_applicability":null,"expansion":null}],"children":[],"rendered":null}],"rendered":"\u001b[1m\u001b[91merror[E0308]\u001b[0m\u001b[1m: mismatched types\u001b[0m\n   \u001b[1m\u001b[94m--> \u001b[0mcrates/genetics/src/mutation.rs:189:40\n    \u001b[1m\u001b[94m|\u001b[0m\n\u001b[1m\u001b[94m189\u001b[0m \u001b[1m\u001b[94m|\u001b[0m         self.banned_mutations.contains(&allele_id)\n    \u001b[1m\u001b[94m|\u001b[0m                               \u001b[1m\u001b[94m--------\u001b[0m \u001b[1m\u001b[91m^^^^^^^^^^\u001b[0m \u001b[1m\u001b[91mexpected `&String`, found `&&str`\u001b[0m\n    \u001b[1m\u001b[94m|\u001b[0m                               \u001b[1m\u001b[94m|\u001b[0m\n    \u001b[1m\u001b[94m|\u001b[0m                               \u001b[1m\u001b[94marguments to this method are incorrect\u001b[0m\n    \u001b[1m\u001b[94m|\u001b[0m\n    \u001b[1m\u001b[94m= \u001b[0m\u001b[1mnote\u001b[0m: expected reference `&\u001b[1m\u001b[35mstd::string::String\u001b[0m`\n               found reference `&\u001b[1m\u001b[35m&str\u001b[0m`\n\u001b[1m\u001b[92mnote\u001b[0m: method defined here\n   \u001b[1m\u001b[94m--> \u001b[0m/rustc/ded5c06cf21d2b93bffd5d884aa6e96934ee4234/library/core/src/slice/mod.rs:2583:12\n\n"}
{"$message_type":"diagnostic","message":"mismatched types","code":{"code":"E0308","explanation":"Expected type did not match the received type.\n\nErroneous code examples:\n\n```compile_fail,E0308\nfn plus_one(x: i32) -> i32 {\n    x + 1\n}\n\nplus_one(\"Not a number\");\n//       ^^^^^^^^^^^^^^ expected `i32`, found `&str`\n\nif \"Not a bool\" {\n// ^^^^^^^^^^^^ expected `bool`, found `&str`\n}\n\nlet x: f32 = \"Not a float\";\n//     ---   ^^^^^^^^^^^^^ expected `f32`, found `&str`\n//     |\n//     expected due to this\n```\n\nThis error occurs when an expression was used in a place where the compiler\nexpected an expression of a different type. It can occur in several cases, the\nmost common being when calling a function and passing an argument which has a\ndifferent type than the matching type in the function declaration.\n"},"level":"error","spans":[{"file_name":"crates/genetics/src/mutation.rs","byte_start":8692,"byte_end":8707,"line_start":259,"line_end":259,"column_start":25,"column_end":40,"is_primary":true,"text":[{"text":"                        &mutated_genome,","highlight_start":25,"highlight_end":40}],"label":"types differ in mutability","suggested_replacement":null,"suggestion_applicability":null,"expansion":null},{"file_name":"crates/genetics/src/mutation.rs","byte_start":8654,"byte_end":8666,"line_start":258,"line_end":258,"column_start":56,"column_end":68,"is_primary":false,"text":[{"text":"                    if let Some(mutation_event) = self.mutate_locus(","highlight_start":56,"highlight_end":68}],"label":"arguments to this method are incorrect","suggested_replacement":null,"suggestion_applicability":null,"expansion":null}],"children":[{"message":"expected mutable reference `&mut Genome`\n           found reference `&Genome`","code":null,"level":"note","spans":[],"children":[],"rendered":null},{"message":"method defined here","code":null,"level":"note","spans":[{"file_name":"crates/genetics/src/mutation.rs","byte_start":11348,"byte_end":11367,"line_start":338,"line_end":338,"column_start":9,"column_end":28,"is_primary":false,"text":[{"text":"        genome: &mut Genome,","highlight_start":9,"highlight_end":28}],"label":"","suggested_replacement":null,"suggestion_applicability":null,"expansion":null},{"file_name":"crates/genetics/src/mutation.rs","byte_start":11311,"byte_end":11323,"line_start":336,"line_end":336,"column_start":8,"column_end":20,"is_primary":true,"text":[{"text":"    fn mutate_locus(","highlight_start":8,"highlight_end":20}],"label":null,"suggested_replacement":null,"suggestion_applicability":null,"expansion":null}],"children":[],"rendered":null}],"rendered":"\u001b[1m\u001b[91merror[E0308]\u001b[0m\u001b[1m: mismatched types\u001b[0m\n   \u001b[1m\u001b[94m--> \u001b[0mcrates/genetics/src/mutation.rs:259:25\n    \u001b[1m\u001b[94m|\u001b[0m\n\u001b[1m\u001b[94m258\u001b[0m \u001b[1m\u001b[94m|\u001b[0m                     if let Some(mutation_event) = self.mutate_locus(\n    \u001b[1m\u001b[94m|\u001b[0m                                                        \u001b[1m\u001b[94m------------\u001b[0m \u001b[1m\u001b[94marguments to this method are incorrect\u001b[0m\n\u001b[1m\u001b[94m259\u001b[0m \u001b[1m\u001b[94m|\u001b[0m                         &mutated_genome,\n    \u001b[1m\u001b[94m|\u001b[0m                         \u001b[1m\u001b[91m^^^^^^^^^^^^^^^\u001b[0m \u001b[1m\u001b[91mtypes differ in mutability\u001b[0m\n    \u001b[1m\u001b[94m|\u001b[0m\n    \u001b[1m\u001b[94m= \u001b[0m\u001b[1mnote\u001b[0m: expected mutable reference `&\u001b[1m\u001b[35mmut \u001b[0mGenome`\n                       found reference `&Genome`\n\u001b[1m\u001b[92mnote\u001b[0m: method defined here\n   \u001b[1m\u001b[94m--> \u001b[0mcrates/genetics/src/mutation.rs:336:8\n    \u001b[1m\u001b[94m|\u001b[0m\n\u001b[1m\u001b[94m336\u001b[0m \u001b[1m\u001b[94m|\u001b[0m     fn mutate_locus(\n    \u001b[1m\u001b[94m|\u001b[0m        \u001b[1m\u001b[92m^^^^^^^^^^^^\u001b[0m\n\u001b[1m\u001b[94m337\u001b[0m \u001b[1m\u001b[94m|\u001b[0m         &self,\n\u001b[1m\u001b[94m338\u001b[0m \u001b[1m\u001b[94m|\u001b[0m         genome: &mut Genome,\n    \u001b[1m\u001b[94m|\u001b[0m         \u001b[1m\u001b[94m-------------------\u001b[0m\n\n"}
{"$message_type":"diagnostic","message":"associated function `calculate_checksum` is private","code":{"code":"E0624","explanation":"A private item was used outside of its scope.\n\nErroneous code example:\n\n```compile_fail,E0624\nmod inner {\n    pub struct Foo;\n\n    impl Foo {\n        fn method(&self) {}\n    }\n}\n\nlet foo = inner::Foo;\nfoo.method(); // error: method `method` is private\n```\n\nTwo possibilities are available to solve this issue:\n\n1. Only use the item in the scope it has been defined:\n\n```\nmod inner {\n    pub struct Foo;\n\n    impl Foo {\n        fn method(&self) {}\n    }\n\n    pub fn call_method(foo: &Foo) { // We create a public function.\n        foo.method(); // Which calls the item.\n    }\n}\n\nlet foo = inner::Foo;\ninner::call_method(&foo); // And since the function is public, we can call the\n                          // method through it.\n```\n\n2. Make the item public:\n\n```\nmod inner {\n    pub struct Foo;\n\n    impl Foo {\n        pub fn method(&self) {} // It's now public.\n    }\n}\n\nlet foo = inner::Foo;\nfoo.method(); // Ok!\n```\n"},"level":"error","spans":[{"file_name":"crates/genetics/src/mutation.rs","byte_start":9434,"byte_end":9452,"line_start":278,"line_end":278,"column_start":43,"column_end":61,"is_primary":true,"text":[{"text":"        mutated_genome.checksum = Genome::calculate_checksum(&mutated_genome.chromosomes);","highlight_start":43,"highlight_end":61}],"label":"private associated function","suggested_replacement":null,"suggestion_applicability":null,"expansion":null},{"file_name":"crates/genetics/src/genome.rs","byte_start":14573,"byte_end":14656,"line_start":406,"line_end":406,"column_start":5,"column_end":88,"is_primary":false,"text":[{"text":"    fn calculate_checksum(chromosomes: &BTreeMap<ChromosomeType, Vec<Locus>>) -> String {","highlight_start":5,"highlight_end":88}],"label":"private associated function defined here","suggested_replacement":null,"suggestion_applicability":null,"expansion":null}],"children":[],"rendered":"\u001b[1m\u001b[91merror[E0624]\u001b[0m\u001b[1m: associated function `calculate_checksum` is private\u001b[0m\n   \u001b[1m\u001b[94m--> \u001b[0mcrates/genetics/src/mutation.rs:278:43\n    \u001b[1m\u001b[94m|\u001b[0m\n\u001b[1m\u001b[94m278\u001b[0m \u001b[1m\u001b[94m|\u001b[0m         mutated_genome.checksum = Genome::calculate_checksum(&mutated_genome.chromosomes);\n    \u001b[1m\u001b[94m|\u001b[0m                                           \u001b[1m\u001b[91m^^^^^^^^^^^^^^^^^^\u001b[0m \u001b[1m\u001b[91mprivate associated function\u001b[0m\n    \u001b[1m\u001b[94m|\u001b[0m\n   \u001b[1m\u001b[94m::: \u001b[0mcrates/genetics/src/genome.rs:406:5\n    \u001b[1m\u001b[94m|\u001b[0m\n\u001b[1m\u001b[94m406\u001b[0m \u001b[1m\u001b[94m|\u001b[0m     fn calculate_checksum(chromosomes: &BTreeMap<ChromosomeType, Vec<Locus>>) -> String {\n    \u001b[1m\u001b[94m|\u001b[0m     \u001b[1m\u001b[94m-----------------------------------------------------------------------------------\u001b[0m \u001b[1m\u001b[94mprivate associated function defined here\u001b[0m\n\n"}
{"$message_type":"diagnostic","message":"unused variable: `parent2_prob`","code":{"code":"unused_variables","explanation":null},"level":"warning","spans":[{"file_name":"crates/genetics/src/inheritance.rs","byte_start":7885,"byte_end":7897,"line_start":219,"line_end":219,"column_start":17,"column_end":29,"is_primary":true,"text":[{"text":"            let parent2_prob = pattern.parent2_probability();","highlight_start":17,"highlight_end":29}],"label":null,"suggested_replacement":null,"suggestion_applicability":null,"expansion":null}],"children":[{"message":"`#[warn(unused_variables)]` (part of `#[warn(unused)]`) on by default","code":null,"level":"note","spans":[],"children":[],"rendered":null},{"message":"if this is intentional, prefix it with an underscore","code":null,"level":"help","spans":[{"file_name":"crates/genetics/src/inheritance.rs","byte_start":7885,"byte_end":7897,"line_start":219,"line_end":219,"column_start":17,"column_end":29,"is_primary":true,"text":[{"text":"            let parent2_prob = pattern.parent2_probability();","highlight_start":17,"highlight_end":29}],"label":null,"suggested_replacement":"_parent2_prob","suggestion_applicability":"MachineApplicable","expansion":null}],"children":[],"rendered":null}],"rendered":"\u001b[1m\u001b[33mwarning\u001b[0m\u001b[1m: unused variable: `parent2_prob`\u001b[0m\n   \u001b[1m\u001b[94m--> \u001b[0mcrates/genetics/src/inheritance.rs:219:17\n    \u001b[1m\u001b[94m|\u001b[0m\n\u001b[1m\u001b[94m219\u001b[0m \u001b[1m\u001b[94m|\u001b[0m             let parent2_prob = pattern.parent2_probability();\n    \u001b[1m\u001b[94m|\u001b[0m                 \u001b[1m\u001b[33m^^^^^^^^^^^^\u001b[0m \u001b[1m\u001b[33mhelp: if this is intentional, prefix it with an underscore: `_parent2_prob`\u001b[0m\n    \u001b[1m\u001b[94m|\u001b[0m\n    \u001b[1m\u001b[94m= \u001b[0m\u001b[1mnote\u001b[0m: `#[warn(unused_variables)]` (part of `#[warn(unused)]`) on by default\n\n"}
{"$message_type":"diagnostic","message":"unused variable: `parent1`","code":{"code":"unused_variables","explanation":null},"level":"warning","spans":[{"file_name":"crates/genetics/src/inheritance.rs","byte_start":12458,"byte_end":12465,"line_start":329,"line_end":329,"column_start":9,"column_end":16,"is_primary":true,"text":[{"text":"        parent1: &Genome,","highlight_start":9,"highlight_end":16}],"label":null,"suggested_replacement":null,"suggestion_applicability":null,"expansion":null}],"children":[{"message":"if this is intentional, prefix it with an underscore","code":null,"level":"help","spans":[{"file_name":"crates/genetics/src/inheritance.rs","byte_start":12458,"byte_end":12465,"line_start":329,"line_end":329,"column_start":9,"column_end":16,"is_primary":true,"text":[{"text":"        parent1: &Genome,","highlight_start":9,"highlight_end":16}],"label":null,"suggested_replacement":"_parent1","suggestion_applicability":"MachineApplicable","expansion":null}],"children":[],"rendered":null}],"rendered":"\u001b[1m\u001b[33mwarning\u001b[0m\u001b[1m: unused variable: `parent1`\u001b[0m\n   \u001b[1m\u001b[94m--> \u001b[0mcrates/genetics/src/inheritance.rs:329:9\n    \u001b[1m\u001b[94m|\u001b[0m\n\u001b[1m\u001b[94m329\u001b[0m \u001b[1m\u001b[94m|\u001b[0m         parent1: &Genome,\n    \u001b[1m\u001b[94m|\u001b[0m         \u001b[1m\u001b[33m^^^^^^^\u001b[0m \u001b[1m\u001b[33mhelp: if this is intentional, prefix it with an underscore: `_parent1`\u001b[0m\n\n"}
{"$message_type":"diagnostic","message":"unused variable: `parent2`","code":{"code":"unused_variables","explanation":null},"level":"warning","spans":[{"file_name":"crates/genetics/src/inheritance.rs","byte_start":12484,"byte_end":12491,"line_start":330,"line_end":330,"column_start":9,"column_end":16,"is_primary":true,"text":[{"text":"        parent2: &Genome,","highlight_start":9,"highlight_end":16}],"label":null,"suggested_replacement":null,"suggestion_applicability":null,"expansion":null}],"children":[{"message":"if this is intentional, prefix it with an underscore","code":null,"level":"help","spans":[{"file_name":"crates/genetics/src/inheritance.rs","byte_start":12484,"byte_end":12491,"line_start":330,"line_end":330,"column_start":9,"column_end":16,"is_primary":true,"text":[{"text":"        parent2: &Genome,","highlight_start":9,"highlight_end":16}],"label":null,"suggested_replacement":"_parent2","suggestion_applicability":"MachineApplicable","expansion":null}],"children":[],"rendered":null}],"rendered":"\u001b[1m\u001b[33mwarning\u001b[0m\u001b[1m: unused variable: `parent2`\u001b[0m\n   \u001b[1m\u001b[94m--> \u001b[0mcrates/genetics/src/inheritance.rs:330:9\n    \u001b[1m\u001b[94m|\u001b[0m\n\u001b[1m\u001b[94m330\u001b[0m \u001b[1m\u001b[94m|\u001b[0m         parent2: &Genome,\n    \u001b[1m\u001b[94m|\u001b[0m         \u001b[1m\u001b[33m^^^^^^^\u001b[0m \u001b[1m\u001b[33mhelp: if this is intentional, prefix it with an underscore: `_parent2`\u001b[0m\n\n"}
{"$message_type":"diagnostic","message":"unused variable: `genome1`","code":{"code":"unused_variables","explanation":null},"level":"warning","spans":[{"file_name":"crates/genetics/src/reproduction.rs","byte_start":4789,"byte_end":4796,"line_start":130,"line_end":130,"column_start":34,"column_end":41,"is_primary":true,"text":[{"text":"    pub fn are_compatible(&self, genome1: &Genome, genome2: &Genome) -> bool {","highlight_start":34,"highlight_end":41}],"label":null,"suggested_replacement":null,"suggestion_applicability":null,"expansion":null}],"children":[{"message":"if this is intentional, prefix it with an underscore","code":null,"level":"help","spans":[{"file_name":"crates/genetics/src/reproduction.rs","byte_start":4789,"byte_end":4796,"line_start":130,"line_end":130,"column_start":34,"column_end":41,"is_primary":true,"text":[{"text":"    pub fn are_compatible(&self, genome1: &Genome, genome2: &Genome) -> bool {","highlight_start":34,"highlight_end":41}],"label":null,"suggested_replacement":"_genome1","suggestion_applicability":"MachineApplicable","expansion":null}],"children":[],"rendered":null}],"rendered":"\u001b[1m\u001b[33mwarning\u001b[0m\u001b[1m: unused variable: `genome1`\u001b[0m\n   \u001b[1m\u001b[94m--> \u001b[0mcrates/genetics/src/reproduction.rs:130:34\n    \u001b[1m\u001b[94m|\u001b[0m\n\u001b[1m\u001b[94m130\u001b[0m \u001b[1m\u001b[94m|\u001b[0m     pub fn are_compatible(&self, genome1: &Genome, genome2: &Genome) -> bool {\n    \u001b[1m\u001b[94m|\u001b[0m                                  \u001b[1m\u001b[33m^^^^^^^\u001b[0m \u001b[1m\u001b[33mhelp: if this is intentional, prefix it with an underscore: `_genome1`\u001b[0m\n\n"}
{"$message_type":"diagnostic","message":"unused variable: `genome2`","code":{"code":"unused_variables","explanation":null},"level":"warning","spans":[{"file_name":"crates/genetics/src/reproduction.rs","byte_start":4807,"byte_end":4814,"line_start":130,"line_end":130,"column_start":52,"column_end":59,"is_primary":true,"text":[{"text":"    pub fn are_compatible(&self, genome1: &Genome, genome2: &Genome) -> bool {","highlight_start":52,"highlight_end":59}],"label":null,"suggested_replacement":null,"suggestion_applicability":null,"expansion":null}],"children":[{"message":"if this is intentional, prefix it with an underscore","code":null,"level":"help","spans":[{"file_name":"crates/genetics/src/reproduction.rs","byte_start":4807,"byte_end":4814,"line_start":130,"line_end":130,"column_start":52,"column_end":59,"is_primary":true,"text":[{"text":"    pub fn are_compatible(&self, genome1: &Genome, genome2: &Genome) -> bool {","highlight_start":52,"highlight_end":59}],"label":null,"suggested_replacement":"_genome2","suggestion_applicability":"MachineApplicable","expansion":null}],"children":[],"rendered":null}],"rendered":"\u001b[1m\u001b[33mwarning\u001b[0m\u001b[1m: unused variable: `genome2`\u001b[0m\n   \u001b[1m\u001b[94m--> \u001b[0mcrates/genetics/src/reproduction.rs:130:52\n    \u001b[1m\u001b[94m|\u001b[0m\n\u001b[1m\u001b[94m130\u001b[0m \u001b[1m\u001b[94m|\u001b[0m     pub fn are_compatible(&self, genome1: &Genome, genome2: &Genome) -> bool {\n    \u001b[1m\u001b[94m|\u001b[0m                                                    \u001b[1m\u001b[33m^^^^^^^\u001b[0m \u001b[1m\u001b[33mhelp: if this is intentional, prefix it with an underscore: `_genome2`\u001b[0m\n\n"}
{"$message_type":"diagnostic","message":"unused variable: `tick`","code":{"code":"unused_variables","explanation":null},"level":"warning","spans":[{"file_name":"crates/genetics/src/lineage.rs","byte_start":17598,"byte_end":17602,"line_start":532,"line_end":532,"column_start":40,"column_end":44,"is_primary":true,"text":[{"text":"    pub fn add_reproduction(&mut self, tick: u64) {","highlight_start":40,"highlight_end":44}],"label":null,"suggested_replacement":null,"suggestion_applicability":null,"expansion":null}],"children":[{"message":"if this is intentional, prefix it with an underscore","code":null,"level":"help","spans":[{"file_name":"crates/genetics/src/lineage.rs","byte_start":17598,"byte_end":17602,"line_start":532,"line_end":532,"column_start":40,"column_end":44,"is_primary":true,"text":[{"text":"    pub fn add_reproduction(&mut self, tick: u64) {","highlight_start":40,"highlight_end":44}],"label":null,"suggested_replacement":"_tick","suggestion_applicability":"MachineApplicable","expansion":null}],"children":[],"rendered":null}],"rendered":"\u001b[1m\u001b[33mwarning\u001b[0m\u001b[1m: unused variable: `tick`\u001b[0m\n   \u001b[1m\u001b[94m--> \u001b[0mcrates/genetics/src/lineage.rs:532:40\n    \u001b[1m\u001b[94m|\u001b[0m\n\u001b[1m\u001b[94m532\u001b[0m \u001b[1m\u001b[94m|\u001b[0m     pub fn add_reproduction(&mut self, tick: u64) {\n    \u001b[1m\u001b[94m|\u001b[0m                                        \u001b[1m\u001b[33m^^^^\u001b[0m \u001b[1m\u001b[33mhelp: if this is intentional, prefix it with an underscore: `_tick`\u001b[0m\n\n"}
{"$message_type":"diagnostic","message":"borrow of moved value: `factors`","code":{"code":"E0382","explanation":"A variable was used after its contents have been moved elsewhere.\n\nErroneous code example:\n\n```compile_fail,E0382\nstruct MyStruct { s: u32 }\n\nfn main() {\n    let mut x = MyStruct{ s: 5u32 };\n    let y = x;\n    x.s = 6;\n    println!(\"{}\", x.s);\n}\n```\n\nSince `MyStruct` is a type that is not marked `Copy`, the data gets moved out\nof `x` when we set `y`. This is fundamental to Rust's ownership system: outside\nof workarounds like `Rc`, a value cannot be owned by more than one variable.\n\nSometimes we don't need to move the value. Using a reference, we can let another\nfunction borrow the value without changing its ownership. In the example below,\nwe don't actually have to move our string to `calculate_length`, we can give it\na reference to it with `&` instead.\n\n```\nfn main() {\n    let s1 = String::from(\"hello\");\n\n    let len = calculate_length(&s1);\n\n    println!(\"The length of '{}' is {}.\", s1, len);\n}\n\nfn calculate_length(s: &String) -> usize {\n    s.len()\n}\n```\n\nA mutable reference can be created with `&mut`.\n\nSometimes we don't want a reference, but a duplicate. All types marked `Clone`\ncan be duplicated by calling `.clone()`. Subsequent changes to a clone do not\naffect the original variable.\n\nMost types in the standard library are marked `Clone`. The example below\ndemonstrates using `clone()` on a string. `s1` is first set to \"many\", and then\ncopied to `s2`. Then the first character of `s1` is removed, without affecting\n`s2`. \"any many\" is printed to the console.\n\n```\nfn main() {\n    let mut s1 = String::from(\"many\");\n    let s2 = s1.clone();\n    s1.remove(0);\n    println!(\"{} {}\", s1, s2);\n}\n```\n\nIf we control the definition of a type, we can implement `Clone` on it ourselves\nwith `#[derive(Clone)]`.\n\nSome types have no ownership semantics at all and are trivial to duplicate. An\nexample is `i32` and the other number types. We don't have to call `.clone()` to\nclone them, because they are marked `Copy` in addition to `Clone`. Implicit\ncloning is more convenient in this case. We can mark our own types `Copy` if\nall their members also are marked `Copy`.\n\nIn the example below, we implement a `Point` type. Because it only stores two\nintegers, we opt-out of ownership semantics with `Copy`. Then we can\n`let p2 = p1` without `p1` being moved.\n\n```\n#[derive(Copy, Clone)]\nstruct Point { x: i32, y: i32 }\n\nfn main() {\n    let mut p1 = Point{ x: -1, y: 2 };\n    let p2 = p1;\n    p1.x = 1;\n    println!(\"p1: {}, {}\", p1.x, p1.y);\n    println!(\"p2: {}, {}\", p2.x, p2.y);\n}\n```\n\nAlternatively, if we don't control the struct's definition, or mutable shared\nownership is truly required, we can use `Rc` and `RefCell`:\n\n```\nuse std::cell::RefCell;\nuse std::rc::Rc;\n\nstruct MyStruct { s: u32 }\n\nfn main() {\n    let mut x = Rc::new(RefCell::new(MyStruct{ s: 5u32 }));\n    let y = x.clone();\n    x.borrow_mut().s = 6;\n    println!(\"{}\", x.borrow().s);\n}\n```\n\nWith this approach, x and y share ownership of the data via the `Rc` (reference\ncount type). `RefCell` essentially performs runtime borrow checking: ensuring\nthat at most one writer or multiple readers can access the data at any one time.\n\nIf you wish to learn more about ownership in Rust, start with the\n[Understanding Ownership][understanding-ownership] chapter in the Book.\n\n[understanding-ownership]: https://doc.rust-lang.org/book/ch04-00-understanding-ownership.html\n"},"level":"error","spans":[{"file_name":"crates/genetics/src/mutation.rs","byte_start":7126,"byte_end":7133,"line_start":223,"line_end":223,"column_start":38,"column_end":45,"is_primary":false,"text":[{"text":"        self.environmental_factors = factors;","highlight_start":38,"highlight_end":45}],"label":"value moved here","suggested_replacement":null,"suggestion_applicability":null,"expansion":null},{"file_name":"crates/genetics/src/mutation.rs","byte_start":7185,"byte_end":7192,"line_start":224,"line_end":224,"column_start":51,"column_end":58,"is_primary":true,"text":[{"text":"        debug!(\"Set environmental factors: {:?}\", factors);","highlight_start":51,"highlight_end":58}],"label":"value borrowed here after move","suggested_replacement":null,"suggestion_applicability":null,"expansion":{"span":{"file_name":"/home/linnyux/.cargo/registry/src/index.crates.io-1949cf8c6b5b557f/tracing-0.1.44/src/macros.rs","byte_start":102120,"byte_end":102168,"line_start":2967,"line_end":2967,"column_start":75,"column_end":123,"is_primary":false,"text":[{"text":"        $crate::valueset_all!(@ { ($crate::__macro_support::Option::Some(&$crate::__macro_support::format_args!($($rest)+) as &dyn $crate::field::Value)), $($out),* },)","highlight_start":75,"highlight_end":123}],"label":null,"suggested_replacement":null,"suggestion_applicability":null,"expansion":{"span":{"file_name":"/home/linnyux/.cargo/registry/src/index.crates.io-1949cf8c6b5b557f/tracing-0.1.44/src/macros.rs","byte_start":102120,"byte_end":102168,"line_start":2967,"line_end":2967,"column_start":75,"column_end":123,"is_primary":false,"text":[{"text":"        $crate::valueset_all!(@ { ($crate::__macro_support::Option::Some(&$crate::__macro_support::format_args!($($rest)+) as &dyn $crate::field::Value)), $($out),* },)","highlight_start":75,"highlight_end":123}],"label":null,"suggested_replacement":null,"suggestion_applicability":null,"expansion":{"span":{"file_name":"/home/linnyux/.cargo/registry/src/index.crates.io-1949cf8c6b5b557f/tracing-0.1.44/src/macros.rs","byte_start":102577,"byte_end":102661,"line_start":2977,"line_end":2980,"column_start":35,"column_end":14,"is_primary":false,"text":[{"text":"            $fields.value_set_all($crate::valueset_all!(","highlight_start":35,"highlight_end":57},{"text":"                @ { },","highlight_start":1,"highlight_end":23},{"text":"                $($kvs)+","highlight_start":1,"highlight_end":25},{"text":"            ))","highlight_start":1,"highlight_end":14}],"label":null,"suggested_replacement":null,"suggestion_applicability":null,"expansion":{"span":{"file_name":"/home/linnyux/.cargo/registry/src/index.crates.io-1949cf8c6b5b557f/tracing-0.1.44/src/macros.rs","byte_start":29066,"byte_end":29132,"line_start":914,"line_end":914,"column_start":16,"column_end":82,"is_primary":false,"text":[{"text":"            })($crate::valueset_all!(__CALLSITE.metadata().fields(), $($fields)*));","highlight_start":16,"highlight_end":82}],"label":null,"suggested_replacement":null,"suggestion_applicability":null,"expansion":{"span":{"file_name":"/home/linnyux/.cargo/registry/src/index.crates.io-1949cf8c6b5b557f/tracing-0.1.44/src/macros.rs","byte_start":29828,"byte_end":29879,"line_start":934,"line_end":934,"column_start":9,"column_end":60,"is_primary":false,"text":[{"text":"        $crate::event!(target: $target, $lvl, { $($arg)+ })","highlight_start":9,"highlight_end":60}],"label":null,"suggested_replacement":null,"suggestion_applicability":null,"expansion":{"span":{"file_name":"/home/linnyux/.cargo/registry/src/index.crates.io-1949cf8c6b5b557f/tracing-0.1.44/src/macros.rs","byte_start":62087,"byte_end":62203,"line_start":1853,"line_end":1857,"column_start":9,"column_end":10,"is_primary":false,"text":[{"text":"        $crate::event!(","highlight_start":9,"highlight_end":24},{"text":"            target: module_path!(),","highlight_start":1,"highlight_end":36},{"text":"            $crate::Level::DEBUG,","highlight_start":1,"highlight_end":34},{"text":"            $($arg)+","highlight_start":1,"highlight_end":21},{"text":"        )","highlight_start":1,"highlight_end":10}],"label":null,"suggested_replacement":null,"suggestion_applicability":null,"expansion":{"span":{"file_name":"crates/genetics/src/mutation.rs","byte_start":7143,"byte_end":7193,"line_start":224,"line_end":224,"column_start":9,"column_end":59,"is_primary":false,"text":[{"text":"        debug!(\"Set environmental factors: {:?}\", factors);","highlight_start":9,"highlight_end":59}],"label":null,"suggested_replacement":null,"suggestion_applicability":null,"expansion":null},"macro_decl_name":"debug!","def_site_span":{"file_name":"/home/linnyux/.cargo/registry/src/index.crates.io-1949cf8c6b5b557f/tracing-0.1.44/src/macros.rs","byte_start":52783,"byte_end":52801,"line_start":1609,"line_end":1609,"column_start":1,"column_end":19,"is_primary":false,"text":[{"text":"macro_rules! debug {","highlight_start":1,"highlight_end":19}],"label":null,"suggested_replacement":null,"suggestion_applicability":null,"expansion":null}}},"macro_decl_name":"$crate::event!","def_site_span":{"file_name":"/home/linnyux/.cargo/registry/src/index.crates.io-1949cf8c6b5b557f/tracing-0.1.44/src/macros.rs","byte_start":17399,"byte_end":17417,"line_start":615,"line_end":615,"column_start":1,"column_end":19,"is_primary":false,"text":[{"text":"macro_rules! event {","highlight_start":1,"highlight_end":19}],"label":null,"suggested_replacement":null,"suggestion_applicability":null,"expansion":null}}},"macro_decl_name":"$crate::event!","def_site_span":{"file_name":"/home/linnyux/.cargo/registry/src/index.crates.io-1949cf8c6b5b557f/tracing-0.1.44/src/macros.rs","byte_start":17399,"byte_end":17417,"line_start":615,"line_end":615,"column_start":1,"column_end":19,"is_primary":false,"text":[{"text":"macro_rules! event {","highlight_start":1,"highlight_end":19}],"label":null,"suggested_replacement":null,"suggestion_applicability":null,"expansion":null}}},"macro_decl_name":"$crate::valueset_all!","def_site_span":{"file_name":"/home/linnyux/.cargo/registry/src/index.crates.io-1949cf8c6b5b557f/tracing-0.1.44/src/macros.rs","byte_start":95630,"byte_end":95655,"line_start":2814,"line_end":2814,"column_start":1,"column_end":26,"is_primary":false,"text":[{"text":"macro_rules! valueset_all {","highlight_start":1,"highlight_end":26}],"label":null,"suggested_replacement":null,"suggestion_applicability":null,"expansion":null}}},"macro_decl_name":"$crate::valueset_all!","def_site_span":{"file_name":"/home/linnyux/.cargo/registry/src/index.crates.io-1949cf8c6b5b557f/tracing-0.1.44/src/macros.rs","byte_start":95630,"byte_end":95655,"line_start":2814,"line_end":2814,"column_start":1,"column_end":26,"is_primary":false,"text":[{"text":"macro_rules! valueset_all {","highlight_start":1,"highlight_end":26}],"label":null,"suggested_replacement":null,"suggestion_applicability":null,"expansion":null}}},"macro_decl_name":"$crate::__macro_support::format_args!","def_site_span":{"file_name":"/rustc/ded5c06cf21d2b93bffd5d884aa6e96934ee4234/library/core/src/macros/mod.rs","byte_start":34927,"byte_end":34951,"line_start":997,"line_end":997,"column_start":5,"column_end":29,"is_primary":false,"text":[],"label":null,"suggested_replacement":null,"suggestion_applicability":null,"expansion":null}}},"macro_decl_name":"desugaring of format string literal","def_site_span":{"file_name":"crates/genetics/src/lib.rs","byte_start":0,"byte_end":0,"line_start":1,"line_end":1,"column_start":1,"column_end":1,"is_primary":false,"text":[],"label":null,"suggested_replacement":null,"suggestion_applicability":null,"expansion":null}}},{"file_name":"crates/genetics/src/mutation.rs","byte_start":7055,"byte_end":7062,"line_start":222,"line_end":222,"column_start":49,"column_end":56,"is_primary":false,"text":[{"text":"    pub fn set_environmental_factors(&mut self, factors: BTreeMap<String, f64>) {","highlight_start":49,"highlight_end":56}],"label":"move occurs because `factors` has type `BTreeMap<std::string::String, f64>`, which does not implement the `Copy` trait","suggested_replacement":null,"suggestion_applicability":null,"expansion":null}],"children":[{"message":"consider cloning the value if the performance cost is acceptable","code":null,"level":"help","spans":[{"file_name":"crates/genetics/src/mutation.rs","byte_start":7133,"byte_end":7133,"line_start":223,"line_end":223,"column_start":45,"column_end":45,"is_primary":true,"text":[{"text":"        self.environmental_factors = factors;","highlight_start":45,"highlight_end":45}],"label":null,"suggested_replacement":".clone()","suggestion_applicability":"MachineApplicable","expansion":null}],"children":[],"rendered":null}],"rendered":"\u001b[1m\u001b[91merror[E0382]\u001b[0m\u001b[1m: borrow of moved value: `factors`\u001b[0m\n   \u001b[1m\u001b[94m--> \u001b[0mcrates/genetics/src/mutation.rs:224:51\n    \u001b[1m\u001b[94m|\u001b[0m\n\u001b[1m\u001b[94m222\u001b[0m \u001b[1m\u001b[94m|\u001b[0m     pub fn set_environmental_factors(&mut self, factors: BTreeMap<String, f64>) {\n    \u001b[1m\u001b[94m|\u001b[0m                                                 \u001b[1m\u001b[94m-------\u001b[0m \u001b[1m\u001b[94mmove occurs because `factors` has type `BTreeMap<std::string::String, f64>`, which does not implement the `Copy` trait\u001b[0m\n\u001b[1m\u001b[94m223\u001b[0m \u001b[1m\u001b[94m|\u001b[0m         self.environmental_factors = factors;\n    \u001b[1m\u001b[94m|\u001b[0m                                      \u001b[1m\u001b[94m-------\u001b[0m \u001b[1m\u001b[94mvalue moved here\u001b[0m\n\u001b[1m\u001b[94m224\u001b[0m \u001b[1m\u001b[94m|\u001b[0m         debug!(\"Set environmental factors: {:?}\", factors);\n    \u001b[1m\u001b[94m|\u001b[0m                                                   \u001b[1m\u001b[91m^^^^^^^\u001b[0m \u001b[1m\u001b[91mvalue borrowed here after move\u001b[0m\n    \u001b[1m\u001b[94m|\u001b[0m\n    \u001b[1m\u001b[94m= \u001b[0m\u001b[1mnote\u001b[0m: this error originates in the macro `$crate::__macro_support::format_args` which comes from the expansion of the macro `debug` (in Nightly builds, run with -Z macro-backtrace for more info)\n\u001b[1m\u001b[96mhelp\u001b[0m: consider cloning the value if the performance cost is acceptable\n    \u001b[1m\u001b[94m|\u001b[0m\n\u001b[1m\u001b[94m223\u001b[0m \u001b[1m\u001b[94m| \u001b[0m        self.environmental_factors = factors\u001b[92m.clone()\u001b[0m;\n    \u001b[1m\u001b[94m|\u001b[0m                                             \u001b[92m++++++++\u001b[0m\n\n"}
{"$message_type":"diagnostic","message":"unused variable: `expected_mutations`","code":{"code":"unused_variables","explanation":null},"level":"warning","spans":[{"file_name":"crates/genetics/src/mutation.rs","byte_start":9675,"byte_end":9693,"line_start":285,"line_end":285,"column_start":13,"column_end":31,"is_primary":true,"text":[{"text":"        let expected_mutations = (self.config.base_mutation_rate * ","highlight_start":13,"highlight_end":31}],"label":null,"suggested_replacement":null,"suggestion_applicability":null,"expansion":null}],"children":[{"message":"if this is intentional, prefix it with an underscore","code":null,"level":"help","spans":[{"file_name":"crates/genetics/src/mutation.rs","byte_start":9675,"byte_end":9693,"line_start":285,"line_end":285,"column_start":13,"column_end":31,"is_primary":true,"text":[{"text":"        let expected_mutations = (self.config.base_mutation_rate * ","highlight_start":13,"highlight_end":31}],"label":null,"suggested_replacement":"_expected_mutations","suggestion_applicability":"MachineApplicable","expansion":null}],"children":[],"rendered":null}],"rendered":"\u001b[1m\u001b[33mwarning\u001b[0m\u001b[1m: unused variable: `expected_mutations`\u001b[0m\n   \u001b[1m\u001b[94m--> \u001b[0mcrates/genetics/src/mutation.rs:285:13\n    \u001b[1m\u001b[94m|\u001b[0m\n\u001b[1m\u001b[94m285\u001b[0m \u001b[1m\u001b[94m|\u001b[0m         let expected_mutations = (self.config.base_mutation_rate * \n    \u001b[1m\u001b[94m|\u001b[0m             \u001b[1m\u001b[33m^^^^^^^^^^^^^^^^^^\u001b[0m \u001b[1m\u001b[33mhelp: if this is intentional, prefix it with an underscore: `_expected_mutations`\u001b[0m\n\n"}
{"$message_type":"diagnostic","message":"cannot assign to `locus.current_alleles[_]`, which is behind a `&` reference","code":{"code":"E0594","explanation":"A non-mutable value was assigned a value.\n\nErroneous code example:\n\n```compile_fail,E0594\nstruct SolarSystem {\n    earth: i32,\n}\n\nlet ss = SolarSystem { earth: 3 };\nss.earth = 2; // error!\n```\n\nTo fix this error, declare `ss` as mutable by using the `mut` keyword:\n\n```\nstruct SolarSystem {\n    earth: i32,\n}\n\nlet mut ss = SolarSystem { earth: 3 }; // declaring `ss` as mutable\nss.earth = 2; // ok!\n```\n"},"level":"error","spans":[{"file_name":"crates/genetics/src/mutation.rs","byte_start":12123,"byte_end":12147,"line_start":360,"line_end":360,"column_start":9,"column_end":33,"is_primary":true,"text":[{"text":"        locus.current_alleles[0] = new_allele.clone();","highlight_start":9,"highlight_end":33}],"label":"`locus` is a `&` reference, so the data it refers to cannot be written","suggested_replacement":null,"suggestion_applicability":null,"expansion":null}],"children":[{"message":"consider changing this to be a mutable reference","code":null,"level":"help","spans":[{"file_name":"crates/genetics/src/mutation.rs","byte_start":11385,"byte_end":11385,"line_start":339,"line_end":339,"column_start":17,"column_end":17,"is_primary":true,"text":[{"text":"        locus: &Locus,","highlight_start":17,"highlight_end":17}],"label":null,"suggested_replacement":"mut ","suggestion_applicability":"MachineApplicable","expansion":null}],"children":[],"rendered":null}],"rendered":"\u001b[1m\u001b[91merror[E0594]\u001b[0m\u001b[1m: cannot assign to `locus.current_alleles[_]`, which is behind a `&` reference\u001b[0m\n   \u001b[1m\u001b[94m--> \u001b[0mcrates/genetics/src/mutation.rs:360:9\n    \u001b[1m\u001b[94m|\u001b[0m\n\u001b[1m\u001b[94m360\u001b[0m \u001b[1m\u001b[94m|\u001b[0m         locus.current_alleles[0] = new_allele.clone();\n    \u001b[1m\u001b[94m|\u001b[0m         \u001b[1m\u001b[91m^^^^^^^^^^^^^^^^^^^^^^^^\u001b[0m \u001b[1m\u001b[91m`locus` is a `&` reference, so the data it refers to cannot be written\u001b[0m\n    \u001b[1m\u001b[94m|\u001b[0m\n\u001b[1m\u001b[96mhelp\u001b[0m: consider changing this to be a mutable reference\n    \u001b[1m\u001b[94m|\u001b[0m\n\u001b[1m\u001b[94m339\u001b[0m \u001b[1m\u001b[94m| \u001b[0m        locus: &\u001b[92mmut \u001b[0mLocus,\n    \u001b[1m\u001b[94m|\u001b[0m                 \u001b[92m+++\u001b[0m\n\n"}
{"$message_type":"diagnostic","message":"unused variable: `mutation_index`","code":{"code":"unused_variables","explanation":null},"level":"warning","spans":[{"file_name":"crates/genetics/src/mutation.rs","byte_start":11449,"byte_end":11463,"line_start":342,"line_end":342,"column_start":9,"column_end":23,"is_primary":true,"text":[{"text":"        mutation_index: u32,","highlight_start":9,"highlight_end":23}],"label":null,"suggested_replacement":null,"suggestion_applicability":null,"expansion":null}],"children":[{"message":"if this is intentional, prefix it with an underscore","code":null,"level":"help","spans":[{"file_name":"crates/genetics/src/mutation.rs","byte_start":11449,"byte_end":11463,"line_start":342,"line_end":342,"column_start":9,"column_end":23,"is_primary":true,"text":[{"text":"        mutation_index: u32,","highlight_start":9,"highlight_end":23}],"label":null,"suggested_replacement":"_mutation_index","suggestion_applicability":"MachineApplicable","expansion":null}],"children":[],"rendered":null}],"rendered":"\u001b[1m\u001b[33mwarning\u001b[0m\u001b[1m: unused variable: `mutation_index`\u001b[0m\n   \u001b[1m\u001b[94m--> \u001b[0mcrates/genetics/src/mutation.rs:342:9\n    \u001b[1m\u001b[94m|\u001b[0m\n\u001b[1m\u001b[94m342\u001b[0m \u001b[1m\u001b[94m|\u001b[0m         mutation_index: u32,\n    \u001b[1m\u001b[94m|\u001b[0m         \u001b[1m\u001b[33m^^^^^^^^^^^^^^\u001b[0m \u001b[1m\u001b[33mhelp: if this is intentional, prefix it with an underscore: `_mutation_index`\u001b[0m\n\n"}
{"$message_type":"diagnostic","message":"unused variable: `mutation_type`","code":{"code":"unused_variables","explanation":null},"level":"warning","spans":[{"file_name":"crates/genetics/src/mutation.rs","byte_start":16867,"byte_end":16880,"line_start":479,"line_end":479,"column_start":40,"column_end":53,"is_primary":true,"text":[{"text":"    fn select_mutation_severity(&self, mutation_type: MutationType) -> MutationSeverity {","highlight_start":40,"highlight_end":53}],"label":null,"suggested_replacement":null,"suggestion_applicability":null,"expansion":null}],"children":[{"message":"if this is intentional, prefix it with an underscore","code":null,"level":"help","spans":[{"file_name":"crates/genetics/src/mutation.rs","byte_start":16867,"byte_end":16880,"line_start":479,"line_end":479,"column_start":40,"column_end":53,"is_primary":true,"text":[{"text":"    fn select_mutation_severity(&self, mutation_type: MutationType) -> MutationSeverity {","highlight_start":40,"highlight_end":53}],"label":null,"suggested_replacement":"_mutation_type","suggestion_applicability":"MachineApplicable","expansion":null}],"children":[],"rendered":null}],"rendered":"\u001b[1m\u001b[33mwarning\u001b[0m\u001b[1m: unused variable: `mutation_type`\u001b[0m\n   \u001b[1m\u001b[94m--> \u001b[0mcrates/genetics/src/mutation.rs:479:40\n    \u001b[1m\u001b[94m|\u001b[0m\n\u001b[1m\u001b[94m479\u001b[0m \u001b[1m\u001b[94m|\u001b[0m     fn select_mutation_severity(&self, mutation_type: MutationType) -> MutationSeverity {\n    \u001b[1m\u001b[94m|\u001b[0m                                        \u001b[1m\u001b[33m^^^^^^^^^^^^^\u001b[0m \u001b[1m\u001b[33mhelp: if this is intentional, prefix it with an underscore: `_mutation_type`\u001b[0m\n\n"}
{"$message_type":"diagnostic","message":"lifetime may not live long enough","code":null,"level":"error","spans":[{"file_name":"crates/genetics/src/mutation.rs","byte_start":18149,"byte_end":18159,"line_start":517,"line_end":517,"column_start":26,"column_end":36,"is_primary":false,"text":[{"text":"            .max_by_key(|(_, count)| count)","highlight_start":26,"highlight_end":36}],"label":"has type `&'1 (&MutationType, &u64)`","suggested_replacement":null,"suggestion_applicability":null,"expansion":null},{"file_name":"crates/genetics/src/mutation.rs","byte_start":18159,"byte_end":18160,"line_start":517,"line_end":517,"column_start":36,"column_end":37,"is_primary":false,"text":[{"text":"            .max_by_key(|(_, count)| count)","highlight_start":36,"highlight_end":37}],"label":"return type of closure is &'2 &u64","suggested_replacement":null,"suggestion_applicability":null,"expansion":null},{"file_name":"crates/genetics/src/mutation.rs","byte_start":18161,"byte_end":18166,"line_start":517,"line_end":517,"column_start":38,"column_end":43,"is_primary":true,"text":[{"text":"            .max_by_key(|(_, count)| count)","highlight_start":38,"highlight_end":43}],"label":"returning this value requires that `'1` must outlive `'2`","suggested_replacement":null,"suggestion_applicability":null,"expansion":null}],"children":[{"message":"dereference the return value","code":null,"level":"help","spans":[{"file_name":"crates/genetics/src/mutation.rs","byte_start":18161,"byte_end":18161,"line_start":517,"line_end":517,"column_start":38,"column_end":38,"is_primary":true,"text":[{"text":"            .max_by_key(|(_, count)| count)","highlight_start":38,"highlight_end":38}],"label":null,"suggested_replacement":"**","suggestion_applicability":"MachineApplicable","expansion":null}],"children":[],"rendered":null}],"rendered":"\u001b[1m\u001b[91merror\u001b[0m\u001b[1m: lifetime may not live long enough\u001b[0m\n   \u001b[1m\u001b[94m--> \u001b[0mcrates/genetics/src/mutation.rs:517:38\n    \u001b[1m\u001b[94m|\u001b[0m\n\u001b[1m\u001b[94m517\u001b[0m \u001b[1m\u001b[94m|\u001b[0m             .max_by_key(|(_, count)| count)\n    \u001b[1m\u001b[94m|\u001b[0m                          \u001b[1m\u001b[94m-----------\u001b[0m \u001b[1m\u001b[91m^^^^^\u001b[0m \u001b[1m\u001b[91mreturning this value requires that `'1` must outlive `'2`\u001b[0m\n    \u001b[1m\u001b[94m|\u001b[0m                          \u001b[1m\u001b[94m|\u001b[0m         \u001b[1m\u001b[94m|\u001b[0m\n    \u001b[1m\u001b[94m|\u001b[0m                          \u001b[1m\u001b[94m|\u001b[0m         \u001b[1m\u001b[94mreturn type of closure is &'2 &u64\u001b[0m\n    \u001b[1m\u001b[94m|\u001b[0m                          \u001b[1m\u001b[94mhas type `&'1 (&MutationType, &u64)`\u001b[0m\n    \u001b[1m\u001b[94m|\u001b[0m\n\u001b[1m\u001b[96mhelp\u001b[0m: dereference the return value\n    \u001b[1m\u001b[94m|\u001b[0m\n\u001b[1m\u001b[94m517\u001b[0m \u001b[1m\u001b[94m| \u001b[0m            .max_by_key(|(_, count)| \u001b[92m**\u001b[0mcount)\n    \u001b[1m\u001b[94m|\u001b[0m                                      \u001b[92m++\u001b[0m\n\n"}
{"$message_type":"diagnostic","message":"aborting due to 32 previous errors; 17 warnings emitted","code":null,"level":"error","spans":[],"children":[],"rendered":"\u001b[1m\u001b[91merror\u001b[0m\u001b[1m: aborting due to 32 previous errors; 17 warnings emitted\u001b[0m\n\n"}
{"$message_type":"diagnostic","message":"Some errors have detailed explanations: E0061, E0277, E0282, E0308, E0382, E0425, E0432, E0433, E0594...","code":null,"level":"failure-note","spans":[],"children":[],"rendered":"\u001b[1mSome errors have detailed explanations: E0061, E0277, E0282, E0308, E0382, E0425, E0432, E0433, E0594...\u001b[0m\n"}
{"$message_type":"diagnostic","message":"For more information about an error, try `rustc --explain E0061`.","code":null,"level":"failure-note","spans":[],"children":[],"rendered":"\u001b[1mFor more information about an error, try `rustc --explain E0061`.\u001b[0m\n"}
