{"$message_type":"diagnostic","message":"the name `ActivityFactors` is defined multiple times","code":{"code":"E0252","explanation":"Two items of the same name cannot be imported without rebinding one of the\nitems under a new local name.\n\nErroneous code example:\n\n```compile_fail,E0252\nuse foo::baz;\nuse bar::baz; // error, do `use bar::baz as quux` instead\n\nfn main() {}\n\nmod foo {\n    pub struct baz;\n}\n\nmod bar {\n    pub mod baz {}\n}\n```\n\nYou can use aliases in order to fix this error. Example:\n\n```\nuse foo::baz as foo_baz;\nuse bar::baz; // ok!\n\nfn main() {}\n\nmod foo {\n    pub struct baz;\n}\n\nmod bar {\n    pub mod baz {}\n}\n```\n\nOr you can reference the item with its parent:\n\n```\nuse bar::baz;\n\nfn main() {\n    let x = foo::baz; // ok!\n}\n\nmod foo {\n    pub struct baz;\n}\n\nmod bar {\n    pub mod baz {}\n}\n```\n"},"level":"error","spans":[{"file_name":"crates/biology/src/state.rs","byte_start":21840,"byte_end":21871,"line_start":527,"line_end":527,"column_start":9,"column_end":40,"is_primary":true,"text":[{"text":"pub use super::fatigue::ActivityFactors;","highlight_start":9,"highlight_end":40}],"label":"`ActivityFactors` reimported here","suggested_replacement":null,"suggestion_applicability":null,"expansion":null},{"file_name":"crates/biology/src/state.rs","byte_start":1161,"byte_end":1176,"line_start":29,"line_end":29,"column_start":30,"column_end":45,"is_primary":false,"text":[{"text":"    fatigue::{FatigueSystem, ActivityFactors, CognitiveModulators as FatigueModulators},","highlight_start":30,"highlight_end":45}],"label":"previous import of the type `ActivityFactors` here","suggested_replacement":null,"suggestion_applicability":null,"expansion":null}],"children":[{"message":"`ActivityFactors` must be defined only once in the type namespace of this module","code":null,"level":"note","spans":[],"children":[],"rendered":null},{"message":"remove unnecessary import","code":null,"level":"help","spans":[{"file_name":"crates/biology/src/state.rs","byte_start":1161,"byte_end":1178,"line_start":29,"line_end":29,"column_start":30,"column_end":47,"is_primary":true,"text":[{"text":"    fatigue::{FatigueSystem, ActivityFactors, CognitiveModulators as FatigueModulators},","highlight_start":30,"highlight_end":47}],"label":null,"suggested_replacement":"","suggestion_applicability":"MaybeIncorrect","expansion":null}],"children":[],"rendered":null}],"rendered":"\u001b[1m\u001b[91merror[E0252]\u001b[0m\u001b[1m: the name `ActivityFactors` is defined multiple times\u001b[0m\n   \u001b[1m\u001b[94m--> \u001b[0mcrates/biology/src/state.rs:527:9\n    \u001b[1m\u001b[94m|\u001b[0m\n \u001b[1m\u001b[94m29\u001b[0m \u001b[1m\u001b[94m|\u001b[0m     fatigue::{FatigueSystem, ActivityFactors, CognitiveModulators as FatigueModulators},\n    \u001b[1m\u001b[94m|\u001b[0m                              \u001b[1m\u001b[94m-----------------\u001b[0m\n    \u001b[1m\u001b[94m|\u001b[0m                              \u001b[1m\u001b[94m|\u001b[0m\n    \u001b[1m\u001b[94m|\u001b[0m                              \u001b[1m\u001b[94mprevious import of the type `ActivityFactors` here\u001b[0m\n    \u001b[1m\u001b[94m|\u001b[0m                              \u001b[1m\u001b[94mhelp: remove unnecessary import\u001b[0m\n\u001b[1m\u001b[94m...\u001b[0m\n\u001b[1m\u001b[94m527\u001b[0m \u001b[1m\u001b[94m|\u001b[0m pub use super::fatigue::ActivityFactors;\n    \u001b[1m\u001b[94m|\u001b[0m         \u001b[1m\u001b[91m^^^^^^^^^^^^^^^^^^^^^^^^^^^^^^^\u001b[0m \u001b[1m\u001b[91m`ActivityFactors` reimported here\u001b[0m\n    \u001b[1m\u001b[94m|\u001b[0m\n    \u001b[1m\u001b[94m= \u001b[0m\u001b[1mnote\u001b[0m: `ActivityFactors` must be defined only once in the type namespace of this module\n\n"}
{"$message_type":"diagnostic","message":"the name `HealingFactors` is defined multiple times","code":{"code":"E0252","explanation":"Two items of the same name cannot be imported without rebinding one of the\nitems under a new local name.\n\nErroneous code example:\n\n```compile_fail,E0252\nuse foo::baz;\nuse bar::baz; // error, do `use bar::baz as quux` instead\n\nfn main() {}\n\nmod foo {\n    pub struct baz;\n}\n\nmod bar {\n    pub mod baz {}\n}\n```\n\nYou can use aliases in order to fix this error. Example:\n\n```\nuse foo::baz as foo_baz;\nuse bar::baz; // ok!\n\nfn main() {}\n\nmod foo {\n    pub struct baz;\n}\n\nmod bar {\n    pub mod baz {}\n}\n```\n\nOr you can reference the item with its parent:\n\n```\nuse bar::baz;\n\nfn main() {\n    let x = foo::baz; // ok!\n}\n\nmod foo {\n    pub struct baz;\n}\n\nmod bar {\n    pub mod baz {}\n}\n```\n"},"level":"error","spans":[{"file_name":"crates/biology/src/state.rs","byte_start":21979,"byte_end":22008,"line_start":531,"line_end":531,"column_start":9,"column_end":38,"is_primary":true,"text":[{"text":"pub use super::injury::HealingFactors;","highlight_start":9,"highlight_end":38}],"label":"`HealingFactors` reimported here","suggested_replacement":null,"suggestion_applicability":null,"expansion":null},{"file_name":"crates/biology/src/state.rs","byte_start":1248,"byte_end":1262,"line_start":30,"line_end":30,"column_start":28,"column_end":42,"is_primary":false,"text":[{"text":"    injury::{InjurySystem, HealingFactors, CognitiveModulators as InjuryModulators},","highlight_start":28,"highlight_end":42}],"label":"previous import of the type `HealingFactors` here","suggested_replacement":null,"suggestion_applicability":null,"expansion":null}],"children":[{"message":"`HealingFactors` must be defined only once in the type namespace of this module","code":null,"level":"note","spans":[],"children":[],"rendered":null},{"message":"remove unnecessary import","code":null,"level":"help","spans":[{"file_name":"crates/biology/src/state.rs","byte_start":1248,"byte_end":1264,"line_start":30,"line_end":30,"column_start":28,"column_end":44,"is_primary":true,"text":[{"text":"    injury::{InjurySystem, HealingFactors, CognitiveModulators as InjuryModulators},","highlight_start":28,"highlight_end":44}],"label":null,"suggested_replacement":"","suggestion_applicability":"MaybeIncorrect","expansion":null}],"children":[],"rendered":null}],"rendered":"\u001b[1m\u001b[91merror[E0252]\u001b[0m\u001b[1m: the name `HealingFactors` is defined multiple times\u001b[0m\n   \u001b[1m\u001b[94m--> \u001b[0mcrates/biology/src/state.rs:531:9\n    \u001b[1m\u001b[94m|\u001b[0m\n \u001b[1m\u001b[94m30\u001b[0m \u001b[1m\u001b[94m|\u001b[0m     injury::{InjurySystem, HealingFactors, CognitiveModulators as InjuryModulators},\n    \u001b[1m\u001b[94m|\u001b[0m                            \u001b[1m\u001b[94m----------------\u001b[0m\n    \u001b[1m\u001b[94m|\u001b[0m                            \u001b[1m\u001b[94m|\u001b[0m\n    \u001b[1m\u001b[94m|\u001b[0m                            \u001b[1m\u001b[94mprevious import of the type `HealingFactors` here\u001b[0m\n    \u001b[1m\u001b[94m|\u001b[0m                            \u001b[1m\u001b[94mhelp: remove unnecessary import\u001b[0m\n\u001b[1m\u001b[94m...\u001b[0m\n\u001b[1m\u001b[94m531\u001b[0m \u001b[1m\u001b[94m|\u001b[0m pub use super::injury::HealingFactors;\n    \u001b[1m\u001b[94m|\u001b[0m         \u001b[1m\u001b[91m^^^^^^^^^^^^^^^^^^^^^^^^^^^^^\u001b[0m \u001b[1m\u001b[91m`HealingFactors` reimported here\u001b[0m\n    \u001b[1m\u001b[94m|\u001b[0m\n    \u001b[1m\u001b[94m= \u001b[0m\u001b[1mnote\u001b[0m: `HealingFactors` must be defined only once in the type namespace of this module\n\n"}
{"$message_type":"diagnostic","message":"unresolved imports `super::metabolism::CognitiveModulators`, `super::nutrition::CognitiveModulators`, `super::hydration::CognitiveModulators`, `super::fatigue::CognitiveModulators`, `super::injury::CognitiveModulators`, `super::reproductive::CognitiveModulators`","code":{"code":"E0432","explanation":"An import was unresolved.\n\nErroneous code example:\n\n```compile_fail,E0432\nuse something::Foo; // error: unresolved import `something::Foo`.\n```\n\nIn Rust 2015, paths in `use` statements are relative to the crate root. To\nimport items relative to the current and parent modules, use the `self::` and\n`super::` prefixes, respectively.\n\nIn Rust 2018 or later, paths in `use` statements are relative to the current\nmodule unless they begin with the name of a crate or a literal `crate::`, in\nwhich case they start from the crate root. As in Rust 2015 code, the `self::`\nand `super::` prefixes refer to the current and parent modules respectively.\n\nAlso verify that you didn't misspell the import name and that the import exists\nin the module from where you tried to import it. Example:\n\n```\nuse self::something::Foo; // Ok.\n\nmod something {\n    pub struct Foo;\n}\n# fn main() {}\n```\n\nIf you tried to use a module from an external crate and are using Rust 2015,\nyou may have missed the `extern crate` declaration (which is usually placed in\nthe crate root):\n\n```edition2015\nextern crate core; // Required to use the `core` crate in Rust 2015.\n\nuse core::any;\n# fn main() {}\n```\n\nSince Rust 2018 the `extern crate` declaration is not required and\nyou can instead just `use` it:\n\n```edition2018\nuse core::any; // No extern crate required in Rust 2018.\n# fn main() {}\n```\n"},"level":"error","spans":[{"file_name":"crates/biology/src/state.rs","byte_start":929,"byte_end":971,"line_start":26,"line_end":26,"column_start":35,"column_end":77,"is_primary":true,"text":[{"text":"    metabolism::{MetabolicSystem, CognitiveModulators as MetabolicModulators},","highlight_start":35,"highlight_end":77}],"label":"no `CognitiveModulators` in `metabolism`","suggested_replacement":null,"suggestion_applicability":null,"expansion":null},{"file_name":"crates/biology/src/state.rs","byte_start":1007,"byte_end":1051,"line_start":27,"line_end":27,"column_start":34,"column_end":78,"is_primary":true,"text":[{"text":"    nutrition::{NutritionSystem, CognitiveModulators as NutritionalModulators},","highlight_start":34,"highlight_end":78}],"label":"no `CognitiveModulators` in `nutrition`","suggested_replacement":null,"suggestion_applicability":null,"expansion":null},{"file_name":"crates/biology/src/state.rs","byte_start":1087,"byte_end":1129,"line_start":28,"line_end":28,"column_start":34,"column_end":76,"is_primary":true,"text":[{"text":"    hydration::{HydrationSystem, CognitiveModulators as HydrationModulators},","highlight_start":34,"highlight_end":76}],"label":"no `CognitiveModulators` in `hydration`","suggested_replacement":null,"suggestion_applicability":null,"expansion":null},{"file_name":"crates/biology/src/state.rs","byte_start":1178,"byte_end":1218,"line_start":29,"line_end":29,"column_start":47,"column_end":87,"is_primary":true,"text":[{"text":"    fatigue::{FatigueSystem, ActivityFactors, CognitiveModulators as FatigueModulators},","highlight_start":47,"highlight_end":87}],"label":"no `CognitiveModulators` in `fatigue`","suggested_replacement":null,"suggestion_applicability":null,"expansion":null},{"file_name":"crates/biology/src/state.rs","byte_start":1264,"byte_end":1303,"line_start":30,"line_end":30,"column_start":44,"column_end":83,"is_primary":true,"text":[{"text":"    injury::{InjurySystem, HealingFactors, CognitiveModulators as InjuryModulators},","highlight_start":44,"highlight_end":83}],"label":"no `CognitiveModulators` in `injury`","suggested_replacement":null,"suggestion_applicability":null,"expansion":null},{"file_name":"crates/biology/src/state.rs","byte_start":1345,"byte_end":1390,"line_start":31,"line_end":31,"column_start":40,"column_end":85,"is_primary":true,"text":[{"text":"    reproductive::{ReproductiveSystem, CognitiveModulators as ReproductiveModulators},","highlight_start":40,"highlight_end":85}],"label":"no `CognitiveModulators` in `reproductive`","suggested_replacement":null,"suggestion_applicability":null,"expansion":null}],"children":[{"message":"consider importing this struct instead:\ncrate::endocrine::CognitiveModulators","code":null,"level":"help","spans":[],"children":[],"rendered":null},{"message":"consider importing this struct instead:\ncrate::endocrine::CognitiveModulators","code":null,"level":"help","spans":[],"children":[],"rendered":null},{"message":"consider importing this struct instead:\ncrate::endocrine::CognitiveModulators","code":null,"level":"help","spans":[],"children":[],"rendered":null},{"message":"consider importing this struct instead:\ncrate::endocrine::CognitiveModulators","code":null,"level":"help","spans":[],"children":[],"rendered":null},{"message":"consider importing this struct instead:\ncrate::endocrine::CognitiveModulators","code":null,"level":"help","spans":[],"children":[],"rendered":null},{"message":"consider importing this struct instead:\ncrate::endocrine::CognitiveModulators","code":null,"level":"help","spans":[],"children":[],"rendered":null}],"rendered":"\u001b[1m\u001b[91merror[E0432]\u001b[0m\u001b[1m: unresolved imports `super::metabolism::CognitiveModulators`, `super::nutrition::CognitiveModulators`, `super::hydration::CognitiveModulators`, `super::fatigue::CognitiveModulators`, `super::injury::CognitiveModulators`, `super::reproductive::CognitiveModulators`\u001b[0m\n  \u001b[1m\u001b[94m--> \u001b[0mcrates/biology/src/state.rs:26:35\n   \u001b[1m\u001b[94m|\u001b[0m\n\u001b[1m\u001b[94m26\u001b[0m \u001b[1m\u001b[94m|\u001b[0m     metabolism::{MetabolicSystem, CognitiveModulators as MetabolicModulators},\n   \u001b[1m\u001b[94m|\u001b[0m                                   \u001b[1m\u001b[91m^^^^^^^^^^^^^^^^^^^^^^^^^^^^^^^^^^^^^^^^^^\u001b[0m \u001b[1m\u001b[91mno `CognitiveModulators` in `metabolism`\u001b[0m\n\u001b[1m\u001b[94m27\u001b[0m \u001b[1m\u001b[94m|\u001b[0m     nutrition::{NutritionSystem, CognitiveModulators as NutritionalModulators},\n   \u001b[1m\u001b[94m|\u001b[0m                                  \u001b[1m\u001b[91m^^^^^^^^^^^^^^^^^^^^^^^^^^^^^^^^^^^^^^^^^^^^\u001b[0m \u001b[1m\u001b[91mno `CognitiveModulators` in `nutrition`\u001b[0m\n\u001b[1m\u001b[94m28\u001b[0m \u001b[1m\u001b[94m|\u001b[0m     hydration::{HydrationSystem, CognitiveModulators as HydrationModulators},\n   \u001b[1m\u001b[94m|\u001b[0m                                  \u001b[1m\u001b[91m^^^^^^^^^^^^^^^^^^^^^^^^^^^^^^^^^^^^^^^^^^\u001b[0m \u001b[1m\u001b[91mno `CognitiveModulators` in `hydration`\u001b[0m\n\u001b[1m\u001b[94m29\u001b[0m \u001b[1m\u001b[94m|\u001b[0m     fatigue::{FatigueSystem, ActivityFactors, CognitiveModulators as FatigueModulators},\n   \u001b[1m\u001b[94m|\u001b[0m                                               \u001b[1m\u001b[91m^^^^^^^^^^^^^^^^^^^^^^^^^^^^^^^^^^^^^^^^\u001b[0m \u001b[1m\u001b[91mno `CognitiveModulators` in `fatigue`\u001b[0m\n\u001b[1m\u001b[94m30\u001b[0m \u001b[1m\u001b[94m|\u001b[0m     injury::{InjurySystem, HealingFactors, CognitiveModulators as InjuryModulators},\n   \u001b[1m\u001b[94m|\u001b[0m                                            \u001b[1m\u001b[91m^^^^^^^^^^^^^^^^^^^^^^^^^^^^^^^^^^^^^^^\u001b[0m \u001b[1m\u001b[91mno `CognitiveModulators` in `injury`\u001b[0m\n\u001b[1m\u001b[94m31\u001b[0m \u001b[1m\u001b[94m|\u001b[0m     reproductive::{ReproductiveSystem, CognitiveModulators as ReproductiveModulators},\n   \u001b[1m\u001b[94m|\u001b[0m                                        \u001b[1m\u001b[91m^^^^^^^^^^^^^^^^^^^^^^^^^^^^^^^^^^^^^^^^^^^^^\u001b[0m \u001b[1m\u001b[91mno `CognitiveModulators` in `reproductive`\u001b[0m\n   \u001b[1m\u001b[94m|\u001b[0m\n   \u001b[1m\u001b[94m= \u001b[0m\u001b[1mhelp\u001b[0m: consider importing this struct instead:\n           crate::endocrine::CognitiveModulators\n   \u001b[1m\u001b[94m= \u001b[0m\u001b[1mhelp\u001b[0m: consider importing this struct instead:\n           crate::endocrine::CognitiveModulators\n   \u001b[1m\u001b[94m= \u001b[0m\u001b[1mhelp\u001b[0m: consider importing this struct instead:\n           crate::endocrine::CognitiveModulators\n   \u001b[1m\u001b[94m= \u001b[0m\u001b[1mhelp\u001b[0m: consider importing this struct instead:\n           crate::endocrine::CognitiveModulators\n   \u001b[1m\u001b[94m= \u001b[0m\u001b[1mhelp\u001b[0m: consider importing this struct instead:\n           crate::endocrine::CognitiveModulators\n   \u001b[1m\u001b[94m= \u001b[0m\u001b[1mhelp\u001b[0m: consider importing this struct instead:\n           crate::endocrine::CognitiveModulators\n\n"}
{"$message_type":"diagnostic","message":"unresolved import `nutrition::NutrientType`","code":{"code":"E0432","explanation":"An import was unresolved.\n\nErroneous code example:\n\n```compile_fail,E0432\nuse something::Foo; // error: unresolved import `something::Foo`.\n```\n\nIn Rust 2015, paths in `use` statements are relative to the crate root. To\nimport items relative to the current and parent modules, use the `self::` and\n`super::` prefixes, respectively.\n\nIn Rust 2018 or later, paths in `use` statements are relative to the current\nmodule unless they begin with the name of a crate or a literal `crate::`, in\nwhich case they start from the crate root. As in Rust 2015 code, the `self::`\nand `super::` prefixes refer to the current and parent modules respectively.\n\nAlso verify that you didn't misspell the import name and that the import exists\nin the module from where you tried to import it. Example:\n\n```\nuse self::something::Foo; // Ok.\n\nmod something {\n    pub struct Foo;\n}\n# fn main() {}\n```\n\nIf you tried to use a module from an external crate and are using Rust 2015,\nyou may have missed the `extern crate` declaration (which is usually placed in\nthe crate root):\n\n```edition2015\nextern crate core; // Required to use the `core` crate in Rust 2015.\n\nuse core::any;\n# fn main() {}\n```\n\nSince Rust 2018 the `extern crate` declaration is not required and\nyou can instead just `use` it:\n\n```edition2018\nuse core::any; // No extern crate required in Rust 2018.\n# fn main() {}\n```\n"},"level":"error","spans":[{"file_name":"crates/biology/src/lib.rs","byte_start":1649,"byte_end":1661,"line_start":51,"line_end":51,"column_start":38,"column_end":50,"is_primary":true,"text":[{"text":"pub use nutrition::{NutritionSystem, NutrientType, NutrientStore};","highlight_start":38,"highlight_end":50}],"label":"no `NutrientType` in `nutrition`","suggested_replacement":null,"suggestion_applicability":null,"expansion":null}],"children":[{"message":"a similar name exists in the module","code":null,"level":"help","spans":[{"file_name":"crates/biology/src/lib.rs","byte_start":1649,"byte_end":1661,"line_start":51,"line_end":51,"column_start":38,"column_end":50,"is_primary":true,"text":[{"text":"pub use nutrition::{NutritionSystem, NutrientType, NutrientStore};","highlight_start":38,"highlight_end":50}],"label":null,"suggested_replacement":"NutrientStore","suggestion_applicability":"MaybeIncorrect","expansion":null}],"children":[],"rendered":null}],"rendered":"\u001b[1m\u001b[91merror[E0432]\u001b[0m\u001b[1m: unresolved import `nutrition::NutrientType`\u001b[0m\n  \u001b[1m\u001b[94m--> \u001b[0mcrates/biology/src/lib.rs:51:38\n   \u001b[1m\u001b[94m|\u001b[0m\n\u001b[1m\u001b[94m51\u001b[0m \u001b[1m\u001b[94m|\u001b[0m pub use nutrition::{NutritionSystem, NutrientType, NutrientStore};\n   \u001b[1m\u001b[94m|\u001b[0m                                      \u001b[1m\u001b[91m^^^^^^^^^^^^\u001b[0m\n   \u001b[1m\u001b[94m|\u001b[0m                                      \u001b[1m\u001b[91m|\u001b[0m\n   \u001b[1m\u001b[94m|\u001b[0m                                      \u001b[1m\u001b[91mno `NutrientType` in `nutrition`\u001b[0m\n   \u001b[1m\u001b[94m|\u001b[0m                                      \u001b[1m\u001b[91mhelp: a similar name exists in the module: `NutrientStore`\u001b[0m\n\n"}
{"$message_type":"diagnostic","message":"unresolved import `reproductive::ReproductiveCycle`","code":{"code":"E0432","explanation":"An import was unresolved.\n\nErroneous code example:\n\n```compile_fail,E0432\nuse something::Foo; // error: unresolved import `something::Foo`.\n```\n\nIn Rust 2015, paths in `use` statements are relative to the crate root. To\nimport items relative to the current and parent modules, use the `self::` and\n`super::` prefixes, respectively.\n\nIn Rust 2018 or later, paths in `use` statements are relative to the current\nmodule unless they begin with the name of a crate or a literal `crate::`, in\nwhich case they start from the crate root. As in Rust 2015 code, the `self::`\nand `super::` prefixes refer to the current and parent modules respectively.\n\nAlso verify that you didn't misspell the import name and that the import exists\nin the module from where you tried to import it. Example:\n\n```\nuse self::something::Foo; // Ok.\n\nmod something {\n    pub struct Foo;\n}\n# fn main() {}\n```\n\nIf you tried to use a module from an external crate and are using Rust 2015,\nyou may have missed the `extern crate` declaration (which is usually placed in\nthe crate root):\n\n```edition2015\nextern crate core; // Required to use the `core` crate in Rust 2015.\n\nuse core::any;\n# fn main() {}\n```\n\nSince Rust 2018 the `extern crate` declaration is not required and\nyou can instead just `use` it:\n\n```edition2018\nuse core::any; // No extern crate required in Rust 2018.\n# fn main() {}\n```\n"},"level":"error","spans":[{"file_name":"crates/biology/src/lib.rs","byte_start":1894,"byte_end":1911,"line_start":55,"line_end":55,"column_start":61,"column_end":78,"is_primary":true,"text":[{"text":"pub use reproductive::{ReproductiveSystem, FertilityStatus, ReproductiveCycle};","highlight_start":61,"highlight_end":78}],"label":"no `ReproductiveCycle` in `reproductive`","suggested_replacement":null,"suggestion_applicability":null,"expansion":null}],"children":[{"message":"a similar name exists in the module","code":null,"level":"help","spans":[{"file_name":"crates/biology/src/lib.rs","byte_start":1894,"byte_end":1911,"line_start":55,"line_end":55,"column_start":61,"column_end":78,"is_primary":true,"text":[{"text":"pub use reproductive::{ReproductiveSystem, FertilityStatus, ReproductiveCycle};","highlight_start":61,"highlight_end":78}],"label":null,"suggested_replacement":"ReproductiveSystem","suggestion_applicability":"MaybeIncorrect","expansion":null}],"children":[],"rendered":null}],"rendered":"\u001b[1m\u001b[91merror[E0432]\u001b[0m\u001b[1m: unresolved import `reproductive::ReproductiveCycle`\u001b[0m\n  \u001b[1m\u001b[94m--> \u001b[0mcrates/biology/src/lib.rs:55:61\n   \u001b[1m\u001b[94m|\u001b[0m\n\u001b[1m\u001b[94m55\u001b[0m \u001b[1m\u001b[94m|\u001b[0m pub use reproductive::{ReproductiveSystem, FertilityStatus, ReproductiveCycle};\n   \u001b[1m\u001b[94m|\u001b[0m                                                             \u001b[1m\u001b[91m^^^^^^^^^^^^^^^^^\u001b[0m\n   \u001b[1m\u001b[94m|\u001b[0m                                                             \u001b[1m\u001b[91m|\u001b[0m\n   \u001b[1m\u001b[94m|\u001b[0m                                                             \u001b[1m\u001b[91mno `ReproductiveCycle` in `reproductive`\u001b[0m\n   \u001b[1m\u001b[94m|\u001b[0m                                                             \u001b[1m\u001b[91mhelp: a similar name exists in the module: `ReproductiveSystem`\u001b[0m\n\n"}
{"$message_type":"diagnostic","message":"cannot find type `B1` in this scope","code":{"code":"E0412","explanation":"A used type name is not in scope.\n\nErroneous code examples:\n\n```compile_fail,E0412\nimpl Something {} // error: type name `Something` is not in scope\n\n// or:\n\ntrait Foo {\n    fn bar(N); // error: type name `N` is not in scope\n}\n\n// or:\n\nfn foo(x: T) {} // type name `T` is not in scope\n```\n\nTo fix this error, please verify you didn't misspell the type name, you did\ndeclare it or imported it into the scope. Examples:\n\n```\nstruct Something;\n\nimpl Something {} // ok!\n\n// or:\n\ntrait Foo {\n    type N;\n\n    fn bar(_: Self::N); // ok!\n}\n\n// or:\n\nfn foo<T>(x: T) {} // ok!\n```\n\nAnother case that causes this error is when a type is imported into a parent\nmodule. To fix this, you can follow the suggestion and use File directly or\n`use super::File;` which will import the types from the parent namespace. An\nexample that causes this error is below:\n\n```compile_fail,E0412\nuse std::fs::File;\n\nmod foo {\n    fn some_function(f: File) {}\n}\n```\n\n```\nuse std::fs::File;\n\nmod foo {\n    // either\n    use super::File;\n    // or\n    // use std::fs::File;\n    fn foo(f: File) {}\n}\n# fn main() {} // don't insert it for us; that'll break imports\n```\n"},"level":"error","spans":[{"file_name":"crates/biology/src/nutrition.rs","byte_start":1223,"byte_end":1225,"line_start":35,"line_end":35,"column_start":14,"column_end":16,"is_primary":true,"text":[{"text":"    Thiamine(B1),","highlight_start":14,"highlight_end":16}],"label":"not found in this scope","suggested_replacement":null,"suggestion_applicability":null,"expansion":null}],"children":[],"rendered":"\u001b[1m\u001b[91merror[E0412]\u001b[0m\u001b[1m: cannot find type `B1` in this scope\u001b[0m\n  \u001b[1m\u001b[94m--> \u001b[0mcrates/biology/src/nutrition.rs:35:14\n   \u001b[1m\u001b[94m|\u001b[0m\n\u001b[1m\u001b[94m35\u001b[0m \u001b[1m\u001b[94m|\u001b[0m     Thiamine(B1),\n   \u001b[1m\u001b[94m|\u001b[0m              \u001b[1m\u001b[91m^^\u001b[0m \u001b[1m\u001b[91mnot found in this scope\u001b[0m\n\n"}
{"$message_type":"diagnostic","message":"cannot find type `B2` in this scope","code":{"code":"E0412","explanation":"A used type name is not in scope.\n\nErroneous code examples:\n\n```compile_fail,E0412\nimpl Something {} // error: type name `Something` is not in scope\n\n// or:\n\ntrait Foo {\n    fn bar(N); // error: type name `N` is not in scope\n}\n\n// or:\n\nfn foo(x: T) {} // type name `T` is not in scope\n```\n\nTo fix this error, please verify you didn't misspell the type name, you did\ndeclare it or imported it into the scope. Examples:\n\n```\nstruct Something;\n\nimpl Something {} // ok!\n\n// or:\n\ntrait Foo {\n    type N;\n\n    fn bar(_: Self::N); // ok!\n}\n\n// or:\n\nfn foo<T>(x: T) {} // ok!\n```\n\nAnother case that causes this error is when a type is imported into a parent\nmodule. To fix this, you can follow the suggestion and use File directly or\n`use super::File;` which will import the types from the parent namespace. An\nexample that causes this error is below:\n\n```compile_fail,E0412\nuse std::fs::File;\n\nmod foo {\n    fn some_function(f: File) {}\n}\n```\n\n```\nuse std::fs::File;\n\nmod foo {\n    // either\n    use super::File;\n    // or\n    // use std::fs::File;\n    fn foo(f: File) {}\n}\n# fn main() {} // don't insert it for us; that'll break imports\n```\n"},"level":"error","spans":[{"file_name":"crates/biology/src/nutrition.rs","byte_start":1243,"byte_end":1245,"line_start":36,"line_end":36,"column_start":16,"column_end":18,"is_primary":true,"text":[{"text":"    Riboflavin(B2),","highlight_start":16,"highlight_end":18}],"label":"not found in this scope","suggested_replacement":null,"suggestion_applicability":null,"expansion":null}],"children":[],"rendered":"\u001b[1m\u001b[91merror[E0412]\u001b[0m\u001b[1m: cannot find type `B2` in this scope\u001b[0m\n  \u001b[1m\u001b[94m--> \u001b[0mcrates/biology/src/nutrition.rs:36:16\n   \u001b[1m\u001b[94m|\u001b[0m\n\u001b[1m\u001b[94m36\u001b[0m \u001b[1m\u001b[94m|\u001b[0m     Riboflavin(B2),\n   \u001b[1m\u001b[94m|\u001b[0m                \u001b[1m\u001b[91m^^\u001b[0m \u001b[1m\u001b[91mnot found in this scope\u001b[0m\n\n"}
{"$message_type":"diagnostic","message":"cannot find type `B3` in this scope","code":{"code":"E0412","explanation":"A used type name is not in scope.\n\nErroneous code examples:\n\n```compile_fail,E0412\nimpl Something {} // error: type name `Something` is not in scope\n\n// or:\n\ntrait Foo {\n    fn bar(N); // error: type name `N` is not in scope\n}\n\n// or:\n\nfn foo(x: T) {} // type name `T` is not in scope\n```\n\nTo fix this error, please verify you didn't misspell the type name, you did\ndeclare it or imported it into the scope. Examples:\n\n```\nstruct Something;\n\nimpl Something {} // ok!\n\n// or:\n\ntrait Foo {\n    type N;\n\n    fn bar(_: Self::N); // ok!\n}\n\n// or:\n\nfn foo<T>(x: T) {} // ok!\n```\n\nAnother case that causes this error is when a type is imported into a parent\nmodule. To fix this, you can follow the suggestion and use File directly or\n`use super::File;` which will import the types from the parent namespace. An\nexample that causes this error is below:\n\n```compile_fail,E0412\nuse std::fs::File;\n\nmod foo {\n    fn some_function(f: File) {}\n}\n```\n\n```\nuse std::fs::File;\n\nmod foo {\n    // either\n    use super::File;\n    // or\n    // use std::fs::File;\n    fn foo(f: File) {}\n}\n# fn main() {} // don't insert it for us; that'll break imports\n```\n"},"level":"error","spans":[{"file_name":"crates/biology/src/nutrition.rs","byte_start":1259,"byte_end":1261,"line_start":37,"line_end":37,"column_start":12,"column_end":14,"is_primary":true,"text":[{"text":"    Niacin(B3),","highlight_start":12,"highlight_end":14}],"label":"not found in this scope","suggested_replacement":null,"suggestion_applicability":null,"expansion":null}],"children":[],"rendered":"\u001b[1m\u001b[91merror[E0412]\u001b[0m\u001b[1m: cannot find type `B3` in this scope\u001b[0m\n  \u001b[1m\u001b[94m--> \u001b[0mcrates/biology/src/nutrition.rs:37:12\n   \u001b[1m\u001b[94m|\u001b[0m\n\u001b[1m\u001b[94m37\u001b[0m \u001b[1m\u001b[94m|\u001b[0m     Niacin(B3),\n   \u001b[1m\u001b[94m|\u001b[0m            \u001b[1m\u001b[91m^^\u001b[0m \u001b[1m\u001b[91mnot found in this scope\u001b[0m\n\n"}
{"$message_type":"diagnostic","message":"cannot find type `B9` in this scope","code":{"code":"E0412","explanation":"A used type name is not in scope.\n\nErroneous code examples:\n\n```compile_fail,E0412\nimpl Something {} // error: type name `Something` is not in scope\n\n// or:\n\ntrait Foo {\n    fn bar(N); // error: type name `N` is not in scope\n}\n\n// or:\n\nfn foo(x: T) {} // type name `T` is not in scope\n```\n\nTo fix this error, please verify you didn't misspell the type name, you did\ndeclare it or imported it into the scope. Examples:\n\n```\nstruct Something;\n\nimpl Something {} // ok!\n\n// or:\n\ntrait Foo {\n    type N;\n\n    fn bar(_: Self::N); // ok!\n}\n\n// or:\n\nfn foo<T>(x: T) {} // ok!\n```\n\nAnother case that causes this error is when a type is imported into a parent\nmodule. To fix this, you can follow the suggestion and use File directly or\n`use super::File;` which will import the types from the parent namespace. An\nexample that causes this error is below:\n\n```compile_fail,E0412\nuse std::fs::File;\n\nmod foo {\n    fn some_function(f: File) {}\n}\n```\n\n```\nuse std::fs::File;\n\nmod foo {\n    // either\n    use super::File;\n    // or\n    // use std::fs::File;\n    fn foo(f: File) {}\n}\n# fn main() {} // don't insert it for us; that'll break imports\n```\n"},"level":"error","spans":[{"file_name":"crates/biology/src/nutrition.rs","byte_start":1290,"byte_end":1292,"line_start":39,"line_end":39,"column_start":12,"column_end":14,"is_primary":true,"text":[{"text":"    Folate(B9),","highlight_start":12,"highlight_end":14}],"label":"not found in this scope","suggested_replacement":null,"suggestion_applicability":null,"expansion":null}],"children":[],"rendered":"\u001b[1m\u001b[91merror[E0412]\u001b[0m\u001b[1m: cannot find type `B9` in this scope\u001b[0m\n  \u001b[1m\u001b[94m--> \u001b[0mcrates/biology/src/nutrition.rs:39:12\n   \u001b[1m\u001b[94m|\u001b[0m\n\u001b[1m\u001b[94m39\u001b[0m \u001b[1m\u001b[94m|\u001b[0m     Folate(B9),\n   \u001b[1m\u001b[94m|\u001b[0m            \u001b[1m\u001b[91m^^\u001b[0m \u001b[1m\u001b[91mnot found in this scope\u001b[0m\n\n"}
{"$message_type":"diagnostic","message":"cannot find type `B1` in this scope","code":{"code":"E0412","explanation":"A used type name is not in scope.\n\nErroneous code examples:\n\n```compile_fail,E0412\nimpl Something {} // error: type name `Something` is not in scope\n\n// or:\n\ntrait Foo {\n    fn bar(N); // error: type name `N` is not in scope\n}\n\n// or:\n\nfn foo(x: T) {} // type name `T` is not in scope\n```\n\nTo fix this error, please verify you didn't misspell the type name, you did\ndeclare it or imported it into the scope. Examples:\n\n```\nstruct Something;\n\nimpl Something {} // ok!\n\n// or:\n\ntrait Foo {\n    type N;\n\n    fn bar(_: Self::N); // ok!\n}\n\n// or:\n\nfn foo<T>(x: T) {} // ok!\n```\n\nAnother case that causes this error is when a type is imported into a parent\nmodule. To fix this, you can follow the suggestion and use File directly or\n`use super::File;` which will import the types from the parent namespace. An\nexample that causes this error is below:\n\n```compile_fail,E0412\nuse std::fs::File;\n\nmod foo {\n    fn some_function(f: File) {}\n}\n```\n\n```\nuse std::fs::File;\n\nmod foo {\n    // either\n    use super::File;\n    // or\n    // use std::fs::File;\n    fn foo(f: File) {}\n}\n# fn main() {} // don't insert it for us; that'll break imports\n```\n"},"level":"error","spans":[{"file_name":"crates/biology/src/nutrition.rs","byte_start":1223,"byte_end":1225,"line_start":35,"line_end":35,"column_start":14,"column_end":16,"is_primary":true,"text":[{"text":"    Thiamine(B1),","highlight_start":14,"highlight_end":16}],"label":"not found in this scope","suggested_replacement":null,"suggestion_applicability":null,"expansion":null}],"children":[{"message":"you might be missing a type parameter","code":null,"level":"help","spans":[{"file_name":"crates/biology/src/nutrition.rs","byte_start":1077,"byte_end":1077,"line_start":27,"line_end":27,"column_start":23,"column_end":23,"is_primary":true,"text":[{"text":"pub enum Micronutrient {","highlight_start":23,"highlight_end":23}],"label":null,"suggested_replacement":"<B1>","suggestion_applicability":"MaybeIncorrect","expansion":{"span":{"file_name":"crates/biology/src/nutrition.rs","byte_start":979,"byte_end":984,"line_start":26,"line_end":26,"column_start":17,"column_end":22,"is_primary":false,"text":[{"text":"#[derive(Debug, Clone, Copy, PartialEq, Eq, PartialOrd, Ord, Hash, Serialize, Deserialize)]","highlight_start":17,"highlight_end":22}],"label":null,"suggested_replacement":null,"suggestion_applicability":null,"expansion":null},"macro_decl_name":"#[derive(Clone)]","def_site_span":{"file_name":"/rustc/ded5c06cf21d2b93bffd5d884aa6e96934ee4234/library/core/src/clone.rs","byte_start":9498,"byte_end":9513,"line_start":257,"line_end":257,"column_start":1,"column_end":16,"is_primary":false,"text":[],"label":null,"suggested_replacement":null,"suggestion_applicability":null,"expansion":null}}}],"children":[],"rendered":null}],"rendered":"\u001b[1m\u001b[91merror[E0412]\u001b[0m\u001b[1m: cannot find type `B1` in this scope\u001b[0m\n  \u001b[1m\u001b[94m--> \u001b[0mcrates/biology/src/nutrition.rs:35:14\n   \u001b[1m\u001b[94m|\u001b[0m\n\u001b[1m\u001b[94m35\u001b[0m \u001b[1m\u001b[94m|\u001b[0m     Thiamine(B1),\n   \u001b[1m\u001b[94m|\u001b[0m              \u001b[1m\u001b[91m^^\u001b[0m \u001b[1m\u001b[91mnot found in this scope\u001b[0m\n   \u001b[1m\u001b[94m|\u001b[0m\n\u001b[1m\u001b[96mhelp\u001b[0m: you might be missing a type parameter\n   \u001b[1m\u001b[94m|\u001b[0m\n\u001b[1m\u001b[94m27\u001b[0m \u001b[1m\u001b[94m| \u001b[0mpub enum Micronutrient\u001b[92m<B1>\u001b[0m {\n   \u001b[1m\u001b[94m|\u001b[0m                       \u001b[92m++++\u001b[0m\n\n"}
{"$message_type":"diagnostic","message":"cannot find type `B2` in this scope","code":{"code":"E0412","explanation":"A used type name is not in scope.\n\nErroneous code examples:\n\n```compile_fail,E0412\nimpl Something {} // error: type name `Something` is not in scope\n\n// or:\n\ntrait Foo {\n    fn bar(N); // error: type name `N` is not in scope\n}\n\n// or:\n\nfn foo(x: T) {} // type name `T` is not in scope\n```\n\nTo fix this error, please verify you didn't misspell the type name, you did\ndeclare it or imported it into the scope. Examples:\n\n```\nstruct Something;\n\nimpl Something {} // ok!\n\n// or:\n\ntrait Foo {\n    type N;\n\n    fn bar(_: Self::N); // ok!\n}\n\n// or:\n\nfn foo<T>(x: T) {} // ok!\n```\n\nAnother case that causes this error is when a type is imported into a parent\nmodule. To fix this, you can follow the suggestion and use File directly or\n`use super::File;` which will import the types from the parent namespace. An\nexample that causes this error is below:\n\n```compile_fail,E0412\nuse std::fs::File;\n\nmod foo {\n    fn some_function(f: File) {}\n}\n```\n\n```\nuse std::fs::File;\n\nmod foo {\n    // either\n    use super::File;\n    // or\n    // use std::fs::File;\n    fn foo(f: File) {}\n}\n# fn main() {} // don't insert it for us; that'll break imports\n```\n"},"level":"error","spans":[{"file_name":"crates/biology/src/nutrition.rs","byte_start":1243,"byte_end":1245,"line_start":36,"line_end":36,"column_start":16,"column_end":18,"is_primary":true,"text":[{"text":"    Riboflavin(B2),","highlight_start":16,"highlight_end":18}],"label":"not found in this scope","suggested_replacement":null,"suggestion_applicability":null,"expansion":null}],"children":[{"message":"you might be missing a type parameter","code":null,"level":"help","spans":[{"file_name":"crates/biology/src/nutrition.rs","byte_start":1077,"byte_end":1077,"line_start":27,"line_end":27,"column_start":23,"column_end":23,"is_primary":true,"text":[{"text":"pub enum Micronutrient {","highlight_start":23,"highlight_end":23}],"label":null,"suggested_replacement":"<B2>","suggestion_applicability":"MaybeIncorrect","expansion":{"span":{"file_name":"crates/biology/src/nutrition.rs","byte_start":979,"byte_end":984,"line_start":26,"line_end":26,"column_start":17,"column_end":22,"is_primary":false,"text":[{"text":"#[derive(Debug, Clone, Copy, PartialEq, Eq, PartialOrd, Ord, Hash, Serialize, Deserialize)]","highlight_start":17,"highlight_end":22}],"label":null,"suggested_replacement":null,"suggestion_applicability":null,"expansion":null},"macro_decl_name":"#[derive(Clone)]","def_site_span":{"file_name":"/rustc/ded5c06cf21d2b93bffd5d884aa6e96934ee4234/library/core/src/clone.rs","byte_start":9498,"byte_end":9513,"line_start":257,"line_end":257,"column_start":1,"column_end":16,"is_primary":false,"text":[],"label":null,"suggested_replacement":null,"suggestion_applicability":null,"expansion":null}}}],"children":[],"rendered":null}],"rendered":"\u001b[1m\u001b[91merror[E0412]\u001b[0m\u001b[1m: cannot find type `B2` in this scope\u001b[0m\n  \u001b[1m\u001b[94m--> \u001b[0mcrates/biology/src/nutrition.rs:36:16\n   \u001b[1m\u001b[94m|\u001b[0m\n\u001b[1m\u001b[94m36\u001b[0m \u001b[1m\u001b[94m|\u001b[0m     Riboflavin(B2),\n   \u001b[1m\u001b[94m|\u001b[0m                \u001b[1m\u001b[91m^^\u001b[0m \u001b[1m\u001b[91mnot found in this scope\u001b[0m\n   \u001b[1m\u001b[94m|\u001b[0m\n\u001b[1m\u001b[96mhelp\u001b[0m: you might be missing a type parameter\n   \u001b[1m\u001b[94m|\u001b[0m\n\u001b[1m\u001b[94m27\u001b[0m \u001b[1m\u001b[94m| \u001b[0mpub enum Micronutrient\u001b[92m<B2>\u001b[0m {\n   \u001b[1m\u001b[94m|\u001b[0m                       \u001b[92m++++\u001b[0m\n\n"}
{"$message_type":"diagnostic","message":"cannot find type `B3` in this scope","code":{"code":"E0412","explanation":"A used type name is not in scope.\n\nErroneous code examples:\n\n```compile_fail,E0412\nimpl Something {} // error: type name `Something` is not in scope\n\n// or:\n\ntrait Foo {\n    fn bar(N); // error: type name `N` is not in scope\n}\n\n// or:\n\nfn foo(x: T) {} // type name `T` is not in scope\n```\n\nTo fix this error, please verify you didn't misspell the type name, you did\ndeclare it or imported it into the scope. Examples:\n\n```\nstruct Something;\n\nimpl Something {} // ok!\n\n// or:\n\ntrait Foo {\n    type N;\n\n    fn bar(_: Self::N); // ok!\n}\n\n// or:\n\nfn foo<T>(x: T) {} // ok!\n```\n\nAnother case that causes this error is when a type is imported into a parent\nmodule. To fix this, you can follow the suggestion and use File directly or\n`use super::File;` which will import the types from the parent namespace. An\nexample that causes this error is below:\n\n```compile_fail,E0412\nuse std::fs::File;\n\nmod foo {\n    fn some_function(f: File) {}\n}\n```\n\n```\nuse std::fs::File;\n\nmod foo {\n    // either\n    use super::File;\n    // or\n    // use std::fs::File;\n    fn foo(f: File) {}\n}\n# fn main() {} // don't insert it for us; that'll break imports\n```\n"},"level":"error","spans":[{"file_name":"crates/biology/src/nutrition.rs","byte_start":1259,"byte_end":1261,"line_start":37,"line_end":37,"column_start":12,"column_end":14,"is_primary":true,"text":[{"text":"    Niacin(B3),","highlight_start":12,"highlight_end":14}],"label":"not found in this scope","suggested_replacement":null,"suggestion_applicability":null,"expansion":null}],"children":[{"message":"you might be missing a type parameter","code":null,"level":"help","spans":[{"file_name":"crates/biology/src/nutrition.rs","byte_start":1077,"byte_end":1077,"line_start":27,"line_end":27,"column_start":23,"column_end":23,"is_primary":true,"text":[{"text":"pub enum Micronutrient {","highlight_start":23,"highlight_end":23}],"label":null,"suggested_replacement":"<B3>","suggestion_applicability":"MaybeIncorrect","expansion":{"span":{"file_name":"crates/biology/src/nutrition.rs","byte_start":979,"byte_end":984,"line_start":26,"line_end":26,"column_start":17,"column_end":22,"is_primary":false,"text":[{"text":"#[derive(Debug, Clone, Copy, PartialEq, Eq, PartialOrd, Ord, Hash, Serialize, Deserialize)]","highlight_start":17,"highlight_end":22}],"label":null,"suggested_replacement":null,"suggestion_applicability":null,"expansion":null},"macro_decl_name":"#[derive(Clone)]","def_site_span":{"file_name":"/rustc/ded5c06cf21d2b93bffd5d884aa6e96934ee4234/library/core/src/clone.rs","byte_start":9498,"byte_end":9513,"line_start":257,"line_end":257,"column_start":1,"column_end":16,"is_primary":false,"text":[],"label":null,"suggested_replacement":null,"suggestion_applicability":null,"expansion":null}}}],"children":[],"rendered":null}],"rendered":"\u001b[1m\u001b[91merror[E0412]\u001b[0m\u001b[1m: cannot find type `B3` in this scope\u001b[0m\n  \u001b[1m\u001b[94m--> \u001b[0mcrates/biology/src/nutrition.rs:37:12\n   \u001b[1m\u001b[94m|\u001b[0m\n\u001b[1m\u001b[94m37\u001b[0m \u001b[1m\u001b[94m|\u001b[0m     Niacin(B3),\n   \u001b[1m\u001b[94m|\u001b[0m            \u001b[1m\u001b[91m^^\u001b[0m \u001b[1m\u001b[91mnot found in this scope\u001b[0m\n   \u001b[1m\u001b[94m|\u001b[0m\n\u001b[1m\u001b[96mhelp\u001b[0m: you might be missing a type parameter\n   \u001b[1m\u001b[94m|\u001b[0m\n\u001b[1m\u001b[94m27\u001b[0m \u001b[1m\u001b[94m| \u001b[0mpub enum Micronutrient\u001b[92m<B3>\u001b[0m {\n   \u001b[1m\u001b[94m|\u001b[0m                       \u001b[92m++++\u001b[0m\n\n"}
{"$message_type":"diagnostic","message":"cannot find type `B9` in this scope","code":{"code":"E0412","explanation":"A used type name is not in scope.\n\nErroneous code examples:\n\n```compile_fail,E0412\nimpl Something {} // error: type name `Something` is not in scope\n\n// or:\n\ntrait Foo {\n    fn bar(N); // error: type name `N` is not in scope\n}\n\n// or:\n\nfn foo(x: T) {} // type name `T` is not in scope\n```\n\nTo fix this error, please verify you didn't misspell the type name, you did\ndeclare it or imported it into the scope. Examples:\n\n```\nstruct Something;\n\nimpl Something {} // ok!\n\n// or:\n\ntrait Foo {\n    type N;\n\n    fn bar(_: Self::N); // ok!\n}\n\n// or:\n\nfn foo<T>(x: T) {} // ok!\n```\n\nAnother case that causes this error is when a type is imported into a parent\nmodule. To fix this, you can follow the suggestion and use File directly or\n`use super::File;` which will import the types from the parent namespace. An\nexample that causes this error is below:\n\n```compile_fail,E0412\nuse std::fs::File;\n\nmod foo {\n    fn some_function(f: File) {}\n}\n```\n\n```\nuse std::fs::File;\n\nmod foo {\n    // either\n    use super::File;\n    // or\n    // use std::fs::File;\n    fn foo(f: File) {}\n}\n# fn main() {} // don't insert it for us; that'll break imports\n```\n"},"level":"error","spans":[{"file_name":"crates/biology/src/nutrition.rs","byte_start":1290,"byte_end":1292,"line_start":39,"line_end":39,"column_start":12,"column_end":14,"is_primary":true,"text":[{"text":"    Folate(B9),","highlight_start":12,"highlight_end":14}],"label":"not found in this scope","suggested_replacement":null,"suggestion_applicability":null,"expansion":null}],"children":[{"message":"you might be missing a type parameter","code":null,"level":"help","spans":[{"file_name":"crates/biology/src/nutrition.rs","byte_start":1077,"byte_end":1077,"line_start":27,"line_end":27,"column_start":23,"column_end":23,"is_primary":true,"text":[{"text":"pub enum Micronutrient {","highlight_start":23,"highlight_end":23}],"label":null,"suggested_replacement":"<B9>","suggestion_applicability":"MaybeIncorrect","expansion":{"span":{"file_name":"crates/biology/src/nutrition.rs","byte_start":979,"byte_end":984,"line_start":26,"line_end":26,"column_start":17,"column_end":22,"is_primary":false,"text":[{"text":"#[derive(Debug, Clone, Copy, PartialEq, Eq, PartialOrd, Ord, Hash, Serialize, Deserialize)]","highlight_start":17,"highlight_end":22}],"label":null,"suggested_replacement":null,"suggestion_applicability":null,"expansion":null},"macro_decl_name":"#[derive(Clone)]","def_site_span":{"file_name":"/rustc/ded5c06cf21d2b93bffd5d884aa6e96934ee4234/library/core/src/clone.rs","byte_start":9498,"byte_end":9513,"line_start":257,"line_end":257,"column_start":1,"column_end":16,"is_primary":false,"text":[],"label":null,"suggested_replacement":null,"suggestion_applicability":null,"expansion":null}}}],"children":[],"rendered":null}],"rendered":"\u001b[1m\u001b[91merror[E0412]\u001b[0m\u001b[1m: cannot find type `B9` in this scope\u001b[0m\n  \u001b[1m\u001b[94m--> \u001b[0mcrates/biology/src/nutrition.rs:39:12\n   \u001b[1m\u001b[94m|\u001b[0m\n\u001b[1m\u001b[94m39\u001b[0m \u001b[1m\u001b[94m|\u001b[0m     Folate(B9),\n   \u001b[1m\u001b[94m|\u001b[0m            \u001b[1m\u001b[91m^^\u001b[0m \u001b[1m\u001b[91mnot found in this scope\u001b[0m\n   \u001b[1m\u001b[94m|\u001b[0m\n\u001b[1m\u001b[96mhelp\u001b[0m: you might be missing a type parameter\n   \u001b[1m\u001b[94m|\u001b[0m\n\u001b[1m\u001b[94m27\u001b[0m \u001b[1m\u001b[94m| \u001b[0mpub enum Micronutrient\u001b[92m<B9>\u001b[0m {\n   \u001b[1m\u001b[94m|\u001b[0m                       \u001b[92m++++\u001b[0m\n\n"}
{"$message_type":"diagnostic","message":"cannot find type `B1` in this scope","code":{"code":"E0412","explanation":"A used type name is not in scope.\n\nErroneous code examples:\n\n```compile_fail,E0412\nimpl Something {} // error: type name `Something` is not in scope\n\n// or:\n\ntrait Foo {\n    fn bar(N); // error: type name `N` is not in scope\n}\n\n// or:\n\nfn foo(x: T) {} // type name `T` is not in scope\n```\n\nTo fix this error, please verify you didn't misspell the type name, you did\ndeclare it or imported it into the scope. Examples:\n\n```\nstruct Something;\n\nimpl Something {} // ok!\n\n// or:\n\ntrait Foo {\n    type N;\n\n    fn bar(_: Self::N); // ok!\n}\n\n// or:\n\nfn foo<T>(x: T) {} // ok!\n```\n\nAnother case that causes this error is when a type is imported into a parent\nmodule. To fix this, you can follow the suggestion and use File directly or\n`use super::File;` which will import the types from the parent namespace. An\nexample that causes this error is below:\n\n```compile_fail,E0412\nuse std::fs::File;\n\nmod foo {\n    fn some_function(f: File) {}\n}\n```\n\n```\nuse std::fs::File;\n\nmod foo {\n    // either\n    use super::File;\n    // or\n    // use std::fs::File;\n    fn foo(f: File) {}\n}\n# fn main() {} // don't insert it for us; that'll break imports\n```\n"},"level":"error","spans":[{"file_name":"crates/biology/src/nutrition.rs","byte_start":1223,"byte_end":1225,"line_start":35,"line_end":35,"column_start":14,"column_end":16,"is_primary":true,"text":[{"text":"    Thiamine(B1),","highlight_start":14,"highlight_end":16}],"label":"not found in this scope","suggested_replacement":null,"suggestion_applicability":null,"expansion":null}],"children":[{"message":"you might be missing a type parameter","code":null,"level":"help","spans":[{"file_name":"crates/biology/src/nutrition.rs","byte_start":1077,"byte_end":1077,"line_start":27,"line_end":27,"column_start":23,"column_end":23,"is_primary":true,"text":[{"text":"pub enum Micronutrient {","highlight_start":23,"highlight_end":23}],"label":null,"suggested_replacement":"<B1>","suggestion_applicability":"MaybeIncorrect","expansion":{"span":{"file_name":"crates/biology/src/nutrition.rs","byte_start":1003,"byte_end":1005,"line_start":26,"line_end":26,"column_start":41,"column_end":43,"is_primary":false,"text":[{"text":"#[derive(Debug, Clone, Copy, PartialEq, Eq, PartialOrd, Ord, Hash, Serialize, Deserialize)]","highlight_start":41,"highlight_end":43}],"label":null,"suggested_replacement":null,"suggestion_applicability":null,"expansion":null},"macro_decl_name":"#[derive(Eq)]","def_site_span":{"file_name":"/rustc/ded5c06cf21d2b93bffd5d884aa6e96934ee4234/library/core/src/cmp.rs","byte_start":13141,"byte_end":13153,"line_start":356,"line_end":356,"column_start":1,"column_end":13,"is_primary":false,"text":[],"label":null,"suggested_replacement":null,"suggestion_applicability":null,"expansion":null}}}],"children":[],"rendered":null}],"rendered":"\u001b[1m\u001b[91merror[E0412]\u001b[0m\u001b[1m: cannot find type `B1` in this scope\u001b[0m\n  \u001b[1m\u001b[94m--> \u001b[0mcrates/biology/src/nutrition.rs:35:14\n   \u001b[1m\u001b[94m|\u001b[0m\n\u001b[1m\u001b[94m35\u001b[0m \u001b[1m\u001b[94m|\u001b[0m     Thiamine(B1),\n   \u001b[1m\u001b[94m|\u001b[0m              \u001b[1m\u001b[91m^^\u001b[0m \u001b[1m\u001b[91mnot found in this scope\u001b[0m\n   \u001b[1m\u001b[94m|\u001b[0m\n\u001b[1m\u001b[96mhelp\u001b[0m: you might be missing a type parameter\n   \u001b[1m\u001b[94m|\u001b[0m\n\u001b[1m\u001b[94m27\u001b[0m \u001b[1m\u001b[94m| \u001b[0mpub enum Micronutrient\u001b[92m<B1>\u001b[0m {\n   \u001b[1m\u001b[94m|\u001b[0m                       \u001b[92m++++\u001b[0m\n\n"}
{"$message_type":"diagnostic","message":"cannot find type `B2` in this scope","code":{"code":"E0412","explanation":"A used type name is not in scope.\n\nErroneous code examples:\n\n```compile_fail,E0412\nimpl Something {} // error: type name `Something` is not in scope\n\n// or:\n\ntrait Foo {\n    fn bar(N); // error: type name `N` is not in scope\n}\n\n// or:\n\nfn foo(x: T) {} // type name `T` is not in scope\n```\n\nTo fix this error, please verify you didn't misspell the type name, you did\ndeclare it or imported it into the scope. Examples:\n\n```\nstruct Something;\n\nimpl Something {} // ok!\n\n// or:\n\ntrait Foo {\n    type N;\n\n    fn bar(_: Self::N); // ok!\n}\n\n// or:\n\nfn foo<T>(x: T) {} // ok!\n```\n\nAnother case that causes this error is when a type is imported into a parent\nmodule. To fix this, you can follow the suggestion and use File directly or\n`use super::File;` which will import the types from the parent namespace. An\nexample that causes this error is below:\n\n```compile_fail,E0412\nuse std::fs::File;\n\nmod foo {\n    fn some_function(f: File) {}\n}\n```\n\n```\nuse std::fs::File;\n\nmod foo {\n    // either\n    use super::File;\n    // or\n    // use std::fs::File;\n    fn foo(f: File) {}\n}\n# fn main() {} // don't insert it for us; that'll break imports\n```\n"},"level":"error","spans":[{"file_name":"crates/biology/src/nutrition.rs","byte_start":1243,"byte_end":1245,"line_start":36,"line_end":36,"column_start":16,"column_end":18,"is_primary":true,"text":[{"text":"    Riboflavin(B2),","highlight_start":16,"highlight_end":18}],"label":"not found in this scope","suggested_replacement":null,"suggestion_applicability":null,"expansion":null}],"children":[{"message":"you might be missing a type parameter","code":null,"level":"help","spans":[{"file_name":"crates/biology/src/nutrition.rs","byte_start":1077,"byte_end":1077,"line_start":27,"line_end":27,"column_start":23,"column_end":23,"is_primary":true,"text":[{"text":"pub enum Micronutrient {","highlight_start":23,"highlight_end":23}],"label":null,"suggested_replacement":"<B2>","suggestion_applicability":"MaybeIncorrect","expansion":{"span":{"file_name":"crates/biology/src/nutrition.rs","byte_start":1003,"byte_end":1005,"line_start":26,"line_end":26,"column_start":41,"column_end":43,"is_primary":false,"text":[{"text":"#[derive(Debug, Clone, Copy, PartialEq, Eq, PartialOrd, Ord, Hash, Serialize, Deserialize)]","highlight_start":41,"highlight_end":43}],"label":null,"suggested_replacement":null,"suggestion_applicability":null,"expansion":null},"macro_decl_name":"#[derive(Eq)]","def_site_span":{"file_name":"/rustc/ded5c06cf21d2b93bffd5d884aa6e96934ee4234/library/core/src/cmp.rs","byte_start":13141,"byte_end":13153,"line_start":356,"line_end":356,"column_start":1,"column_end":13,"is_primary":false,"text":[],"label":null,"suggested_replacement":null,"suggestion_applicability":null,"expansion":null}}}],"children":[],"rendered":null}],"rendered":"\u001b[1m\u001b[91merror[E0412]\u001b[0m\u001b[1m: cannot find type `B2` in this scope\u001b[0m\n  \u001b[1m\u001b[94m--> \u001b[0mcrates/biology/src/nutrition.rs:36:16\n   \u001b[1m\u001b[94m|\u001b[0m\n\u001b[1m\u001b[94m36\u001b[0m \u001b[1m\u001b[94m|\u001b[0m     Riboflavin(B2),\n   \u001b[1m\u001b[94m|\u001b[0m                \u001b[1m\u001b[91m^^\u001b[0m \u001b[1m\u001b[91mnot found in this scope\u001b[0m\n   \u001b[1m\u001b[94m|\u001b[0m\n\u001b[1m\u001b[96mhelp\u001b[0m: you might be missing a type parameter\n   \u001b[1m\u001b[94m|\u001b[0m\n\u001b[1m\u001b[94m27\u001b[0m \u001b[1m\u001b[94m| \u001b[0mpub enum Micronutrient\u001b[92m<B2>\u001b[0m {\n   \u001b[1m\u001b[94m|\u001b[0m                       \u001b[92m++++\u001b[0m\n\n"}
{"$message_type":"diagnostic","message":"cannot find type `B3` in this scope","code":{"code":"E0412","explanation":"A used type name is not in scope.\n\nErroneous code examples:\n\n```compile_fail,E0412\nimpl Something {} // error: type name `Something` is not in scope\n\n// or:\n\ntrait Foo {\n    fn bar(N); // error: type name `N` is not in scope\n}\n\n// or:\n\nfn foo(x: T) {} // type name `T` is not in scope\n```\n\nTo fix this error, please verify you didn't misspell the type name, you did\ndeclare it or imported it into the scope. Examples:\n\n```\nstruct Something;\n\nimpl Something {} // ok!\n\n// or:\n\ntrait Foo {\n    type N;\n\n    fn bar(_: Self::N); // ok!\n}\n\n// or:\n\nfn foo<T>(x: T) {} // ok!\n```\n\nAnother case that causes this error is when a type is imported into a parent\nmodule. To fix this, you can follow the suggestion and use File directly or\n`use super::File;` which will import the types from the parent namespace. An\nexample that causes this error is below:\n\n```compile_fail,E0412\nuse std::fs::File;\n\nmod foo {\n    fn some_function(f: File) {}\n}\n```\n\n```\nuse std::fs::File;\n\nmod foo {\n    // either\n    use super::File;\n    // or\n    // use std::fs::File;\n    fn foo(f: File) {}\n}\n# fn main() {} // don't insert it for us; that'll break imports\n```\n"},"level":"error","spans":[{"file_name":"crates/biology/src/nutrition.rs","byte_start":1259,"byte_end":1261,"line_start":37,"line_end":37,"column_start":12,"column_end":14,"is_primary":true,"text":[{"text":"    Niacin(B3),","highlight_start":12,"highlight_end":14}],"label":"not found in this scope","suggested_replacement":null,"suggestion_applicability":null,"expansion":null}],"children":[{"message":"you might be missing a type parameter","code":null,"level":"help","spans":[{"file_name":"crates/biology/src/nutrition.rs","byte_start":1077,"byte_end":1077,"line_start":27,"line_end":27,"column_start":23,"column_end":23,"is_primary":true,"text":[{"text":"pub enum Micronutrient {","highlight_start":23,"highlight_end":23}],"label":null,"suggested_replacement":"<B3>","suggestion_applicability":"MaybeIncorrect","expansion":{"span":{"file_name":"crates/biology/src/nutrition.rs","byte_start":1003,"byte_end":1005,"line_start":26,"line_end":26,"column_start":41,"column_end":43,"is_primary":false,"text":[{"text":"#[derive(Debug, Clone, Copy, PartialEq, Eq, PartialOrd, Ord, Hash, Serialize, Deserialize)]","highlight_start":41,"highlight_end":43}],"label":null,"suggested_replacement":null,"suggestion_applicability":null,"expansion":null},"macro_decl_name":"#[derive(Eq)]","def_site_span":{"file_name":"/rustc/ded5c06cf21d2b93bffd5d884aa6e96934ee4234/library/core/src/cmp.rs","byte_start":13141,"byte_end":13153,"line_start":356,"line_end":356,"column_start":1,"column_end":13,"is_primary":false,"text":[],"label":null,"suggested_replacement":null,"suggestion_applicability":null,"expansion":null}}}],"children":[],"rendered":null}],"rendered":"\u001b[1m\u001b[91merror[E0412]\u001b[0m\u001b[1m: cannot find type `B3` in this scope\u001b[0m\n  \u001b[1m\u001b[94m--> \u001b[0mcrates/biology/src/nutrition.rs:37:12\n   \u001b[1m\u001b[94m|\u001b[0m\n\u001b[1m\u001b[94m37\u001b[0m \u001b[1m\u001b[94m|\u001b[0m     Niacin(B3),\n   \u001b[1m\u001b[94m|\u001b[0m            \u001b[1m\u001b[91m^^\u001b[0m \u001b[1m\u001b[91mnot found in this scope\u001b[0m\n   \u001b[1m\u001b[94m|\u001b[0m\n\u001b[1m\u001b[96mhelp\u001b[0m: you might be missing a type parameter\n   \u001b[1m\u001b[94m|\u001b[0m\n\u001b[1m\u001b[94m27\u001b[0m \u001b[1m\u001b[94m| \u001b[0mpub enum Micronutrient\u001b[92m<B3>\u001b[0m {\n   \u001b[1m\u001b[94m|\u001b[0m                       \u001b[92m++++\u001b[0m\n\n"}
{"$message_type":"diagnostic","message":"cannot find type `B9` in this scope","code":{"code":"E0412","explanation":"A used type name is not in scope.\n\nErroneous code examples:\n\n```compile_fail,E0412\nimpl Something {} // error: type name `Something` is not in scope\n\n// or:\n\ntrait Foo {\n    fn bar(N); // error: type name `N` is not in scope\n}\n\n// or:\n\nfn foo(x: T) {} // type name `T` is not in scope\n```\n\nTo fix this error, please verify you didn't misspell the type name, you did\ndeclare it or imported it into the scope. Examples:\n\n```\nstruct Something;\n\nimpl Something {} // ok!\n\n// or:\n\ntrait Foo {\n    type N;\n\n    fn bar(_: Self::N); // ok!\n}\n\n// or:\n\nfn foo<T>(x: T) {} // ok!\n```\n\nAnother case that causes this error is when a type is imported into a parent\nmodule. To fix this, you can follow the suggestion and use File directly or\n`use super::File;` which will import the types from the parent namespace. An\nexample that causes this error is below:\n\n```compile_fail,E0412\nuse std::fs::File;\n\nmod foo {\n    fn some_function(f: File) {}\n}\n```\n\n```\nuse std::fs::File;\n\nmod foo {\n    // either\n    use super::File;\n    // or\n    // use std::fs::File;\n    fn foo(f: File) {}\n}\n# fn main() {} // don't insert it for us; that'll break imports\n```\n"},"level":"error","spans":[{"file_name":"crates/biology/src/nutrition.rs","byte_start":1290,"byte_end":1292,"line_start":39,"line_end":39,"column_start":12,"column_end":14,"is_primary":true,"text":[{"text":"    Folate(B9),","highlight_start":12,"highlight_end":14}],"label":"not found in this scope","suggested_replacement":null,"suggestion_applicability":null,"expansion":null}],"children":[{"message":"you might be missing a type parameter","code":null,"level":"help","spans":[{"file_name":"crates/biology/src/nutrition.rs","byte_start":1077,"byte_end":1077,"line_start":27,"line_end":27,"column_start":23,"column_end":23,"is_primary":true,"text":[{"text":"pub enum Micronutrient {","highlight_start":23,"highlight_end":23}],"label":null,"suggested_replacement":"<B9>","suggestion_applicability":"MaybeIncorrect","expansion":{"span":{"file_name":"crates/biology/src/nutrition.rs","byte_start":1003,"byte_end":1005,"line_start":26,"line_end":26,"column_start":41,"column_end":43,"is_primary":false,"text":[{"text":"#[derive(Debug, Clone, Copy, PartialEq, Eq, PartialOrd, Ord, Hash, Serialize, Deserialize)]","highlight_start":41,"highlight_end":43}],"label":null,"suggested_replacement":null,"suggestion_applicability":null,"expansion":null},"macro_decl_name":"#[derive(Eq)]","def_site_span":{"file_name":"/rustc/ded5c06cf21d2b93bffd5d884aa6e96934ee4234/library/core/src/cmp.rs","byte_start":13141,"byte_end":13153,"line_start":356,"line_end":356,"column_start":1,"column_end":13,"is_primary":false,"text":[],"label":null,"suggested_replacement":null,"suggestion_applicability":null,"expansion":null}}}],"children":[],"rendered":null}],"rendered":"\u001b[1m\u001b[91merror[E0412]\u001b[0m\u001b[1m: cannot find type `B9` in this scope\u001b[0m\n  \u001b[1m\u001b[94m--> \u001b[0mcrates/biology/src/nutrition.rs:39:12\n   \u001b[1m\u001b[94m|\u001b[0m\n\u001b[1m\u001b[94m39\u001b[0m \u001b[1m\u001b[94m|\u001b[0m     Folate(B9),\n   \u001b[1m\u001b[94m|\u001b[0m            \u001b[1m\u001b[91m^^\u001b[0m \u001b[1m\u001b[91mnot found in this scope\u001b[0m\n   \u001b[1m\u001b[94m|\u001b[0m\n\u001b[1m\u001b[96mhelp\u001b[0m: you might be missing a type parameter\n   \u001b[1m\u001b[94m|\u001b[0m\n\u001b[1m\u001b[94m27\u001b[0m \u001b[1m\u001b[94m| \u001b[0mpub enum Micronutrient\u001b[92m<B9>\u001b[0m {\n   \u001b[1m\u001b[94m|\u001b[0m                       \u001b[92m++++\u001b[0m\n\n"}
{"$message_type":"diagnostic","message":"cannot find value `B1` in this scope","code":{"code":"E0425","explanation":"An unresolved name was used.\n\nErroneous code examples:\n\n```compile_fail,E0425\nsomething_that_doesnt_exist::foo;\n// error: unresolved name `something_that_doesnt_exist::foo`\n\n// or:\n\ntrait Foo {\n    fn bar() {\n        Self; // error: unresolved name `Self`\n    }\n}\n\n// or:\n\nlet x = unknown_variable;  // error: unresolved name `unknown_variable`\n```\n\nPlease verify that the name wasn't misspelled and ensure that the\nidentifier being referred to is valid for the given situation. Example:\n\n```\nenum something_that_does_exist {\n    Foo,\n}\n```\n\nOr:\n\n```\nmod something_that_does_exist {\n    pub static foo : i32 = 0i32;\n}\n\nsomething_that_does_exist::foo; // ok!\n```\n\nOr:\n\n```\nlet unknown_variable = 12u32;\nlet x = unknown_variable; // ok!\n```\n\nIf the item is not defined in the current module, it must be imported using a\n`use` statement, like so:\n\n```\n# mod foo { pub fn bar() {} }\n# fn main() {\nuse foo::bar;\nbar();\n# }\n```\n\nIf the item you are importing is not defined in some super-module of the\ncurrent module, then it must also be declared as public (e.g., `pub fn`).\n"},"level":"error","spans":[{"file_name":"crates/biology/src/nutrition.rs","byte_start":8393,"byte_end":8395,"line_start":234,"line_end":234,"column_start":37,"column_end":39,"is_primary":true,"text":[{"text":"            Micronutrient::Thiamine(B1),","highlight_start":37,"highlight_end":39}],"label":"not found in this scope","suggested_replacement":null,"suggestion_applicability":null,"expansion":null}],"children":[],"rendered":"\u001b[1m\u001b[91merror[E0425]\u001b[0m\u001b[1m: cannot find value `B1` in this scope\u001b[0m\n   \u001b[1m\u001b[94m--> \u001b[0mcrates/biology/src/nutrition.rs:234:37\n    \u001b[1m\u001b[94m|\u001b[0m\n\u001b[1m\u001b[94m234\u001b[0m \u001b[1m\u001b[94m|\u001b[0m             Micronutrient::Thiamine(B1),\n    \u001b[1m\u001b[94m|\u001b[0m                                     \u001b[1m\u001b[91m^^\u001b[0m \u001b[1m\u001b[91mnot found in this scope\u001b[0m\n\n"}
{"$message_type":"diagnostic","message":"cannot find value `B2` in this scope","code":{"code":"E0425","explanation":"An unresolved name was used.\n\nErroneous code examples:\n\n```compile_fail,E0425\nsomething_that_doesnt_exist::foo;\n// error: unresolved name `something_that_doesnt_exist::foo`\n\n// or:\n\ntrait Foo {\n    fn bar() {\n        Self; // error: unresolved name `Self`\n    }\n}\n\n// or:\n\nlet x = unknown_variable;  // error: unresolved name `unknown_variable`\n```\n\nPlease verify that the name wasn't misspelled and ensure that the\nidentifier being referred to is valid for the given situation. Example:\n\n```\nenum something_that_does_exist {\n    Foo,\n}\n```\n\nOr:\n\n```\nmod something_that_does_exist {\n    pub static foo : i32 = 0i32;\n}\n\nsomething_that_does_exist::foo; // ok!\n```\n\nOr:\n\n```\nlet unknown_variable = 12u32;\nlet x = unknown_variable; // ok!\n```\n\nIf the item is not defined in the current module, it must be imported using a\n`use` statement, like so:\n\n```\n# mod foo { pub fn bar() {} }\n# fn main() {\nuse foo::bar;\nbar();\n# }\n```\n\nIf the item you are importing is not defined in some super-module of the\ncurrent module, then it must also be declared as public (e.g., `pub fn`).\n"},"level":"error","spans":[{"file_name":"crates/biology/src/nutrition.rs","byte_start":8436,"byte_end":8438,"line_start":235,"line_end":235,"column_start":39,"column_end":41,"is_primary":true,"text":[{"text":"            Micronutrient::Riboflavin(B2),","highlight_start":39,"highlight_end":41}],"label":"not found in this scope","suggested_replacement":null,"suggestion_applicability":null,"expansion":null}],"children":[],"rendered":"\u001b[1m\u001b[91merror[E0425]\u001b[0m\u001b[1m: cannot find value `B2` in this scope\u001b[0m\n   \u001b[1m\u001b[94m--> \u001b[0mcrates/biology/src/nutrition.rs:235:39\n    \u001b[1m\u001b[94m|\u001b[0m\n\u001b[1m\u001b[94m235\u001b[0m \u001b[1m\u001b[94m|\u001b[0m             Micronutrient::Riboflavin(B2),\n    \u001b[1m\u001b[94m|\u001b[0m                                       \u001b[1m\u001b[91m^^\u001b[0m \u001b[1m\u001b[91mnot found in this scope\u001b[0m\n\n"}
{"$message_type":"diagnostic","message":"cannot find value `B3` in this scope","code":{"code":"E0425","explanation":"An unresolved name was used.\n\nErroneous code examples:\n\n```compile_fail,E0425\nsomething_that_doesnt_exist::foo;\n// error: unresolved name `something_that_doesnt_exist::foo`\n\n// or:\n\ntrait Foo {\n    fn bar() {\n        Self; // error: unresolved name `Self`\n    }\n}\n\n// or:\n\nlet x = unknown_variable;  // error: unresolved name `unknown_variable`\n```\n\nPlease verify that the name wasn't misspelled and ensure that the\nidentifier being referred to is valid for the given situation. Example:\n\n```\nenum something_that_does_exist {\n    Foo,\n}\n```\n\nOr:\n\n```\nmod something_that_does_exist {\n    pub static foo : i32 = 0i32;\n}\n\nsomething_that_does_exist::foo; // ok!\n```\n\nOr:\n\n```\nlet unknown_variable = 12u32;\nlet x = unknown_variable; // ok!\n```\n\nIf the item is not defined in the current module, it must be imported using a\n`use` statement, like so:\n\n```\n# mod foo { pub fn bar() {} }\n# fn main() {\nuse foo::bar;\nbar();\n# }\n```\n\nIf the item you are importing is not defined in some super-module of the\ncurrent module, then it must also be declared as public (e.g., `pub fn`).\n"},"level":"error","spans":[{"file_name":"crates/biology/src/nutrition.rs","byte_start":8475,"byte_end":8477,"line_start":236,"line_end":236,"column_start":35,"column_end":37,"is_primary":true,"text":[{"text":"            Micronutrient::Niacin(B3),","highlight_start":35,"highlight_end":37}],"label":"not found in this scope","suggested_replacement":null,"suggestion_applicability":null,"expansion":null}],"children":[],"rendered":"\u001b[1m\u001b[91merror[E0425]\u001b[0m\u001b[1m: cannot find value `B3` in this scope\u001b[0m\n   \u001b[1m\u001b[94m--> \u001b[0mcrates/biology/src/nutrition.rs:236:35\n    \u001b[1m\u001b[94m|\u001b[0m\n\u001b[1m\u001b[94m236\u001b[0m \u001b[1m\u001b[94m|\u001b[0m             Micronutrient::Niacin(B3),\n    \u001b[1m\u001b[94m|\u001b[0m                                   \u001b[1m\u001b[91m^^\u001b[0m \u001b[1m\u001b[91mnot found in this scope\u001b[0m\n\n"}
{"$message_type":"diagnostic","message":"cannot find value `B9` in this scope","code":{"code":"E0425","explanation":"An unresolved name was used.\n\nErroneous code examples:\n\n```compile_fail,E0425\nsomething_that_doesnt_exist::foo;\n// error: unresolved name `something_that_doesnt_exist::foo`\n\n// or:\n\ntrait Foo {\n    fn bar() {\n        Self; // error: unresolved name `Self`\n    }\n}\n\n// or:\n\nlet x = unknown_variable;  // error: unresolved name `unknown_variable`\n```\n\nPlease verify that the name wasn't misspelled and ensure that the\nidentifier being referred to is valid for the given situation. Example:\n\n```\nenum something_that_does_exist {\n    Foo,\n}\n```\n\nOr:\n\n```\nmod something_that_does_exist {\n    pub static foo : i32 = 0i32;\n}\n\nsomething_that_does_exist::foo; // ok!\n```\n\nOr:\n\n```\nlet unknown_variable = 12u32;\nlet x = unknown_variable; // ok!\n```\n\nIf the item is not defined in the current module, it must be imported using a\n`use` statement, like so:\n\n```\n# mod foo { pub fn bar() {} }\n# fn main() {\nuse foo::bar;\nbar();\n# }\n```\n\nIf the item you are importing is not defined in some super-module of the\ncurrent module, then it must also be declared as public (e.g., `pub fn`).\n"},"level":"error","spans":[{"file_name":"crates/biology/src/nutrition.rs","byte_start":8552,"byte_end":8554,"line_start":238,"line_end":238,"column_start":35,"column_end":37,"is_primary":true,"text":[{"text":"            Micronutrient::Folate(B9),","highlight_start":35,"highlight_end":37}],"label":"not found in this scope","suggested_replacement":null,"suggestion_applicability":null,"expansion":null}],"children":[],"rendered":"\u001b[1m\u001b[91merror[E0425]\u001b[0m\u001b[1m: cannot find value `B9` in this scope\u001b[0m\n   \u001b[1m\u001b[94m--> \u001b[0mcrates/biology/src/nutrition.rs:238:35\n    \u001b[1m\u001b[94m|\u001b[0m\n\u001b[1m\u001b[94m238\u001b[0m \u001b[1m\u001b[94m|\u001b[0m             Micronutrient::Folate(B9),\n    \u001b[1m\u001b[94m|\u001b[0m                                   \u001b[1m\u001b[91m^^\u001b[0m \u001b[1m\u001b[91mnot found in this scope\u001b[0m\n\n"}
{"$message_type":"diagnostic","message":"cannot find type `BTreeMap` in this scope","code":{"code":"E0412","explanation":"A used type name is not in scope.\n\nErroneous code examples:\n\n```compile_fail,E0412\nimpl Something {} // error: type name `Something` is not in scope\n\n// or:\n\ntrait Foo {\n    fn bar(N); // error: type name `N` is not in scope\n}\n\n// or:\n\nfn foo(x: T) {} // type name `T` is not in scope\n```\n\nTo fix this error, please verify you didn't misspell the type name, you did\ndeclare it or imported it into the scope. Examples:\n\n```\nstruct Something;\n\nimpl Something {} // ok!\n\n// or:\n\ntrait Foo {\n    type N;\n\n    fn bar(_: Self::N); // ok!\n}\n\n// or:\n\nfn foo<T>(x: T) {} // ok!\n```\n\nAnother case that causes this error is when a type is imported into a parent\nmodule. To fix this, you can follow the suggestion and use File directly or\n`use super::File;` which will import the types from the parent namespace. An\nexample that causes this error is below:\n\n```compile_fail,E0412\nuse std::fs::File;\n\nmod foo {\n    fn some_function(f: File) {}\n}\n```\n\n```\nuse std::fs::File;\n\nmod foo {\n    // either\n    use super::File;\n    // or\n    // use std::fs::File;\n    fn foo(f: File) {}\n}\n# fn main() {} // don't insert it for us; that'll break imports\n```\n"},"level":"error","spans":[{"file_name":"crates/biology/src/hydration.rs","byte_start":4542,"byte_end":4550,"line_start":142,"line_end":142,"column_start":19,"column_end":27,"is_primary":true,"text":[{"text":"    waste_levels: BTreeMap<WasteType, f64>,","highlight_start":19,"highlight_end":27}],"label":"not found in this scope","suggested_replacement":null,"suggestion_applicability":null,"expansion":null}],"children":[{"message":"consider importing this struct","code":null,"level":"help","spans":[{"file_name":"crates/biology/src/hydration.rs","byte_start":729,"byte_end":729,"line_start":20,"line_end":20,"column_start":1,"column_end":1,"is_primary":true,"text":[{"text":"use serde::{Deserialize, Serialize};","highlight_start":1,"highlight_end":1}],"label":null,"suggested_replacement":"use std::collections::BTreeMap;\n","suggestion_applicability":"MaybeIncorrect","expansion":null}],"children":[],"rendered":null}],"rendered":"\u001b[1m\u001b[91merror[E0412]\u001b[0m\u001b[1m: cannot find type `BTreeMap` in this scope\u001b[0m\n   \u001b[1m\u001b[94m--> \u001b[0mcrates/biology/src/hydration.rs:142:19\n    \u001b[1m\u001b[94m|\u001b[0m\n\u001b[1m\u001b[94m142\u001b[0m \u001b[1m\u001b[94m|\u001b[0m     waste_levels: BTreeMap<WasteType, f64>,\n    \u001b[1m\u001b[94m|\u001b[0m                   \u001b[1m\u001b[91m^^^^^^^^\u001b[0m \u001b[1m\u001b[91mnot found in this scope\u001b[0m\n    \u001b[1m\u001b[94m|\u001b[0m\n\u001b[1m\u001b[96mhelp\u001b[0m: consider importing this struct\n    \u001b[1m\u001b[94m|\u001b[0m\n \u001b[1m\u001b[94m20\u001b[0m \u001b[92m+ use std::collections::BTreeMap;\u001b[0m\n    \u001b[1m\u001b[94m|\u001b[0m\n\n"}
{"$message_type":"diagnostic","message":"failed to resolve: use of undeclared type `BTreeMap`","code":{"code":"E0433","explanation":"An undeclared crate, module, or type was used.\n\nErroneous code example:\n\n```compile_fail,E0433\nlet map = HashMap::new();\n// error: failed to resolve: use of undeclared type `HashMap`\n```\n\nPlease verify you didn't misspell the type/module's name or that you didn't\nforget to import it:\n\n```\nuse std::collections::HashMap; // HashMap has been imported.\nlet map: HashMap<u32, u32> = HashMap::new(); // So it can be used!\n```\n\nIf you've expected to use a crate name:\n\n```compile_fail\nuse ferris_wheel::BigO;\n// error: failed to resolve: use of undeclared module or unlinked crate\n```\n\nMake sure the crate has been added as a dependency in `Cargo.toml`.\n\nTo use a module from your current crate, add the `crate::` prefix to the path.\n"},"level":"error","spans":[{"file_name":"crates/biology/src/hydration.rs","byte_start":5025,"byte_end":5033,"line_start":156,"line_end":156,"column_start":32,"column_end":40,"is_primary":true,"text":[{"text":"        let mut waste_levels = BTreeMap::new();","highlight_start":32,"highlight_end":40}],"label":"use of undeclared type `BTreeMap`","suggested_replacement":null,"suggestion_applicability":null,"expansion":null}],"children":[{"message":"consider importing this struct","code":null,"level":"help","spans":[{"file_name":"crates/biology/src/hydration.rs","byte_start":729,"byte_end":729,"line_start":20,"line_end":20,"column_start":1,"column_end":1,"is_primary":true,"text":[{"text":"use serde::{Deserialize, Serialize};","highlight_start":1,"highlight_end":1}],"label":null,"suggested_replacement":"use std::collections::BTreeMap;\n","suggestion_applicability":"MaybeIncorrect","expansion":null}],"children":[],"rendered":null}],"rendered":"\u001b[1m\u001b[91merror[E0433]\u001b[0m\u001b[1m: failed to resolve: use of undeclared type `BTreeMap`\u001b[0m\n   \u001b[1m\u001b[94m--> \u001b[0mcrates/biology/src/hydration.rs:156:32\n    \u001b[1m\u001b[94m|\u001b[0m\n\u001b[1m\u001b[94m156\u001b[0m \u001b[1m\u001b[94m|\u001b[0m         let mut waste_levels = BTreeMap::new();\n    \u001b[1m\u001b[94m|\u001b[0m                                \u001b[1m\u001b[91m^^^^^^^^\u001b[0m \u001b[1m\u001b[91muse of undeclared type `BTreeMap`\u001b[0m\n    \u001b[1m\u001b[94m|\u001b[0m\n\u001b[1m\u001b[96mhelp\u001b[0m: consider importing this struct\n    \u001b[1m\u001b[94m|\u001b[0m\n \u001b[1m\u001b[94m20\u001b[0m \u001b[92m+ use std::collections::BTreeMap;\u001b[0m\n    \u001b[1m\u001b[94m|\u001b[0m\n\n"}
{"$message_type":"diagnostic","message":"unused import: `std::collections::BTreeMap`","code":{"code":"unused_imports","explanation":null},"level":"warning","spans":[{"file_name":"crates/biology/src/reproductive.rs","byte_start":790,"byte_end":816,"line_start":21,"line_end":21,"column_start":5,"column_end":31,"is_primary":true,"text":[{"text":"use std::collections::BTreeMap;","highlight_start":5,"highlight_end":31}],"label":null,"suggested_replacement":null,"suggestion_applicability":null,"expansion":null}],"children":[{"message":"`#[warn(unused_imports)]` (part of `#[warn(unused)]`) on by default","code":null,"level":"note","spans":[],"children":[],"rendered":null},{"message":"remove the whole `use` item","code":null,"level":"help","spans":[{"file_name":"crates/biology/src/reproductive.rs","byte_start":786,"byte_end":818,"line_start":21,"line_end":22,"column_start":1,"column_end":1,"is_primary":true,"text":[{"text":"use std::collections::BTreeMap;","highlight_start":1,"highlight_end":32},{"text":"use tracing::{debug, trace};","highlight_start":1,"highlight_end":1}],"label":null,"suggested_replacement":"","suggestion_applicability":"MachineApplicable","expansion":null}],"children":[],"rendered":null}],"rendered":"\u001b[1m\u001b[33mwarning\u001b[0m\u001b[1m: unused import: `std::collections::BTreeMap`\u001b[0m\n  \u001b[1m\u001b[94m--> \u001b[0mcrates/biology/src/reproductive.rs:21:5\n   \u001b[1m\u001b[94m|\u001b[0m\n\u001b[1m\u001b[94m21\u001b[0m \u001b[1m\u001b[94m|\u001b[0m use std::collections::BTreeMap;\n   \u001b[1m\u001b[94m|\u001b[0m     \u001b[1m\u001b[33m^^^^^^^^^^^^^^^^^^^^^^^^^^\u001b[0m\n   \u001b[1m\u001b[94m|\u001b[0m\n   \u001b[1m\u001b[94m= \u001b[0m\u001b[1mnote\u001b[0m: `#[warn(unused_imports)]` (part of `#[warn(unused)]`) on by default\n\n"}
{"$message_type":"diagnostic","message":"unused import: `CognitiveModulators as EndocrineModulators`","code":{"code":"unused_imports","explanation":null},"level":"warning","spans":[{"file_name":"crates/biology/src/state.rs","byte_start":850,"byte_end":892,"line_start":25,"line_end":25,"column_start":34,"column_end":76,"is_primary":true,"text":[{"text":"    endocrine::{EndocrineSystem, CognitiveModulators as EndocrineModulators},","highlight_start":34,"highlight_end":76}],"label":null,"suggested_replacement":null,"suggestion_applicability":null,"expansion":null}],"children":[{"message":"remove the unused import","code":null,"level":"help","spans":[{"file_name":"crates/biology/src/state.rs","byte_start":848,"byte_end":892,"line_start":25,"line_end":25,"column_start":32,"column_end":76,"is_primary":true,"text":[{"text":"    endocrine::{EndocrineSystem, CognitiveModulators as EndocrineModulators},","highlight_start":32,"highlight_end":76}],"label":null,"suggested_replacement":"","suggestion_applicability":"MachineApplicable","expansion":null},{"file_name":"crates/biology/src/state.rs","byte_start":832,"byte_end":833,"line_start":25,"line_end":25,"column_start":16,"column_end":17,"is_primary":true,"text":[{"text":"    endocrine::{EndocrineSystem, CognitiveModulators as EndocrineModulators},","highlight_start":16,"highlight_end":17}],"label":null,"suggested_replacement":"","suggestion_applicability":"MachineApplicable","expansion":null},{"file_name":"crates/biology/src/state.rs","byte_start":892,"byte_end":893,"line_start":25,"line_end":25,"column_start":76,"column_end":77,"is_primary":true,"text":[{"text":"    endocrine::{EndocrineSystem, CognitiveModulators as EndocrineModulators},","highlight_start":76,"highlight_end":77}],"label":null,"suggested_replacement":"","suggestion_applicability":"MachineApplicable","expansion":null}],"children":[],"rendered":null}],"rendered":"\u001b[1m\u001b[33mwarning\u001b[0m\u001b[1m: unused import: `CognitiveModulators as EndocrineModulators`\u001b[0m\n  \u001b[1m\u001b[94m--> \u001b[0mcrates/biology/src/state.rs:25:34\n   \u001b[1m\u001b[94m|\u001b[0m\n\u001b[1m\u001b[94m25\u001b[0m \u001b[1m\u001b[94m|\u001b[0m     endocrine::{EndocrineSystem, CognitiveModulators as EndocrineModulators},\n   \u001b[1m\u001b[94m|\u001b[0m                                  \u001b[1m\u001b[33m^^^^^^^^^^^^^^^^^^^^^^^^^^^^^^^^^^^^^^^^^^\u001b[0m\n\n"}
{"$message_type":"diagnostic","message":"unused import: `super::fatigue::ActivityFactors`","code":{"code":"unused_imports","explanation":null},"level":"warning","spans":[{"file_name":"crates/biology/src/state.rs","byte_start":21840,"byte_end":21871,"line_start":527,"line_end":527,"column_start":9,"column_end":40,"is_primary":true,"text":[{"text":"pub use super::fatigue::ActivityFactors;","highlight_start":9,"highlight_end":40}],"label":null,"suggested_replacement":null,"suggestion_applicability":null,"expansion":null}],"children":[{"message":"remove the whole `use` item","code":null,"level":"help","spans":[{"file_name":"crates/biology/src/state.rs","byte_start":21729,"byte_end":21873,"line_start":525,"line_end":528,"column_start":1,"column_end":1,"is_primary":true,"text":[{"text":"/// Activity factors for biological system updates","highlight_start":1,"highlight_end":51},{"text":"/// Re-exported from fatigue module for convenience","highlight_start":1,"highlight_end":52},{"text":"pub use super::fatigue::ActivityFactors;","highlight_start":1,"highlight_end":41},{"text":"","highlight_start":1,"highlight_end":1}],"label":null,"suggested_replacement":"","suggestion_applicability":"MachineApplicable","expansion":null}],"children":[],"rendered":null}],"rendered":"\u001b[1m\u001b[33mwarning\u001b[0m\u001b[1m: unused import: `super::fatigue::ActivityFactors`\u001b[0m\n   \u001b[1m\u001b[94m--> \u001b[0mcrates/biology/src/state.rs:527:9\n    \u001b[1m\u001b[94m|\u001b[0m\n\u001b[1m\u001b[94m527\u001b[0m \u001b[1m\u001b[94m|\u001b[0m pub use super::fatigue::ActivityFactors;\n    \u001b[1m\u001b[94m|\u001b[0m         \u001b[1m\u001b[33m^^^^^^^^^^^^^^^^^^^^^^^^^^^^^^^\u001b[0m\n\n"}
{"$message_type":"diagnostic","message":"unused import: `super::injury::HealingFactors`","code":{"code":"unused_imports","explanation":null},"level":"warning","spans":[{"file_name":"crates/biology/src/state.rs","byte_start":21979,"byte_end":22008,"line_start":531,"line_end":531,"column_start":9,"column_end":38,"is_primary":true,"text":[{"text":"pub use super::injury::HealingFactors;","highlight_start":9,"highlight_end":38}],"label":null,"suggested_replacement":null,"suggestion_applicability":null,"expansion":null}],"children":[{"message":"remove the whole `use` item","code":null,"level":"help","spans":[{"file_name":"crates/biology/src/state.rs","byte_start":21874,"byte_end":22010,"line_start":529,"line_end":532,"column_start":1,"column_end":1,"is_primary":true,"text":[{"text":"/// Healing factors for injury system updates","highlight_start":1,"highlight_end":46},{"text":"/// Re-exported from injury module for convenience","highlight_start":1,"highlight_end":51},{"text":"pub use super::injury::HealingFactors;","highlight_start":1,"highlight_end":39},{"text":"","highlight_start":1,"highlight_end":1}],"label":null,"suggested_replacement":"","suggestion_applicability":"MachineApplicable","expansion":null}],"children":[],"rendered":null}],"rendered":"\u001b[1m\u001b[33mwarning\u001b[0m\u001b[1m: unused import: `super::injury::HealingFactors`\u001b[0m\n   \u001b[1m\u001b[94m--> \u001b[0mcrates/biology/src/state.rs:531:9\n    \u001b[1m\u001b[94m|\u001b[0m\n\u001b[1m\u001b[94m531\u001b[0m \u001b[1m\u001b[94m|\u001b[0m pub use super::injury::HealingFactors;\n    \u001b[1m\u001b[94m|\u001b[0m         \u001b[1m\u001b[33m^^^^^^^^^^^^^^^^^^^^^^^^^^^^^\u001b[0m\n\n"}
{"$message_type":"diagnostic","message":"type annotations needed","code":{"code":"E0282","explanation":"The compiler could not infer a type and asked for a type annotation.\n\nErroneous code example:\n\n```compile_fail,E0282\nlet x = Vec::new();\n```\n\nThis error indicates that type inference did not result in one unique possible\ntype, and extra information is required. In most cases this can be provided\nby adding a type annotation. Sometimes you need to specify a generic type\nparameter manually.\n\nIn the example above, type `Vec` has a type parameter `T`. When calling\n`Vec::new`, barring any other later usage of the variable `x` that allows the\ncompiler to infer what type `T` is, the compiler needs to be told what it is.\n\nThe type can be specified on the variable:\n\n```\nlet x: Vec<i32> = Vec::new();\n```\n\nThe type can also be specified in the path of the expression:\n\n```\nlet x = Vec::<i32>::new();\n```\n\nIn cases with more complex types, it is not necessary to annotate the full\ntype. Once the ambiguity is resolved, the compiler can infer the rest:\n\n```\nlet x: Vec<_> = \"hello\".chars().rev().collect();\n```\n\nAnother way to provide the compiler with enough information, is to specify the\ngeneric type parameter:\n\n```\nlet x = \"hello\".chars().rev().collect::<Vec<char>>();\n```\n\nAgain, you need not specify the full type if the compiler can infer it:\n\n```\nlet x = \"hello\".chars().rev().collect::<Vec<_>>();\n```\n\nApart from a method or function with a generic type parameter, this error can\noccur when a type parameter of a struct or trait cannot be inferred. In that\ncase it is not always possible to use a type annotation, because all candidates\nhave the same return type. For instance:\n\n```compile_fail,E0282\nstruct Foo<T> {\n    num: T,\n}\n\nimpl<T> Foo<T> {\n    fn bar() -> i32 {\n        0\n    }\n\n    fn baz() {\n        let number = Foo::bar();\n    }\n}\n```\n\nThis will fail because the compiler does not know which instance of `Foo` to\ncall `bar` on. Change `Foo::bar()` to `Foo::<T>::bar()` to resolve the error.\n"},"level":"error","spans":[{"file_name":"crates/biology/src/hydration.rs","byte_start":7788,"byte_end":7798,"line_start":231,"line_end":231,"column_start":35,"column_end":45,"is_primary":true,"text":[{"text":"            let production_rate = waste_type.base_production_rate() as f64 * self.activity_modifier;","highlight_start":35,"highlight_end":45}],"label":"cannot infer type","suggested_replacement":null,"suggestion_applicability":null,"expansion":null}],"children":[],"rendered":"\u001b[1m\u001b[91merror[E0282]\u001b[0m\u001b[1m: type annotations needed\u001b[0m\n   \u001b[1m\u001b[94m--> \u001b[0mcrates/biology/src/hydration.rs:231:35\n    \u001b[1m\u001b[94m|\u001b[0m\n\u001b[1m\u001b[94m231\u001b[0m \u001b[1m\u001b[94m|\u001b[0m             let production_rate = waste_type.base_production_rate() as f64 * self.activity_modifier;\n    \u001b[1m\u001b[94m|\u001b[0m                                   \u001b[1m\u001b[91m^^^^^^^^^^\u001b[0m \u001b[1m\u001b[91mcannot infer type\u001b[0m\n\n"}
{"$message_type":"diagnostic","message":"type annotations needed","code":{"code":"E0282","explanation":"The compiler could not infer a type and asked for a type annotation.\n\nErroneous code example:\n\n```compile_fail,E0282\nlet x = Vec::new();\n```\n\nThis error indicates that type inference did not result in one unique possible\ntype, and extra information is required. In most cases this can be provided\nby adding a type annotation. Sometimes you need to specify a generic type\nparameter manually.\n\nIn the example above, type `Vec` has a type parameter `T`. When calling\n`Vec::new`, barring any other later usage of the variable `x` that allows the\ncompiler to infer what type `T` is, the compiler needs to be told what it is.\n\nThe type can be specified on the variable:\n\n```\nlet x: Vec<i32> = Vec::new();\n```\n\nThe type can also be specified in the path of the expression:\n\n```\nlet x = Vec::<i32>::new();\n```\n\nIn cases with more complex types, it is not necessary to annotate the full\ntype. Once the ambiguity is resolved, the compiler can infer the rest:\n\n```\nlet x: Vec<_> = \"hello\".chars().rev().collect();\n```\n\nAnother way to provide the compiler with enough information, is to specify the\ngeneric type parameter:\n\n```\nlet x = \"hello\".chars().rev().collect::<Vec<char>>();\n```\n\nAgain, you need not specify the full type if the compiler can infer it:\n\n```\nlet x = \"hello\".chars().rev().collect::<Vec<_>>();\n```\n\nApart from a method or function with a generic type parameter, this error can\noccur when a type parameter of a struct or trait cannot be inferred. In that\ncase it is not always possible to use a type annotation, because all candidates\nhave the same return type. For instance:\n\n```compile_fail,E0282\nstruct Foo<T> {\n    num: T,\n}\n\nimpl<T> Foo<T> {\n    fn bar() -> i32 {\n        0\n    }\n\n    fn baz() {\n        let number = Foo::bar();\n    }\n}\n```\n\nThis will fail because the compiler does not know which instance of `Foo` to\ncall `bar` on. Change `Foo::bar()` to `Foo::<T>::bar()` to resolve the error.\n"},"level":"error","spans":[{"file_name":"crates/biology/src/hydration.rs","byte_start":10389,"byte_end":10399,"line_start":292,"line_end":292,"column_start":34,"column_end":44,"is_primary":true,"text":[{"text":"            if (*level as f64) > waste_type.max_capacity() as f64 * 0.9 {","highlight_start":34,"highlight_end":44}],"label":"cannot infer type","suggested_replacement":null,"suggestion_applicability":null,"expansion":null}],"children":[],"rendered":"\u001b[1m\u001b[91merror[E0282]\u001b[0m\u001b[1m: type annotations needed\u001b[0m\n   \u001b[1m\u001b[94m--> \u001b[0mcrates/biology/src/hydration.rs:292:34\n    \u001b[1m\u001b[94m|\u001b[0m\n\u001b[1m\u001b[94m292\u001b[0m \u001b[1m\u001b[94m|\u001b[0m             if (*level as f64) > waste_type.max_capacity() as f64 * 0.9 {\n    \u001b[1m\u001b[94m|\u001b[0m                                  \u001b[1m\u001b[91m^^^^^^^^^^\u001b[0m \u001b[1m\u001b[91mcannot infer type\u001b[0m\n\n"}
{"$message_type":"diagnostic","message":"type annotations needed","code":{"code":"E0282","explanation":"The compiler could not infer a type and asked for a type annotation.\n\nErroneous code example:\n\n```compile_fail,E0282\nlet x = Vec::new();\n```\n\nThis error indicates that type inference did not result in one unique possible\ntype, and extra information is required. In most cases this can be provided\nby adding a type annotation. Sometimes you need to specify a generic type\nparameter manually.\n\nIn the example above, type `Vec` has a type parameter `T`. When calling\n`Vec::new`, barring any other later usage of the variable `x` that allows the\ncompiler to infer what type `T` is, the compiler needs to be told what it is.\n\nThe type can be specified on the variable:\n\n```\nlet x: Vec<i32> = Vec::new();\n```\n\nThe type can also be specified in the path of the expression:\n\n```\nlet x = Vec::<i32>::new();\n```\n\nIn cases with more complex types, it is not necessary to annotate the full\ntype. Once the ambiguity is resolved, the compiler can infer the rest:\n\n```\nlet x: Vec<_> = \"hello\".chars().rev().collect();\n```\n\nAnother way to provide the compiler with enough information, is to specify the\ngeneric type parameter:\n\n```\nlet x = \"hello\".chars().rev().collect::<Vec<char>>();\n```\n\nAgain, you need not specify the full type if the compiler can infer it:\n\n```\nlet x = \"hello\".chars().rev().collect::<Vec<_>>();\n```\n\nApart from a method or function with a generic type parameter, this error can\noccur when a type parameter of a struct or trait cannot be inferred. In that\ncase it is not always possible to use a type annotation, because all candidates\nhave the same return type. For instance:\n\n```compile_fail,E0282\nstruct Foo<T> {\n    num: T,\n}\n\nimpl<T> Foo<T> {\n    fn bar() -> i32 {\n        0\n    }\n\n    fn baz() {\n        let number = Foo::bar();\n    }\n}\n```\n\nThis will fail because the compiler does not know which instance of `Foo` to\ncall `bar` on. Change `Foo::bar()` to `Foo::<T>::bar()` to resolve the error.\n"},"level":"error","spans":[{"file_name":"crates/biology/src/hydration.rs","byte_start":11393,"byte_end":11403,"line_start":318,"line_end":318,"column_start":41,"column_end":51,"is_primary":true,"text":[{"text":"            let urgency: f64 = *level / waste_type.max_capacity();","highlight_start":41,"highlight_end":51}],"label":"cannot infer type","suggested_replacement":null,"suggestion_applicability":null,"expansion":null}],"children":[],"rendered":"\u001b[1m\u001b[91merror[E0282]\u001b[0m\u001b[1m: type annotations needed\u001b[0m\n   \u001b[1m\u001b[94m--> \u001b[0mcrates/biology/src/hydration.rs:318:41\n    \u001b[1m\u001b[94m|\u001b[0m\n\u001b[1m\u001b[94m318\u001b[0m \u001b[1m\u001b[94m|\u001b[0m             let urgency: f64 = *level / waste_type.max_capacity();\n    \u001b[1m\u001b[94m|\u001b[0m                                         \u001b[1m\u001b[91m^^^^^^^^^^\u001b[0m \u001b[1m\u001b[91mcannot infer type\u001b[0m\n\n"}
{"$message_type":"diagnostic","message":"can't call method `max` on ambiguous numeric type `{float}`","code":{"code":"E0689","explanation":"A method was called on an ambiguous numeric type.\n\nErroneous code example:\n\n```compile_fail,E0689\n2.0.neg(); // error!\n```\n\nThis error indicates that the numeric value for the method being passed exists\nbut the type of the numeric value or binding could not be identified.\n\nThe error happens on numeric literals and on numeric bindings without an\nidentified concrete type:\n\n```compile_fail,E0689\nlet x = 2.0;\nx.neg();  // same error as above\n```\n\nBecause of this, you must give the numeric literal or binding a type:\n\n```\nuse std::ops::Neg;\n\nlet _ = 2.0_f32.neg(); // ok!\nlet x: f32 = 2.0;\nlet _ = x.neg(); // ok!\nlet _ = (2.0 as f32).neg(); // ok!\n```\n"},"level":"error","spans":[{"file_name":"crates/biology/src/hydration.rs","byte_start":11458,"byte_end":11461,"line_start":319,"line_end":319,"column_start":39,"column_end":42,"is_primary":true,"text":[{"text":"            max_urgency = max_urgency.max(urgency);","highlight_start":39,"highlight_end":42}],"label":null,"suggested_replacement":null,"suggestion_applicability":null,"expansion":null}],"children":[{"message":"you must specify a type for this binding, like `f32`","code":null,"level":"help","spans":[{"file_name":"crates/biology/src/hydration.rs","byte_start":11280,"byte_end":11280,"line_start":315,"line_end":315,"column_start":28,"column_end":28,"is_primary":true,"text":[{"text":"        let mut max_urgency = 0.0;","highlight_start":28,"highlight_end":28}],"label":null,"suggested_replacement":": f32","suggestion_applicability":"MaybeIncorrect","expansion":null}],"children":[],"rendered":null}],"rendered":"\u001b[1m\u001b[91merror[E0689]\u001b[0m\u001b[1m: can't call method `max` on ambiguous numeric type `{float}`\u001b[0m\n   \u001b[1m\u001b[94m--> \u001b[0mcrates/biology/src/hydration.rs:319:39\n    \u001b[1m\u001b[94m|\u001b[0m\n\u001b[1m\u001b[94m319\u001b[0m \u001b[1m\u001b[94m|\u001b[0m             max_urgency = max_urgency.max(urgency);\n    \u001b[1m\u001b[94m|\u001b[0m                                       \u001b[1m\u001b[91m^^^\u001b[0m\n    \u001b[1m\u001b[94m|\u001b[0m\n\u001b[1m\u001b[96mhelp\u001b[0m: you must specify a type for this binding, like `f32`\n    \u001b[1m\u001b[94m|\u001b[0m\n\u001b[1m\u001b[94m315\u001b[0m \u001b[1m\u001b[94m| \u001b[0m        let mut max_urgency\u001b[92m: f32\u001b[0m = 0.0;\n    \u001b[1m\u001b[94m|\u001b[0m                            \u001b[92m+++++\u001b[0m\n\n"}
{"$message_type":"diagnostic","message":"no field `hydration_level` on type `HydrationModulators`","code":{"code":"E0609","explanation":"Attempted to access a nonexistent field in a struct.\n\nErroneous code example:\n\n```compile_fail,E0609\nstruct StructWithFields {\n    x: u32,\n}\n\nlet s = StructWithFields { x: 0 };\nprintln!(\"{}\", s.foo); // error: no field `foo` on type `StructWithFields`\n```\n\nTo fix this error, check that you didn't misspell the field's name or that the\nfield actually exists. Example:\n\n```\nstruct StructWithFields {\n    x: u32,\n}\n\nlet s = StructWithFields { x: 0 };\nprintln!(\"{}\", s.x); // ok!\n```\n"},"level":"error","spans":[{"file_name":"crates/biology/src/state.rs","byte_start":5907,"byte_end":5922,"line_start":146,"line_end":146,"column_start":74,"column_end":89,"is_primary":true,"text":[{"text":"        let hydration_health = self.hydration.get_cognitive_modulators().hydration_level;","highlight_start":74,"highlight_end":89}],"label":"unknown field","suggested_replacement":null,"suggestion_applicability":null,"expansion":null}],"children":[{"message":"available fields are: `thirst_drive`, `cognitive_performance`, `physical_performance`, `waste_urgency`","code":null,"level":"note","spans":[],"children":[],"rendered":null}],"rendered":"\u001b[1m\u001b[91merror[E0609]\u001b[0m\u001b[1m: no field `hydration_level` on type `HydrationModulators`\u001b[0m\n   \u001b[1m\u001b[94m--> \u001b[0mcrates/biology/src/state.rs:146:74\n    \u001b[1m\u001b[94m|\u001b[0m\n\u001b[1m\u001b[94m146\u001b[0m \u001b[1m\u001b[94m|\u001b[0m         let hydration_health = self.hydration.get_cognitive_modulators().hydration_level;\n    \u001b[1m\u001b[94m|\u001b[0m                                                                          \u001b[1m\u001b[91m^^^^^^^^^^^^^^^\u001b[0m \u001b[1m\u001b[91munknown field\u001b[0m\n    \u001b[1m\u001b[94m|\u001b[0m\n    \u001b[1m\u001b[94m= \u001b[0m\u001b[1mnote\u001b[0m: available fields are: `thirst_drive`, `cognitive_performance`, `physical_performance`, `waste_urgency`\n\n"}
{"$message_type":"diagnostic","message":"aborting due to 28 previous errors; 4 warnings emitted","code":null,"level":"error","spans":[],"children":[],"rendered":"\u001b[1m\u001b[91merror\u001b[0m\u001b[1m: aborting due to 28 previous errors; 4 warnings emitted\u001b[0m\n\n"}
{"$message_type":"diagnostic","message":"Some errors have detailed explanations: E0252, E0282, E0412, E0425, E0432, E0433, E0609, E0689.","code":null,"level":"failure-note","spans":[],"children":[],"rendered":"\u001b[1mSome errors have detailed explanations: E0252, E0282, E0412, E0425, E0432, E0433, E0609, E0689.\u001b[0m\n"}
{"$message_type":"diagnostic","message":"For more information about an error, try `rustc --explain E0252`.","code":null,"level":"failure-note","spans":[],"children":[],"rendered":"\u001b[1mFor more information about an error, try `rustc --explain E0252`.\u001b[0m\n"}
